Copyright 1986-2015 Xilinx, Inc. All Rights Reserved.
---------------------------------------------------------------------------------------------------
| Tool Version      : Vivado v.2015.4 (win64) Build 1412921 Wed Nov 18 09:43:45 MST 2015
| Date              : Wed Feb 21 17:03:34 2018
| Host              : ENG30725 running 64-bit major release  (build 9200)
| Command           : report_clock_utilization -file design_1_wrapper_clock_utilization_routed.rpt
| Design            : design_1_wrapper
| Device            : 7a35t-cpg236
| Speed File        : -1  PRODUCTION 1.14 2014-09-11
| Temperature Grade : C
---------------------------------------------------------------------------------------------------

Clock Utilization Report

Table of Contents
-----------------
1. Clock Primitive Utilization
2. Details of Global Clocks
3. Details of Regional Clocks
4. Details of Multi-Regional Clocks
5. Details of I/O Clocks
6. Details of Local Clocks
7. Clock Regions : Key Resource Utilization
8. Net wise resources used in clock region X0Y0
9. Net wise resources used in clock region X1Y0
10. Net wise resources used in clock region X1Y1

1. Clock Primitive Utilization
------------------------------

+-------+------+-----------+-----------+
| Type  | Used | Available | Num Fixed |
+-------+------+-----------+-----------+
| BUFG  |    3 |        32 |         0 |
| BUFH  |    0 |        72 |         0 |
| BUFIO |    0 |        20 |         0 |
| MMCM  |    1 |         5 |         0 |
| PLL   |    0 |         5 |         0 |
| BUFR  |    0 |        20 |         0 |
| BUFMR |    0 |        10 |         0 |
+-------+------+-----------+-----------+


2. Details of Global Clocks
---------------------------

+-------+-------------------------------------------------+-------------------------------------------------------------+--------------+-------+
|       |                                                 |                                                             |   Num Loads  |       |
+-------+-------------------------------------------------+-------------------------------------------------------------+------+-------+-------+
| Index | BUFG Cell                                       | Net Name                                                    | BELs | Sites | Fixed |
+-------+-------------------------------------------------+-------------------------------------------------------------+------+-------+-------+
|     1 | design_1_i/clk_wiz_1/inst/clkf_buf              | design_1_i/clk_wiz_1/inst/clkfbout_buf_design_1_clk_wiz_1_0 |    1 |     1 |    no |
|     2 | design_1_i/mdm_1/U0/No_Dbg_Reg_Access.BUFG_DRCK | design_1_i/mdm_1/U0/DRCK                                    |  236 |    74 |    no |
|     3 | design_1_i/clk_wiz_1/inst/clkout1_buf           | design_1_i/clk_wiz_1/inst/clk_out1                          | 1902 |   653 |    no |
+-------+-------------------------------------------------+-------------------------------------------------------------+------+-------+-------+


+-------+-----------------------------------------+---------------------------------------------------------+--------------+-------+
|       |                                         |                                                         |   Num Loads  |       |
+-------+-----------------------------------------+---------------------------------------------------------+------+-------+-------+
| Index | MMCM Cell                               | Net Name                                                | BELs | Sites | Fixed |
+-------+-----------------------------------------+---------------------------------------------------------+------+-------+-------+
|     1 | design_1_i/clk_wiz_1/inst/mmcm_adv_inst | design_1_i/clk_wiz_1/inst/clk_out1_design_1_clk_wiz_1_0 |    1 |     1 |    no |
|     2 | design_1_i/clk_wiz_1/inst/mmcm_adv_inst | design_1_i/clk_wiz_1/inst/clkfbout_design_1_clk_wiz_1_0 |    1 |     1 |    no |
+-------+-----------------------------------------+---------------------------------------------------------+------+-------+-------+


3. Details of Regional Clocks
-----------------------------

4. Details of Multi-Regional Clocks
-----------------------------------

5. Details of I/O Clocks
------------------------

6. Details of Local Clocks
--------------------------

+-------+-------------------------------------------------------------------------------------------------------------------------+--------------------------------------------------------------------------------------------------------------------+--------------+-------+
|       |                                                                                                                         |                                                                                                                    |   Num Loads  |       |
+-------+-------------------------------------------------------------------------------------------------------------------------+--------------------------------------------------------------------------------------------------------------------+------+-------+-------+
| Index | Local Clk Src                                                                                                           | Net Name                                                                                                           | BELs | Sites | Fixed |
+-------+-------------------------------------------------------------------------------------------------------------------------+--------------------------------------------------------------------------------------------------------------------+------+-------+-------+
|     1 | design_1_i/clk_wiz_1/inst/clkin1_ibufg                                                                                  | design_1_i/clk_wiz_1/inst/clk_in1_design_1_clk_wiz_1_0                                                             |    1 |     1 |   yes |
|     2 | design_1_i/AXI_SevenSegmentDriver_0/inst/AXI_SevenSegmentDriver_v1_0_S00_AXI_inst/SevenSegInst/inst/Mux/anode[0]_INST_0 | design_1_i/AXI_SevenSegmentDriver_0/inst/AXI_SevenSegmentDriver_v1_0_S00_AXI_inst/SevenSegInst/inst/Mux/anode[0]   |    2 |     2 |    no |
|     3 | design_1_i/AXI_SevenSegmentDriver_0/inst/AXI_SevenSegmentDriver_v1_0_S00_AXI_inst/SevenSegInst/inst/clkInst/refClk_reg  | design_1_i/AXI_SevenSegmentDriver_0/inst/AXI_SevenSegmentDriver_v1_0_S00_AXI_inst/SevenSegInst/inst/clkInst/refClk |    3 |     2 |    no |
|     4 | design_1_i/mdm_1/U0/Use_E2.BSCANE2_I                                                                                    | design_1_i/mdm_1/U0/UPDATE                                                                                         |   38 |    16 |    no |
+-------+-------------------------------------------------------------------------------------------------------------------------+--------------------------------------------------------------------------------------------------------------------+------+-------+-------+


7. Clock Regions : Key Resource Utilization
-------------------------------------------

+-------------------+--------------+--------------+--------------+--------------+--------------+--------------+--------------+--------------+--------------+--------------+--------------+--------------+--------------+--------------+--------------+
|                   | Global Clock |     BUFRs    |    BUFMRs    |    BUFIOs    |     MMCM     |      PLL     |      GT      |      PCI     |    ILOGIC    |    OLOGIC    |      FF      |     LUTM     |    RAMB18    |    RAMB36    |    DSP48E1   |
+-------------------+------+-------+------+-------+------+-------+------+-------+------+-------+------+-------+------+-------+------+-------+------+-------+------+-------+------+-------+------+-------+------+-------+------+-------+------+-------+
| Clock Region Name | Used | Avail | Used | Avail | Used | Avail | Used | Avail | Used | Avail | Used | Avail | Used | Avail | Used | Avail | Used | Avail | Used | Avail | Used | Avail | Used | Avail | Used | Avail | Used | Avail | Used | Avail |
+-------------------+------+-------+------+-------+------+-------+------+-------+------+-------+------+-------+------+-------+------+-------+------+-------+------+-------+------+-------+------+-------+------+-------+------+-------+------+-------+
| X0Y0              |    2 |    12 |    0 |     4 |    0 |     2 |    0 |     4 |    0 |     1 |    0 |     1 |    0 |     0 |    0 |     0 |    0 |    50 |    0 |    50 |  380 |  9600 |   22 |  1600 |    0 |    20 |    8 |    10 |    0 |    20 |
| X1Y0              |    3 |    12 |    0 |     4 |    0 |     2 |    0 |     4 |    1 |     1 |    0 |     1 |    0 |     0 |    0 |     0 |    0 |    50 |    0 |    50 | 1516 | 12000 |  229 |  1800 |    0 |    40 |   20 |    20 |    0 |    20 |
| X0Y1              |    0 |    12 |    0 |     4 |    0 |     2 |    0 |     4 |    0 |     1 |    0 |     1 |    0 |     0 |    0 |     0 |    0 |    50 |    0 |    50 |    0 |  9600 |    0 |  1600 |    0 |    20 |    0 |    10 |    0 |    20 |
| X1Y1              |    1 |    12 |    0 |     4 |    0 |     2 |    0 |     4 |    0 |     1 |    0 |     1 |    0 |     0 |    0 |     0 |    0 |    50 |    0 |    50 |    0 | 12000 |    0 |  1800 |    0 |    40 |    4 |    20 |    0 |    20 |
| X0Y2              |    0 |    12 |    0 |     4 |    0 |     2 |    0 |     4 |    0 |     1 |    0 |     1 |    0 |     0 |    0 |     0 |    0 |    50 |    0 |    50 |    0 | 14400 |    0 |  1600 |    0 |    20 |    0 |    10 |    0 |    20 |
| X1Y2              |    0 |    12 |    0 |     0 |    0 |     0 |    0 |     0 |    0 |     0 |    0 |     0 |    0 |     5 |    0 |     1 |    0 |     0 |    0 |     0 |    0 |  7600 |    0 |  1200 |    0 |    10 |    0 |     5 |    0 |    20 |
+-------------------+------+-------+------+-------+------+-------+------+-------+------+-------+------+-------+------+-------+------+-------+------+-------+------+-------+------+-------+------+-------+------+-------+------+-------+------+-------+
* RAMB36 site can be used as two RAMB18/FIFO18 sites.


8. Net wise resources used in clock region X0Y0
-----------------------------------------------

+-------------+-------------+-------+-----------+----------+---------+-----------+---------+---------+-----+-------+----------+------------------------------------+
| Source Type | BUFHCE Site | Fixed | MMCM Pins | PLL Pins | GT Pins | BRAM Pins | ILOGICs | OLOGICs | FFs | LUTMs | DSP48E1s |           Clock Net Name           |
+-------------+-------------+-------+-----------+----------+---------+-----------+---------+---------+-----+-------+----------+------------------------------------+
| BUFG        | BUFHCE_X0Y9 |   no  |         0 |        0 |       0 |         0 |       0 |       0 | 167 |    22 |        0 | design_1_i/mdm_1/U0/DRCK           |
| BUFG        | BUFHCE_X0Y8 |   no  |         0 |        0 |       0 |        16 |       0 |       0 | 175 |     0 |        0 | design_1_i/clk_wiz_1/inst/clk_out1 |
+-------------+-------------+-------+-----------+----------+---------+-----------+---------+---------+-----+-------+----------+------------------------------------+


9. Net wise resources used in clock region X1Y0
-----------------------------------------------

+-------------+-------------+-------+-----------+----------+---------+-----------+---------+---------+------+-------+----------+-------------------------------------------------------------+
| Source Type | BUFHCE Site | Fixed | MMCM Pins | PLL Pins | GT Pins | BRAM Pins | ILOGICs | OLOGICs |  FFs | LUTMs | DSP48E1s |                        Clock Net Name                       |
+-------------+-------------+-------+-----------+----------+---------+-----------+---------+---------+------+-------+----------+-------------------------------------------------------------+
| BUFG        | BUFHCE_X1Y0 |   no  |         1 |        0 |       0 |         0 |       0 |       0 |    0 |     0 |        0 | design_1_i/clk_wiz_1/inst/clkfbout_buf_design_1_clk_wiz_1_0 |
| BUFG        | BUFHCE_X1Y9 |   no  |         0 |        0 |       0 |         0 |       0 |       0 |   40 |     7 |        0 | design_1_i/mdm_1/U0/DRCK                                    |
| BUFG        | BUFHCE_X1Y8 |   no  |         0 |        0 |       0 |        40 |       0 |       0 | 1473 |   222 |        0 | design_1_i/clk_wiz_1/inst/clk_out1                          |
+-------------+-------------+-------+-----------+----------+---------+-----------+---------+---------+------+-------+----------+-------------------------------------------------------------+


10. Net wise resources used in clock region X1Y1
------------------------------------------------

+-------------+--------------+-------+-----------+----------+---------+-----------+---------+---------+-----+-------+----------+------------------------------------+
| Source Type | BUFHCE Site  | Fixed | MMCM Pins | PLL Pins | GT Pins | BRAM Pins | ILOGICs | OLOGICs | FFs | LUTMs | DSP48E1s |           Clock Net Name           |
+-------------+--------------+-------+-----------+----------+---------+-----------+---------+---------+-----+-------+----------+------------------------------------+
| BUFG        | BUFHCE_X1Y20 |   no  |         0 |        0 |       0 |         8 |       0 |       0 |   0 |     0 |        0 | design_1_i/clk_wiz_1/inst/clk_out1 |
+-------------+--------------+-------+-----------+----------+---------+-----------+---------+---------+-----+-------+----------+------------------------------------+



# Location of BUFG Primitives 
set_property LOC BUFGCTRL_X0Y0 [get_cells design_1_i/clk_wiz_1/inst/clkout1_buf]
set_property LOC BUFGCTRL_X0Y2 [get_cells design_1_i/clk_wiz_1/inst/clkf_buf]
set_property LOC BUFGCTRL_X0Y1 [get_cells design_1_i/mdm_1/U0/No_Dbg_Reg_Access.BUFG_DRCK]

# Location of IO Clock Primitives

# Location of MMCM Clock Primitives
set_property LOC MMCME2_ADV_X1Y0 [get_cells design_1_i/clk_wiz_1/inst/mmcm_adv_inst]

# Location of BUFH Clock Primitives

# Location of BUFR Clock Primitives

# Location of BUFMR Clock Primitives

# Location of PLL Clock Primitives

# Location of IO Primitives which is load of clock spine
set_property LOC IOB_X1Y31 [get_cells an_OBUF[0]_inst]

# Location of clock ports
set_property LOC IOB_X1Y26 [get_ports sys_clock]

# Clock net "design_1_i/AXI_SevenSegmentDriver_0/inst/AXI_SevenSegmentDriver_v1_0_S00_AXI_inst/SevenSegInst/inst/Mux/anode[0]" driven by instance "design_1_i/AXI_SevenSegmentDriver_0/inst/AXI_SevenSegmentDriver_v1_0_S00_AXI_inst/SevenSegInst/inst/Mux/anode[0]_INST_0" located at site "SLICE_X64Y17"
#startgroup
create_pblock {CLKAG_design_1_i/AXI_SevenSegmentDriver_0/inst/AXI_SevenSegmentDriver_v1_0_S00_AXI_inst/SevenSegInst/inst/Mux/anode[0]}
add_cells_to_pblock [get_pblocks  {CLKAG_design_1_i/AXI_SevenSegmentDriver_0/inst/AXI_SevenSegmentDriver_v1_0_S00_AXI_inst/SevenSegInst/inst/Mux/anode[0]}] [get_cells -filter { PRIMITIVE_GROUP != I/O && IS_PRIMITIVE==1 && PRIMITIVE_LEVEL !=INTERNAL && NAME!=an_OBUF[0]_inst} -of_object [get_pins -filter {DIRECTION==IN} -of_objects [get_nets -hierarchical -filter {PARENT=="design_1_i/AXI_SevenSegmentDriver_0/inst/AXI_SevenSegmentDriver_v1_0_S00_AXI_inst/SevenSegInst/inst/Mux/anode[0]"}]]]
resize_pblock [get_pblocks {CLKAG_design_1_i/AXI_SevenSegmentDriver_0/inst/AXI_SevenSegmentDriver_v1_0_S00_AXI_inst/SevenSegInst/inst/Mux/anode[0]}] -add {CLOCKREGION_X1Y0:CLOCKREGION_X1Y0}
#endgroup

# Clock net "design_1_i/AXI_SevenSegmentDriver_0/inst/AXI_SevenSegmentDriver_v1_0_S00_AXI_inst/SevenSegInst/inst/clkInst/refClk" driven by instance "design_1_i/AXI_SevenSegmentDriver_0/inst/AXI_SevenSegmentDriver_v1_0_S00_AXI_inst/SevenSegInst/inst/clkInst/refClk_reg" located at site "SLICE_X62Y14"
#startgroup
create_pblock {CLKAG_design_1_i/AXI_SevenSegmentDriver_0/inst/AXI_SevenSegmentDriver_v1_0_S00_AXI_inst/SevenSegInst/inst/clkInst/refClk}
add_cells_to_pblock [get_pblocks  {CLKAG_design_1_i/AXI_SevenSegmentDriver_0/inst/AXI_SevenSegmentDriver_v1_0_S00_AXI_inst/SevenSegInst/inst/clkInst/refClk}] [get_cells -filter { PRIMITIVE_GROUP != I/O && IS_PRIMITIVE==1 && PRIMITIVE_LEVEL !=INTERNAL } -of_object [get_pins -filter {DIRECTION==IN} -of_objects [get_nets -hierarchical -filter {PARENT=="design_1_i/AXI_SevenSegmentDriver_0/inst/AXI_SevenSegmentDriver_v1_0_S00_AXI_inst/SevenSegInst/inst/clkInst/refClk"}]]]
resize_pblock [get_pblocks {CLKAG_design_1_i/AXI_SevenSegmentDriver_0/inst/AXI_SevenSegmentDriver_v1_0_S00_AXI_inst/SevenSegInst/inst/clkInst/refClk}] -add {CLOCKREGION_X1Y0:CLOCKREGION_X1Y0}
#endgroup

# Clock net "design_1_i/clk_wiz_1/inst/clk_out1" driven by instance "design_1_i/clk_wiz_1/inst/clkout1_buf" located at site "BUFGCTRL_X0Y0"
#startgroup
create_pblock {CLKAG_design_1_i/clk_wiz_1/inst/clk_out1}
add_cells_to_pblock [get_pblocks  {CLKAG_design_1_i/clk_wiz_1/inst/clk_out1}] [get_cells -filter { PRIMITIVE_GROUP != I/O && IS_PRIMITIVE==1 && PRIMITIVE_LEVEL !=INTERNAL } -of_object [get_pins -filter {DIRECTION==IN} -of_objects [get_nets -hierarchical -filter {PARENT=="design_1_i/clk_wiz_1/inst/clk_out1"}]]]
resize_pblock [get_pblocks {CLKAG_design_1_i/clk_wiz_1/inst/clk_out1}] -add {CLOCKREGION_X0Y0:CLOCKREGION_X0Y0 CLOCKREGION_X1Y0:CLOCKREGION_X1Y0 CLOCKREGION_X1Y1:CLOCKREGION_X1Y1}
#endgroup

# Clock net "design_1_i/mdm_1/U0/DRCK" driven by instance "design_1_i/mdm_1/U0/No_Dbg_Reg_Access.BUFG_DRCK" located at site "BUFGCTRL_X0Y1"
#startgroup
create_pblock {CLKAG_design_1_i/mdm_1/U0/DRCK}
add_cells_to_pblock [get_pblocks  {CLKAG_design_1_i/mdm_1/U0/DRCK}] [get_cells -filter { PRIMITIVE_GROUP != I/O && IS_PRIMITIVE==1 && PRIMITIVE_LEVEL !=INTERNAL } -of_object [get_pins -filter {DIRECTION==IN} -of_objects [get_nets -hierarchical -filter {PARENT=="design_1_i/mdm_1/U0/DRCK"}]]]
resize_pblock [get_pblocks {CLKAG_design_1_i/mdm_1/U0/DRCK}] -add {CLOCKREGION_X0Y0:CLOCKREGION_X0Y0 CLOCKREGION_X1Y0:CLOCKREGION_X1Y0}
#endgroup

# Clock net "design_1_i/mdm_1/U0/UPDATE" driven by instance "design_1_i/mdm_1/U0/Use_E2.BSCANE2_I" located at site "BSCAN_X0Y1"
#startgroup
create_pblock {CLKAG_design_1_i/mdm_1/U0/UPDATE}
add_cells_to_pblock [get_pblocks  {CLKAG_design_1_i/mdm_1/U0/UPDATE}] [get_cells -filter { PRIMITIVE_GROUP != I/O && IS_PRIMITIVE==1 && PRIMITIVE_LEVEL !=INTERNAL } -of_object [get_pins -filter {DIRECTION==IN} -of_objects [get_nets -hierarchical -filter {PARENT=="design_1_i/mdm_1/U0/UPDATE"}]]]
resize_pblock [get_pblocks {CLKAG_design_1_i/mdm_1/U0/UPDATE}] -add {CLOCKREGION_X0Y0:CLOCKREGION_X0Y0}
#endgroup
