15:16:23 INFO  : Launching XSDB server: xsdb.bat C:/Software/Xilinx/SDK/2015.4/scripts/xsdb/xsdb/xsdb-server.tcl
15:16:25 INFO  : XSDB server has started successfully.
15:16:27 INFO  : Processing command line option -hwspec C:/Users/labuser/Desktop/project_1/project_1.sdk/ublaze_wrapper.hdf.
15:48:30 INFO  : Connected to target on host '127.0.0.1' and port '3121'.
17:05:18 INFO  : Launching XSDB server: xsdb.bat C:/Software/Xilinx/SDK/2015.4/scripts/xsdb/xsdb/xsdb-server.tcl
17:05:20 INFO  : XSDB server has started successfully.
17:05:22 INFO  : Processing command line option -hwspec C:/Users/labuser/Desktop/project_1/project_1.sdk/ublaze_wrapper.hdf.
17:05:22 INFO  : Checking for hwspec changes in the project ublaze_wrapper_hw_platform_0.
17:05:22 INFO  : SDK has detected change in the last modified timestamps for source hardware specification file Source:1517011472350,  Project:1516486526133
17:05:22 INFO  : The hardware specification for project 'ublaze_wrapper_hw_platform_0' is different from C:/Users/labuser/Desktop/project_1/project_1.sdk/ublaze_wrapper.hdf.
17:05:22 INFO  : Copied contents of C:/Users/labuser/Desktop/project_1/project_1.sdk/ublaze_wrapper.hdf into \ublaze_wrapper_hw_platform_0\system.hdf.
17:05:28 INFO  : Synchronizing projects in the workspace with the hardware platform specification changes.
17:05:33 INFO  : 
17:05:34 INFO  : Updating hardware inferred compiler options for ublaze_test.
17:05:34 INFO  : Clearing existing target manager status.
17:24:35 INFO  : Connected to target on host '127.0.0.1' and port '3121'.
17:24:37 INFO  : 'targets -set -filter {jtag_cable_name =~ "Digilent Basys3 210183A6F39EA" && level==0} -index 0' command is executed.
17:24:38 INFO  : FPGA configured successfully with bitstream "C:/Users/labuser/Desktop/project_1/project_1.sdk/ublaze_wrapper_hw_platform_0/download.bit"
17:26:32 INFO  : 'targets -set -filter {jtag_cable_name =~ "Digilent Basys3 210183A6F39EA" && level==0} -index 0' command is executed.
17:26:33 INFO  : 'fpga -state' command is executed.
17:26:33 INFO  : Connected to target on host '127.0.0.1' and port '3121'.
17:26:33 INFO  : Context for processor 'microblaze_0' is selected.
17:26:33 INFO  : Hardware design information is loaded from 'C:/Users/labuser/Desktop/project_1/project_1.sdk/ublaze_wrapper_hw_platform_0/system.hdf'.
17:26:34 INFO  : Context for processor 'microblaze_0' is selected.
17:26:34 INFO  : System reset is completed.
17:26:37 INFO  : Context for processor 'microblaze_0' is selected.
17:26:37 INFO  : The application 'C:/Users/labuser/Desktop/project_1/project_1.sdk/ublaze_test/Debug/ublaze_test.elf' is downloaded to processor 'microblaze_0'.
17:26:37 INFO  : ----------------XSDB Script----------------
connect -url tcp:127.0.0.1:3121
targets -set -nocase -filter {name =~ "microblaze*#0" && bscan=="USER2"  && jtag_cable_name =~ "Digilent Basys3 210183A6F39EA"} -index 0
loadhw C:/Users/labuser/Desktop/project_1/project_1.sdk/ublaze_wrapper_hw_platform_0/system.hdf
targets -set -nocase -filter {name =~ "microblaze*#0" && bscan=="USER2"  && jtag_cable_name =~ "Digilent Basys3 210183A6F39EA"} -index 0
rst -system
targets -set -nocase -filter {name =~ "microblaze*#0" && bscan=="USER2"  && jtag_cable_name =~ "Digilent Basys3 210183A6F39EA"} -index 0
dow C:/Users/labuser/Desktop/project_1/project_1.sdk/ublaze_test/Debug/ublaze_test.elf
----------------End of Script----------------

17:26:37 INFO  : Memory regions updated for context MicroBlaze #0
17:26:38 INFO  : Context for processor 'microblaze_0' is selected.
17:26:38 INFO  : 'con' command is executed.
17:26:38 INFO  : ----------------XSDB Script (After Launch)----------------
targets -set -nocase -filter {name =~ "microblaze*#0" && bscan=="USER2"  && jtag_cable_name =~ "Digilent Basys3 210183A6F39EA"} -index 0
con
----------------End of Script----------------

17:26:44 INFO  : Disconnected from the channel tcfchan#1.
17:26:45 INFO  : 'targets -set -filter {jtag_cable_name =~ "Digilent Basys3 210183A6F39EA" && level==0} -index 0' command is executed.
17:26:45 INFO  : 'fpga -state' command is executed.
17:26:45 INFO  : Connected to target on host '127.0.0.1' and port '3121'.
17:26:45 INFO  : Context for processor 'microblaze_0' is selected.
17:26:45 INFO  : Hardware design information is loaded from 'C:/Users/labuser/Desktop/project_1/project_1.sdk/ublaze_wrapper_hw_platform_0/system.hdf'.
17:26:46 INFO  : Context for processor 'microblaze_0' is selected.
17:26:46 INFO  : System reset is completed.
17:26:49 INFO  : Context for processor 'microblaze_0' is selected.
17:26:49 INFO  : The application 'C:/Users/labuser/Desktop/project_1/project_1.sdk/ublaze_test/Debug/ublaze_test.elf' is downloaded to processor 'microblaze_0'.
17:26:49 INFO  : ----------------XSDB Script----------------
connect -url tcp:127.0.0.1:3121
targets -set -nocase -filter {name =~ "microblaze*#0" && bscan=="USER2"  && jtag_cable_name =~ "Digilent Basys3 210183A6F39EA"} -index 0
loadhw C:/Users/labuser/Desktop/project_1/project_1.sdk/ublaze_wrapper_hw_platform_0/system.hdf
targets -set -nocase -filter {name =~ "microblaze*#0" && bscan=="USER2"  && jtag_cable_name =~ "Digilent Basys3 210183A6F39EA"} -index 0
rst -system
targets -set -nocase -filter {name =~ "microblaze*#0" && bscan=="USER2"  && jtag_cable_name =~ "Digilent Basys3 210183A6F39EA"} -index 0
dow C:/Users/labuser/Desktop/project_1/project_1.sdk/ublaze_test/Debug/ublaze_test.elf
----------------End of Script----------------

17:26:49 INFO  : Memory regions updated for context MicroBlaze #0
17:26:50 INFO  : Context for processor 'microblaze_0' is selected.
17:26:50 INFO  : 'con' command is executed.
17:26:50 INFO  : ----------------XSDB Script (After Launch)----------------
targets -set -nocase -filter {name =~ "microblaze*#0" && bscan=="USER2"  && jtag_cable_name =~ "Digilent Basys3 210183A6F39EA"} -index 0
con
----------------End of Script----------------

17:27:06 INFO  : Disconnected from the channel tcfchan#2.
17:27:06 INFO  : 'targets -set -filter {jtag_cable_name =~ "Digilent Basys3 210183A6F39EA" && level==0} -index 0' command is executed.
17:27:06 INFO  : 'fpga -state' command is executed.
17:27:07 INFO  : Connected to target on host '127.0.0.1' and port '3121'.
17:27:07 INFO  : Context for processor 'microblaze_0' is selected.
17:27:07 INFO  : Hardware design information is loaded from 'C:/Users/labuser/Desktop/project_1/project_1.sdk/ublaze_wrapper_hw_platform_0/system.hdf'.
17:27:07 INFO  : Context for processor 'microblaze_0' is selected.
17:27:08 INFO  : System reset is completed.
17:27:11 INFO  : Context for processor 'microblaze_0' is selected.
17:27:11 INFO  : The application 'C:/Users/labuser/Desktop/project_1/project_1.sdk/ublaze_test/Debug/ublaze_test.elf' is downloaded to processor 'microblaze_0'.
17:27:11 INFO  : ----------------XSDB Script----------------
connect -url tcp:127.0.0.1:3121
targets -set -nocase -filter {name =~ "microblaze*#0" && bscan=="USER2"  && jtag_cable_name =~ "Digilent Basys3 210183A6F39EA"} -index 0
loadhw C:/Users/labuser/Desktop/project_1/project_1.sdk/ublaze_wrapper_hw_platform_0/system.hdf
targets -set -nocase -filter {name =~ "microblaze*#0" && bscan=="USER2"  && jtag_cable_name =~ "Digilent Basys3 210183A6F39EA"} -index 0
rst -system
targets -set -nocase -filter {name =~ "microblaze*#0" && bscan=="USER2"  && jtag_cable_name =~ "Digilent Basys3 210183A6F39EA"} -index 0
dow C:/Users/labuser/Desktop/project_1/project_1.sdk/ublaze_test/Debug/ublaze_test.elf
----------------End of Script----------------

17:27:11 INFO  : Memory regions updated for context MicroBlaze #0
17:27:11 INFO  : Context for processor 'microblaze_0' is selected.
17:27:11 INFO  : 'con' command is executed.
17:27:11 INFO  : ----------------XSDB Script (After Launch)----------------
targets -set -nocase -filter {name =~ "microblaze*#0" && bscan=="USER2"  && jtag_cable_name =~ "Digilent Basys3 210183A6F39EA"} -index 0
con
----------------End of Script----------------

17:28:07 INFO  : Disconnected from the channel tcfchan#3.
17:28:07 INFO  : 'targets -set -filter {jtag_cable_name =~ "Digilent Basys3 210183A6F39EA" && level==0} -index 0' command is executed.
17:28:07 INFO  : 'fpga -state' command is executed.
17:28:08 INFO  : Connected to target on host '127.0.0.1' and port '3121'.
17:28:08 INFO  : Context for processor 'microblaze_0' is selected.
17:28:08 INFO  : Hardware design information is loaded from 'C:/Users/labuser/Desktop/project_1/project_1.sdk/ublaze_wrapper_hw_platform_0/system.hdf'.
17:28:08 INFO  : Context for processor 'microblaze_0' is selected.
17:28:09 INFO  : System reset is completed.
17:28:12 INFO  : Context for processor 'microblaze_0' is selected.
17:28:12 INFO  : The application 'C:/Users/labuser/Desktop/project_1/project_1.sdk/ublaze_test/Debug/ublaze_test.elf' is downloaded to processor 'microblaze_0'.
17:28:12 INFO  : ----------------XSDB Script----------------
connect -url tcp:127.0.0.1:3121
targets -set -nocase -filter {name =~ "microblaze*#0" && bscan=="USER2"  && jtag_cable_name =~ "Digilent Basys3 210183A6F39EA"} -index 0
loadhw C:/Users/labuser/Desktop/project_1/project_1.sdk/ublaze_wrapper_hw_platform_0/system.hdf
targets -set -nocase -filter {name =~ "microblaze*#0" && bscan=="USER2"  && jtag_cable_name =~ "Digilent Basys3 210183A6F39EA"} -index 0
rst -system
targets -set -nocase -filter {name =~ "microblaze*#0" && bscan=="USER2"  && jtag_cable_name =~ "Digilent Basys3 210183A6F39EA"} -index 0
dow C:/Users/labuser/Desktop/project_1/project_1.sdk/ublaze_test/Debug/ublaze_test.elf
----------------End of Script----------------

17:28:12 INFO  : Memory regions updated for context MicroBlaze #0
17:28:12 INFO  : Context for processor 'microblaze_0' is selected.
17:28:12 INFO  : 'con' command is executed.
17:28:12 INFO  : ----------------XSDB Script (After Launch)----------------
targets -set -nocase -filter {name =~ "microblaze*#0" && bscan=="USER2"  && jtag_cable_name =~ "Digilent Basys3 210183A6F39EA"} -index 0
con
----------------End of Script----------------

17:37:12 INFO  : Disconnected from the channel tcfchan#4.
17:37:12 INFO  : 'targets -set -filter {jtag_cable_name =~ "Digilent Basys3 210183A6F39EA" && level==0} -index 0' command is executed.
17:37:12 INFO  : 'fpga -state' command is executed.
17:37:12 INFO  : Connected to target on host '127.0.0.1' and port '3121'.
17:37:13 INFO  : Context for processor 'microblaze_0' is selected.
17:37:13 INFO  : Hardware design information is loaded from 'C:/Users/labuser/Desktop/project_1/project_1.sdk/ublaze_wrapper_hw_platform_0/system.hdf'.
17:37:13 INFO  : Context for processor 'microblaze_0' is selected.
17:37:13 INFO  : System reset is completed.
17:37:17 INFO  : Context for processor 'microblaze_0' is selected.
17:37:17 INFO  : The application 'C:/Users/labuser/Desktop/project_1/project_1.sdk/ublaze_test/Debug/ublaze_test.elf' is downloaded to processor 'microblaze_0'.
17:37:17 INFO  : ----------------XSDB Script----------------
connect -url tcp:127.0.0.1:3121
targets -set -nocase -filter {name =~ "microblaze*#0" && bscan=="USER2"  && jtag_cable_name =~ "Digilent Basys3 210183A6F39EA"} -index 0
loadhw C:/Users/labuser/Desktop/project_1/project_1.sdk/ublaze_wrapper_hw_platform_0/system.hdf
targets -set -nocase -filter {name =~ "microblaze*#0" && bscan=="USER2"  && jtag_cable_name =~ "Digilent Basys3 210183A6F39EA"} -index 0
rst -system
targets -set -nocase -filter {name =~ "microblaze*#0" && bscan=="USER2"  && jtag_cable_name =~ "Digilent Basys3 210183A6F39EA"} -index 0
dow C:/Users/labuser/Desktop/project_1/project_1.sdk/ublaze_test/Debug/ublaze_test.elf
----------------End of Script----------------

17:37:17 INFO  : Memory regions updated for context MicroBlaze #0
17:37:17 INFO  : Context for processor 'microblaze_0' is selected.
17:37:17 INFO  : 'con' command is executed.
17:37:17 INFO  : ----------------XSDB Script (After Launch)----------------
targets -set -nocase -filter {name =~ "microblaze*#0" && bscan=="USER2"  && jtag_cable_name =~ "Digilent Basys3 210183A6F39EA"} -index 0
con
----------------End of Script----------------

17:37:24 INFO  : Disconnected from the channel tcfchan#5.
17:37:24 INFO  : 'targets -set -filter {jtag_cable_name =~ "Digilent Basys3 210183A6F39EA" && level==0} -index 0' command is executed.
17:37:24 INFO  : 'fpga -state' command is executed.
17:37:24 INFO  : Connected to target on host '127.0.0.1' and port '3121'.
17:37:25 INFO  : Context for processor 'microblaze_0' is selected.
17:37:25 INFO  : Hardware design information is loaded from 'C:/Users/labuser/Desktop/project_1/project_1.sdk/ublaze_wrapper_hw_platform_0/system.hdf'.
17:37:25 INFO  : Context for processor 'microblaze_0' is selected.
17:37:25 INFO  : System reset is completed.
17:37:29 INFO  : Context for processor 'microblaze_0' is selected.
17:37:29 INFO  : The application 'C:/Users/labuser/Desktop/project_1/project_1.sdk/ublaze_test/Debug/ublaze_test.elf' is downloaded to processor 'microblaze_0'.
17:37:29 INFO  : ----------------XSDB Script----------------
connect -url tcp:127.0.0.1:3121
targets -set -nocase -filter {name =~ "microblaze*#0" && bscan=="USER2"  && jtag_cable_name =~ "Digilent Basys3 210183A6F39EA"} -index 0
loadhw C:/Users/labuser/Desktop/project_1/project_1.sdk/ublaze_wrapper_hw_platform_0/system.hdf
targets -set -nocase -filter {name =~ "microblaze*#0" && bscan=="USER2"  && jtag_cable_name =~ "Digilent Basys3 210183A6F39EA"} -index 0
rst -system
targets -set -nocase -filter {name =~ "microblaze*#0" && bscan=="USER2"  && jtag_cable_name =~ "Digilent Basys3 210183A6F39EA"} -index 0
dow C:/Users/labuser/Desktop/project_1/project_1.sdk/ublaze_test/Debug/ublaze_test.elf
----------------End of Script----------------

17:37:29 INFO  : Memory regions updated for context MicroBlaze #0
17:37:29 INFO  : Context for processor 'microblaze_0' is selected.
17:37:29 INFO  : 'con' command is executed.
17:37:29 INFO  : ----------------XSDB Script (After Launch)----------------
targets -set -nocase -filter {name =~ "microblaze*#0" && bscan=="USER2"  && jtag_cable_name =~ "Digilent Basys3 210183A6F39EA"} -index 0
con
----------------End of Script----------------

17:52:01 INFO  : Disconnected from the channel tcfchan#6.
17:52:01 INFO  : 'targets -set -filter {jtag_cable_name =~ "Digilent Basys3 210183A6F39EA" && level==0} -index 0' command is executed.
17:52:01 INFO  : 'fpga -state' command is executed.
17:52:02 INFO  : Connected to target on host '127.0.0.1' and port '3121'.
17:52:02 INFO  : Context for processor 'microblaze_0' is selected.
17:52:02 INFO  : Hardware design information is loaded from 'C:/Users/labuser/Desktop/project_1/project_1.sdk/ublaze_wrapper_hw_platform_0/system.hdf'.
17:52:02 INFO  : Context for processor 'microblaze_0' is selected.
17:52:03 INFO  : System reset is completed.
17:52:06 INFO  : Context for processor 'microblaze_0' is selected.
17:52:06 INFO  : The application 'C:/Users/labuser/Desktop/project_1/project_1.sdk/ublaze_test/Debug/ublaze_test.elf' is downloaded to processor 'microblaze_0'.
17:52:06 INFO  : ----------------XSDB Script----------------
connect -url tcp:127.0.0.1:3121
targets -set -nocase -filter {name =~ "microblaze*#0" && bscan=="USER2"  && jtag_cable_name =~ "Digilent Basys3 210183A6F39EA"} -index 0
loadhw C:/Users/labuser/Desktop/project_1/project_1.sdk/ublaze_wrapper_hw_platform_0/system.hdf
targets -set -nocase -filter {name =~ "microblaze*#0" && bscan=="USER2"  && jtag_cable_name =~ "Digilent Basys3 210183A6F39EA"} -index 0
rst -system
targets -set -nocase -filter {name =~ "microblaze*#0" && bscan=="USER2"  && jtag_cable_name =~ "Digilent Basys3 210183A6F39EA"} -index 0
dow C:/Users/labuser/Desktop/project_1/project_1.sdk/ublaze_test/Debug/ublaze_test.elf
----------------End of Script----------------

17:52:06 INFO  : Memory regions updated for context MicroBlaze #0
17:52:06 INFO  : Context for processor 'microblaze_0' is selected.
17:52:07 INFO  : 'con' command is executed.
17:52:07 INFO  : ----------------XSDB Script (After Launch)----------------
targets -set -nocase -filter {name =~ "microblaze*#0" && bscan=="USER2"  && jtag_cable_name =~ "Digilent Basys3 210183A6F39EA"} -index 0
con
----------------End of Script----------------

17:54:27 INFO  : Disconnected from the channel tcfchan#7.
17:54:27 INFO  : 'targets -set -filter {jtag_cable_name =~ "Digilent Basys3 210183A6F39EA" && level==0} -index 0' command is executed.
17:54:28 INFO  : 'fpga -state' command is executed.
17:54:28 INFO  : Connected to target on host '127.0.0.1' and port '3121'.
17:54:28 INFO  : Context for processor 'microblaze_0' is selected.
17:54:28 INFO  : Hardware design information is loaded from 'C:/Users/labuser/Desktop/project_1/project_1.sdk/ublaze_wrapper_hw_platform_0/system.hdf'.
17:54:29 INFO  : Context for processor 'microblaze_0' is selected.
17:54:29 INFO  : System reset is completed.
17:54:32 INFO  : Context for processor 'microblaze_0' is selected.
17:54:32 INFO  : The application 'C:/Users/labuser/Desktop/project_1/project_1.sdk/ublaze_test/Debug/ublaze_test.elf' is downloaded to processor 'microblaze_0'.
17:54:32 INFO  : ----------------XSDB Script----------------
connect -url tcp:127.0.0.1:3121
targets -set -nocase -filter {name =~ "microblaze*#0" && bscan=="USER2"  && jtag_cable_name =~ "Digilent Basys3 210183A6F39EA"} -index 0
loadhw C:/Users/labuser/Desktop/project_1/project_1.sdk/ublaze_wrapper_hw_platform_0/system.hdf
targets -set -nocase -filter {name =~ "microblaze*#0" && bscan=="USER2"  && jtag_cable_name =~ "Digilent Basys3 210183A6F39EA"} -index 0
rst -system
targets -set -nocase -filter {name =~ "microblaze*#0" && bscan=="USER2"  && jtag_cable_name =~ "Digilent Basys3 210183A6F39EA"} -index 0
dow C:/Users/labuser/Desktop/project_1/project_1.sdk/ublaze_test/Debug/ublaze_test.elf
----------------End of Script----------------

17:54:32 INFO  : Memory regions updated for context MicroBlaze #0
17:54:32 INFO  : Context for processor 'microblaze_0' is selected.
17:54:33 INFO  : 'con' command is executed.
17:54:33 INFO  : ----------------XSDB Script (After Launch)----------------
targets -set -nocase -filter {name =~ "microblaze*#0" && bscan=="USER2"  && jtag_cable_name =~ "Digilent Basys3 210183A6F39EA"} -index 0
con
----------------End of Script----------------

18:03:38 WARN  : Unexpected exception occurred.
java.io.IOException: Command [C 865 xsdb eval "disconnect tcfchan#8"] aborted
	at org.eclipse.tcf.core.AbstractChannel$9.run(AbstractChannel.java:753)
	at org.eclipse.tcf.EventQueue.run(EventQueue.java:95)
	at java.lang.Thread.run(Thread.java:745)
Caused by: java.net.SocketException: Connection reset
	at java.net.SocketInputStream.read(SocketInputStream.java:209)
	at java.net.SocketInputStream.read(SocketInputStream.java:141)
	at java.io.BufferedInputStream.read1(BufferedInputStream.java:284)
	at java.io.BufferedInputStream.read(BufferedInputStream.java:345)
	at java.io.FilterInputStream.read(FilterInputStream.java:107)
	at org.eclipse.tcf.core.ChannelTCP.get(ChannelTCP.java:162)
	at org.eclipse.tcf.core.StreamChannel.read(StreamChannel.java:84)
	at org.eclipse.tcf.core.AbstractChannel$1.run(AbstractChannel.java:254)
18:03:39 ERROR : Unexpected error while parsing XMD response ?: com.google.gson.JsonSyntaxException: com.google.gson.stream.MalformedJsonException: invalid number or unquoted string near 
14:47:06 INFO  : Launching XSDB server: xsdb.bat C:/Software/Xilinx/SDK/2015.4/scripts/xsdb/xsdb/xsdb-server.tcl
14:47:08 INFO  : XSDB server has started successfully.
14:47:10 INFO  : Processing command line option -hwspec D:/ECE3700/project_1/project_1.sdk/ublaze_wrapper.hdf.
15:17:54 INFO  : 'targets -set -filter {jtag_cable_name =~ "Digilent Basys3 210183A6F39EA" && level==0} -index 0' command is executed.
15:17:54 INFO  : 'fpga -state' command is executed.
15:18:22 INFO  : Connected to target on host '127.0.0.1' and port '3121'.
15:18:23 INFO  : 'targets -set -filter {jtag_cable_name =~ "Digilent Basys3 210183A6F39EA" && level==0} -index 0' command is executed.
15:18:24 INFO  : FPGA configured successfully with bitstream "D:/ECE3700/project_1/project_1.sdk/ublaze_wrapper_hw_platform_0/download.bit"
15:18:33 INFO  : 'targets -set -filter {jtag_cable_name =~ "Digilent Basys3 210183A6F39EA" && level==0} -index 0' command is executed.
15:18:33 INFO  : 'fpga -state' command is executed.
15:18:33 INFO  : Connected to target on host '127.0.0.1' and port '3121'.
15:18:34 INFO  : Context for processor 'microblaze_0' is selected.
15:18:34 INFO  : Hardware design information is loaded from 'D:/ECE3700/project_1/project_1.sdk/ublaze_wrapper_hw_platform_0/system.hdf'.
15:18:34 INFO  : Context for processor 'microblaze_0' is selected.
15:18:34 INFO  : System reset is completed.
15:18:38 INFO  : Context for processor 'microblaze_0' is selected.
15:18:38 INFO  : The application 'D:/ECE3700/project_1/project_1.sdk/ublaze_test/Debug/ublaze_test.elf' is downloaded to processor 'microblaze_0'.
15:18:38 INFO  : ----------------XSDB Script----------------
connect -url tcp:127.0.0.1:3121
targets -set -nocase -filter {name =~ "microblaze*#0" && bscan=="USER2"  && jtag_cable_name =~ "Digilent Basys3 210183A6F39EA"} -index 0
loadhw D:/ECE3700/project_1/project_1.sdk/ublaze_wrapper_hw_platform_0/system.hdf
targets -set -nocase -filter {name =~ "microblaze*#0" && bscan=="USER2"  && jtag_cable_name =~ "Digilent Basys3 210183A6F39EA"} -index 0
rst -system
targets -set -nocase -filter {name =~ "microblaze*#0" && bscan=="USER2"  && jtag_cable_name =~ "Digilent Basys3 210183A6F39EA"} -index 0
dow D:/ECE3700/project_1/project_1.sdk/ublaze_test/Debug/ublaze_test.elf
----------------End of Script----------------

15:18:38 INFO  : Memory regions updated for context MicroBlaze #0
15:18:38 INFO  : Context for processor 'microblaze_0' is selected.
15:18:38 INFO  : 'con' command is executed.
15:18:38 INFO  : ----------------XSDB Script (After Launch)----------------
targets -set -nocase -filter {name =~ "microblaze*#0" && bscan=="USER2"  && jtag_cable_name =~ "Digilent Basys3 210183A6F39EA"} -index 0
con
----------------End of Script----------------

15:18:57 INFO  : Disconnected from the channel tcfchan#1.
15:18:57 INFO  : 'targets -set -filter {jtag_cable_name =~ "Digilent Basys3 210183A6F39EA" && level==0} -index 0' command is executed.
15:18:57 INFO  : 'fpga -state' command is executed.
15:18:58 INFO  : Connected to target on host '127.0.0.1' and port '3121'.
15:18:58 INFO  : Context for processor 'microblaze_0' is selected.
15:18:58 INFO  : Hardware design information is loaded from 'D:/ECE3700/project_1/project_1.sdk/ublaze_wrapper_hw_platform_0/system.hdf'.
15:18:58 INFO  : Context for processor 'microblaze_0' is selected.
15:18:59 INFO  : System reset is completed.
15:19:02 INFO  : Context for processor 'microblaze_0' is selected.
15:19:02 INFO  : The application 'D:/ECE3700/project_1/project_1.sdk/ublaze_test/Debug/ublaze_test.elf' is downloaded to processor 'microblaze_0'.
15:19:02 INFO  : ----------------XSDB Script----------------
connect -url tcp:127.0.0.1:3121
targets -set -nocase -filter {name =~ "microblaze*#0" && bscan=="USER2"  && jtag_cable_name =~ "Digilent Basys3 210183A6F39EA"} -index 0
loadhw D:/ECE3700/project_1/project_1.sdk/ublaze_wrapper_hw_platform_0/system.hdf
targets -set -nocase -filter {name =~ "microblaze*#0" && bscan=="USER2"  && jtag_cable_name =~ "Digilent Basys3 210183A6F39EA"} -index 0
rst -system
targets -set -nocase -filter {name =~ "microblaze*#0" && bscan=="USER2"  && jtag_cable_name =~ "Digilent Basys3 210183A6F39EA"} -index 0
dow D:/ECE3700/project_1/project_1.sdk/ublaze_test/Debug/ublaze_test.elf
----------------End of Script----------------

15:19:02 INFO  : Memory regions updated for context MicroBlaze #0
15:19:02 INFO  : Context for processor 'microblaze_0' is selected.
15:19:03 INFO  : 'con' command is executed.
15:19:03 INFO  : ----------------XSDB Script (After Launch)----------------
targets -set -nocase -filter {name =~ "microblaze*#0" && bscan=="USER2"  && jtag_cable_name =~ "Digilent Basys3 210183A6F39EA"} -index 0
con
----------------End of Script----------------

15:19:30 INFO  : Disconnected from the channel tcfchan#2.
15:19:30 INFO  : 'targets -set -filter {jtag_cable_name =~ "Digilent Basys3 210183A6F39EA" && level==0} -index 0' command is executed.
15:19:30 INFO  : 'fpga -state' command is executed.
15:19:30 INFO  : Connected to target on host '127.0.0.1' and port '3121'.
15:19:31 INFO  : Context for processor 'microblaze_0' is selected.
15:19:31 INFO  : Hardware design information is loaded from 'D:/ECE3700/project_1/project_1.sdk/ublaze_wrapper_hw_platform_0/system.hdf'.
15:19:31 INFO  : Context for processor 'microblaze_0' is selected.
15:19:31 INFO  : System reset is completed.
15:19:34 INFO  : Context for processor 'microblaze_0' is selected.
15:19:35 INFO  : The application 'D:/ECE3700/project_1/project_1.sdk/ublaze_test/Debug/ublaze_test.elf' is downloaded to processor 'microblaze_0'.
15:19:35 INFO  : ----------------XSDB Script----------------
connect -url tcp:127.0.0.1:3121
targets -set -nocase -filter {name =~ "microblaze*#0" && bscan=="USER2"  && jtag_cable_name =~ "Digilent Basys3 210183A6F39EA"} -index 0
loadhw D:/ECE3700/project_1/project_1.sdk/ublaze_wrapper_hw_platform_0/system.hdf
targets -set -nocase -filter {name =~ "microblaze*#0" && bscan=="USER2"  && jtag_cable_name =~ "Digilent Basys3 210183A6F39EA"} -index 0
rst -system
targets -set -nocase -filter {name =~ "microblaze*#0" && bscan=="USER2"  && jtag_cable_name =~ "Digilent Basys3 210183A6F39EA"} -index 0
dow D:/ECE3700/project_1/project_1.sdk/ublaze_test/Debug/ublaze_test.elf
----------------End of Script----------------

15:19:35 INFO  : Memory regions updated for context MicroBlaze #0
15:19:35 INFO  : Context for processor 'microblaze_0' is selected.
15:19:35 INFO  : 'con' command is executed.
15:19:35 INFO  : ----------------XSDB Script (After Launch)----------------
targets -set -nocase -filter {name =~ "microblaze*#0" && bscan=="USER2"  && jtag_cable_name =~ "Digilent Basys3 210183A6F39EA"} -index 0
con
----------------End of Script----------------

15:26:03 INFO  : Launching XSDB server: xsdb.bat C:/Software/Xilinx/SDK/2015.4/scripts/xsdb/xsdb/xsdb-server.tcl
15:29:03 ERROR : Timed out. 180 seconds have elapsed while waiting for XSDB server to launch.
15:29:03 WARN  : Unexpected exception occurred.
java.lang.Exception: java.lang.Error: Channel is waiting for Hello message
	at org.eclipse.tcf.core.Command.<init>(Command.java:83)
	at com.xilinx.sdk.xsdb.XSDBCommandManager$8.<init>(XSDBCommandManager.java:384)
	at com.xilinx.sdk.xsdb.XSDBCommandManager.issueTcfCmd(XSDBCommandManager.java:384)
	at com.xilinx.sdk.xsdb.XSDBCommandManager.access$4(XSDBCommandManager.java:381)
	at com.xilinx.sdk.xsdb.XSDBCommandManager$7.run(XSDBCommandManager.java:376)
	at org.eclipse.tcf.EventQueue.run(EventQueue.java:95)
	at java.lang.Thread.run(Thread.java:745)
Caused by: java.lang.Error: Channel is waiting for Hello message
	at org.eclipse.tcf.core.AbstractChannel.sendCommand(AbstractChannel.java:874)
	at org.eclipse.tcf.core.Command.<init>(Command.java:79)
	... 6 more
16:53:16 INFO  : Launching XSDB server: xsdb.bat C:/Software/Xilinx/SDK/2015.4/scripts/xsdb/xsdb/xsdb-server.tcl
16:53:17 INFO  : XSDB server has started successfully.
16:53:17 INFO  : Processing command line option -hwspec C:/Users/labuser/Desktop/ECE3700/project_1/project_1.sdk/ublaze_wrapper.hdf.
16:53:41 INFO  : Connected to target on host '127.0.0.1' and port '3121'.
16:53:41 INFO  : 'targets -set -filter {jtag_cable_name =~ "Digilent Basys3 210183A6F39EA" && level==0} -index 0' command is executed.
16:53:42 INFO  : FPGA configured successfully with bitstream "C:/Users/labuser/Desktop/ECE3700/project_1/project_1.sdk/ublaze_wrapper_hw_platform_0/download.bit"
16:54:37 INFO  : 'targets -set -filter {jtag_cable_name =~ "Digilent Basys3 210183A6F39EA" && level==0} -index 0' command is executed.
16:54:38 INFO  : 'fpga -state' command is executed.
16:54:38 INFO  : Connected to target on host '127.0.0.1' and port '3121'.
16:54:38 INFO  : Context for processor 'microblaze_0' is selected.
16:54:38 INFO  : Hardware design information is loaded from 'C:/Users/labuser/Desktop/ECE3700/project_1/project_1.sdk/ublaze_wrapper_hw_platform_0/system.hdf'.
16:54:38 INFO  : Context for processor 'microblaze_0' is selected.
16:54:39 INFO  : System reset is completed.
16:54:42 INFO  : Context for processor 'microblaze_0' is selected.
16:54:42 INFO  : The application 'C:/Users/labuser/Desktop/ECE3700/project_1/project_1.sdk/ublaze_test/Debug/ublaze_test.elf' is downloaded to processor 'microblaze_0'.
16:54:42 INFO  : ----------------XSDB Script----------------
connect -url tcp:127.0.0.1:3121
targets -set -nocase -filter {name =~ "microblaze*#0" && bscan=="USER2"  && jtag_cable_name =~ "Digilent Basys3 210183A6F39EA"} -index 0
loadhw C:/Users/labuser/Desktop/ECE3700/project_1/project_1.sdk/ublaze_wrapper_hw_platform_0/system.hdf
targets -set -nocase -filter {name =~ "microblaze*#0" && bscan=="USER2"  && jtag_cable_name =~ "Digilent Basys3 210183A6F39EA"} -index 0
rst -system
targets -set -nocase -filter {name =~ "microblaze*#0" && bscan=="USER2"  && jtag_cable_name =~ "Digilent Basys3 210183A6F39EA"} -index 0
dow C:/Users/labuser/Desktop/ECE3700/project_1/project_1.sdk/ublaze_test/Debug/ublaze_test.elf
----------------End of Script----------------

16:54:42 INFO  : Memory regions updated for context MicroBlaze #0
16:54:43 INFO  : Context for processor 'microblaze_0' is selected.
16:54:43 INFO  : 'con' command is executed.
16:54:43 INFO  : ----------------XSDB Script (After Launch)----------------
targets -set -nocase -filter {name =~ "microblaze*#0" && bscan=="USER2"  && jtag_cable_name =~ "Digilent Basys3 210183A6F39EA"} -index 0
con
----------------End of Script----------------

17:01:36 INFO  : Connected to target on host '127.0.0.1' and port '3121'.
17:01:37 INFO  : 'targets -set -filter {jtag_cable_name =~ "Digilent Basys3 210183A6F39EA" && level==0} -index 0' command is executed.
17:01:38 INFO  : FPGA configured successfully with bitstream "C:/Users/labuser/Desktop/ECE3700/project_1/project_1.sdk/ublaze_wrapper_hw_platform_0/download.bit"
17:02:12 INFO  : Connected to target on host '127.0.0.1' and port '3121'.
17:02:12 INFO  : 'targets -set -filter {jtag_cable_name =~ "Digilent Basys3 210183A6F39EA" && level==0} -index 0' command is executed.
17:02:14 INFO  : FPGA configured successfully with bitstream "C:/Users/labuser/Desktop/ECE3700/project_1/project_1.sdk/ublaze_wrapper_hw_platform_0/download.bit"
17:02:56 INFO  : Disconnected from the channel tcfchan#1.
17:02:56 INFO  : 'targets -set -filter {jtag_cable_name =~ "Digilent Basys3 210183A6F39EA" && level==0} -index 0' command is executed.
17:02:56 INFO  : 'fpga -state' command is executed.
17:02:56 INFO  : Connected to target on host '127.0.0.1' and port '3121'.
17:02:57 INFO  : Context for processor 'microblaze_0' is selected.
17:02:57 INFO  : Hardware design information is loaded from 'C:/Users/labuser/Desktop/ECE3700/project_1/project_1.sdk/ublaze_wrapper_hw_platform_0/system.hdf'.
17:02:57 INFO  : Context for processor 'microblaze_0' is selected.
17:02:57 INFO  : System reset is completed.
17:03:01 INFO  : Context for processor 'microblaze_0' is selected.
17:03:01 INFO  : The application 'C:/Users/labuser/Desktop/ECE3700/project_1/project_1.sdk/ublaze_test/Debug/ublaze_test.elf' is downloaded to processor 'microblaze_0'.
17:03:01 INFO  : ----------------XSDB Script----------------
connect -url tcp:127.0.0.1:3121
targets -set -nocase -filter {name =~ "microblaze*#0" && bscan=="USER2"  && jtag_cable_name =~ "Digilent Basys3 210183A6F39EA"} -index 0
loadhw C:/Users/labuser/Desktop/ECE3700/project_1/project_1.sdk/ublaze_wrapper_hw_platform_0/system.hdf
targets -set -nocase -filter {name =~ "microblaze*#0" && bscan=="USER2"  && jtag_cable_name =~ "Digilent Basys3 210183A6F39EA"} -index 0
rst -system
targets -set -nocase -filter {name =~ "microblaze*#0" && bscan=="USER2"  && jtag_cable_name =~ "Digilent Basys3 210183A6F39EA"} -index 0
dow C:/Users/labuser/Desktop/ECE3700/project_1/project_1.sdk/ublaze_test/Debug/ublaze_test.elf
----------------End of Script----------------

17:03:01 INFO  : Memory regions updated for context MicroBlaze #0
17:03:01 INFO  : Context for processor 'microblaze_0' is selected.
17:03:01 INFO  : 'con' command is executed.
17:03:01 INFO  : ----------------XSDB Script (After Launch)----------------
targets -set -nocase -filter {name =~ "microblaze*#0" && bscan=="USER2"  && jtag_cable_name =~ "Digilent Basys3 210183A6F39EA"} -index 0
con
----------------End of Script----------------

17:07:36 INFO  : Connected to target on host '127.0.0.1' and port '3121'.
17:07:37 INFO  : 'targets -set -filter {jtag_cable_name =~ "Digilent Basys3 210183A6F39EA" && level==0} -index 0' command is executed.
17:07:38 INFO  : FPGA configured successfully with bitstream "C:/Users/labuser/Desktop/ECE3700/project_1/project_1.sdk/ublaze_wrapper_hw_platform_0/download.bit"
17:07:54 INFO  : Connected to target on host '127.0.0.1' and port '3121'.
17:07:54 INFO  : 'targets -set -filter {jtag_cable_name =~ "Digilent Basys3 210183A6F39EA" && level==0} -index 0' command is executed.
17:07:55 INFO  : FPGA configured successfully with bitstream "C:/Users/labuser/Desktop/ECE3700/project_1/project_1.sdk/ublaze_wrapper_hw_platform_0/download.bit"
17:08:05 INFO  : Disconnected from the channel tcfchan#2.
17:08:06 INFO  : 'targets -set -filter {jtag_cable_name =~ "Digilent Basys3 210183A6F39EA" && level==0} -index 0' command is executed.
17:08:06 INFO  : 'fpga -state' command is executed.
17:08:06 INFO  : Connected to target on host '127.0.0.1' and port '3121'.
17:08:06 INFO  : Context for processor 'microblaze_0' is selected.
17:08:06 INFO  : Hardware design information is loaded from 'C:/Users/labuser/Desktop/ECE3700/project_1/project_1.sdk/ublaze_wrapper_hw_platform_0/system.hdf'.
17:08:07 INFO  : Context for processor 'microblaze_0' is selected.
17:08:07 INFO  : System reset is completed.
17:08:10 INFO  : Context for processor 'microblaze_0' is selected.
17:08:11 INFO  : The application 'C:/Users/labuser/Desktop/ECE3700/project_1/project_1.sdk/ublaze_test/Debug/ublaze_test.elf' is downloaded to processor 'microblaze_0'.
17:08:11 INFO  : ----------------XSDB Script----------------
connect -url tcp:127.0.0.1:3121
targets -set -nocase -filter {name =~ "microblaze*#0" && bscan=="USER2"  && jtag_cable_name =~ "Digilent Basys3 210183A6F39EA"} -index 0
loadhw C:/Users/labuser/Desktop/ECE3700/project_1/project_1.sdk/ublaze_wrapper_hw_platform_0/system.hdf
targets -set -nocase -filter {name =~ "microblaze*#0" && bscan=="USER2"  && jtag_cable_name =~ "Digilent Basys3 210183A6F39EA"} -index 0
rst -system
targets -set -nocase -filter {name =~ "microblaze*#0" && bscan=="USER2"  && jtag_cable_name =~ "Digilent Basys3 210183A6F39EA"} -index 0
dow C:/Users/labuser/Desktop/ECE3700/project_1/project_1.sdk/ublaze_test/Debug/ublaze_test.elf
----------------End of Script----------------

17:08:11 INFO  : Memory regions updated for context MicroBlaze #0
17:08:11 INFO  : Context for processor 'microblaze_0' is selected.
17:08:11 INFO  : 'con' command is executed.
17:08:11 INFO  : ----------------XSDB Script (After Launch)----------------
targets -set -nocase -filter {name =~ "microblaze*#0" && bscan=="USER2"  && jtag_cable_name =~ "Digilent Basys3 210183A6F39EA"} -index 0
con
----------------End of Script----------------

17:09:10 INFO  : Disconnected from the channel tcfchan#3.
17:09:11 INFO  : 'targets -set -filter {jtag_cable_name =~ "Digilent Basys3 210183A6F39EA" && level==0} -index 0' command is executed.
17:09:11 INFO  : 'fpga -state' command is executed.
17:09:11 INFO  : Connected to target on host '127.0.0.1' and port '3121'.
17:09:11 INFO  : Context for processor 'microblaze_0' is selected.
17:09:12 INFO  : Hardware design information is loaded from 'C:/Users/labuser/Desktop/ECE3700/project_1/project_1.sdk/ublaze_wrapper_hw_platform_0/system.hdf'.
17:09:12 INFO  : Context for processor 'microblaze_0' is selected.
17:09:12 INFO  : System reset is completed.
17:09:15 INFO  : Context for processor 'microblaze_0' is selected.
17:09:16 INFO  : The application 'C:/Users/labuser/Desktop/ECE3700/project_1/project_1.sdk/ublaze_test/Debug/ublaze_test.elf' is downloaded to processor 'microblaze_0'.
17:09:16 INFO  : ----------------XSDB Script----------------
connect -url tcp:127.0.0.1:3121
targets -set -nocase -filter {name =~ "microblaze*#0" && bscan=="USER2"  && jtag_cable_name =~ "Digilent Basys3 210183A6F39EA"} -index 0
loadhw C:/Users/labuser/Desktop/ECE3700/project_1/project_1.sdk/ublaze_wrapper_hw_platform_0/system.hdf
targets -set -nocase -filter {name =~ "microblaze*#0" && bscan=="USER2"  && jtag_cable_name =~ "Digilent Basys3 210183A6F39EA"} -index 0
rst -system
targets -set -nocase -filter {name =~ "microblaze*#0" && bscan=="USER2"  && jtag_cable_name =~ "Digilent Basys3 210183A6F39EA"} -index 0
dow C:/Users/labuser/Desktop/ECE3700/project_1/project_1.sdk/ublaze_test/Debug/ublaze_test.elf
----------------End of Script----------------

17:09:16 INFO  : Memory regions updated for context MicroBlaze #0
17:09:16 INFO  : Context for processor 'microblaze_0' is selected.
17:09:16 INFO  : 'con' command is executed.
17:09:16 INFO  : ----------------XSDB Script (After Launch)----------------
targets -set -nocase -filter {name =~ "microblaze*#0" && bscan=="USER2"  && jtag_cable_name =~ "Digilent Basys3 210183A6F39EA"} -index 0
con
----------------End of Script----------------

17:11:54 INFO  : Disconnected from the channel tcfchan#4.
15:55:46 INFO  : Launching XSDB server: xsdb -n /opt/Xilinx/SDK/2015.4/scripts/xsdb/xsdb/xsdb-server.tcl
15:55:47 INFO  : XSDB server has started successfully.
15:55:47 INFO  : Processing command line option -hwspec /home/taylor/ECE_3700/ECE3700/project_1/project_1.sdk/ublaze_wrapper.hdf.
15:56:44 INFO  : Connected to target on host '127.0.0.1' and port '3121'.
16:25:28 INFO  : Launching XSDB server: xsdb -n /opt/Xilinx/SDK/2015.4/scripts/xsdb/xsdb/xsdb-server.tcl
16:25:29 INFO  : XSDB server has started successfully.
16:25:29 INFO  : Processing command line option -hwspec /home/taylor/ECE_3700/ECE3700/project_1/project_1.sdk/ublaze_wrapper.hdf.
16:25:30 INFO  : Checking for hwspec changes in the project ublaze_wrapper_hw_platform_3.
16:25:57 INFO  : Connected to target on host '127.0.0.1' and port '3121'.
16:25:58 INFO  : 'targets -set -filter {jtag_cable_name =~ "Digilent Basys3 210183A6F39EA" && level==0} -index 0' command is executed.
16:25:59 INFO  : FPGA configured successfully with bitstream "/home/taylor/ECE_3700/ECE3700/project_1/project_1.sdk/ublaze_wrapper_hw_platform_0/download.bit"
16:28:38 INFO  : 'targets -set -filter {jtag_cable_name =~ "Digilent Basys3 210183A6F39EA" && level==0} -index 0' command is executed.
16:28:38 INFO  : 'fpga -state' command is executed.
16:28:38 INFO  : Connected to target on host '127.0.0.1' and port '3121'.
16:28:39 INFO  : Context for processor 'microblaze_0' is selected.
16:28:39 INFO  : Hardware design information is loaded from '/home/taylor/ECE_3700/ECE3700/project_1/project_1.sdk/ublaze_wrapper_hw_platform_0/system.hdf'.
16:28:39 INFO  : Context for processor 'microblaze_0' is selected.
16:28:39 INFO  : System reset is completed.
16:28:43 INFO  : Context for processor 'microblaze_0' is selected.
16:28:43 INFO  : The application '/home/taylor/ECE_3700/ECE3700/project_1/project_1.sdk/ublaze_test/Debug/ublaze_test.elf' is downloaded to processor 'microblaze_0'.
16:28:43 INFO  : ----------------XSDB Script----------------
connect -url tcp:127.0.0.1:3121
targets -set -nocase -filter {name =~ "microblaze*#0" && bscan=="USER2"  && jtag_cable_name =~ "Digilent Basys3 210183A6F39EA"} -index 0
loadhw /home/taylor/ECE_3700/ECE3700/project_1/project_1.sdk/ublaze_wrapper_hw_platform_0/system.hdf
targets -set -nocase -filter {name =~ "microblaze*#0" && bscan=="USER2"  && jtag_cable_name =~ "Digilent Basys3 210183A6F39EA"} -index 0
rst -system
targets -set -nocase -filter {name =~ "microblaze*#0" && bscan=="USER2"  && jtag_cable_name =~ "Digilent Basys3 210183A6F39EA"} -index 0
dow /home/taylor/ECE_3700/ECE3700/project_1/project_1.sdk/ublaze_test/Debug/ublaze_test.elf
----------------End of Script----------------

16:28:43 INFO  : Memory regions updated for context MicroBlaze #0
16:28:43 INFO  : Context for processor 'microblaze_0' is selected.
16:28:43 INFO  : 'con' command is executed.
16:28:43 INFO  : ----------------XSDB Script (After Launch)----------------
targets -set -nocase -filter {name =~ "microblaze*#0" && bscan=="USER2"  && jtag_cable_name =~ "Digilent Basys3 210183A6F39EA"} -index 0
con
----------------End of Script----------------

16:35:01 INFO  : Disconnected from the channel tcfchan#1.
16:35:01 INFO  : 'targets -set -filter {jtag_cable_name =~ "Digilent Basys3 210183A6F39EA" && level==0} -index 0' command is executed.
16:35:01 INFO  : 'fpga -state' command is executed.
16:35:21 INFO  : Connected to target on host '127.0.0.1' and port '3121'.
16:35:21 INFO  : 'targets -set -filter {jtag_cable_name =~ "Digilent Basys3 210183A6F39EA" && level==0} -index 0' command is executed.
16:35:22 INFO  : FPGA configured successfully with bitstream "/home/taylor/ECE_3700/ECE3700/project_1/project_1.sdk/ublaze_wrapper_hw_platform_0/download.bit"
16:35:35 INFO  : 'targets -set -filter {jtag_cable_name =~ "Digilent Basys3 210183A6F39EA" && level==0} -index 0' command is executed.
16:35:35 INFO  : 'fpga -state' command is executed.
16:35:35 INFO  : Connected to target on host '127.0.0.1' and port '3121'.
16:35:35 INFO  : Context for processor 'microblaze_0' is selected.
16:35:36 INFO  : Hardware design information is loaded from '/home/taylor/ECE_3700/ECE3700/project_1/project_1.sdk/ublaze_wrapper_hw_platform_0/system.hdf'.
16:35:36 INFO  : Context for processor 'microblaze_0' is selected.
16:35:36 INFO  : System reset is completed.
16:35:39 INFO  : Context for processor 'microblaze_0' is selected.
16:35:40 INFO  : The application '/home/taylor/ECE_3700/ECE3700/project_1/project_1.sdk/ublaze_test/Debug/ublaze_test.elf' is downloaded to processor 'microblaze_0'.
16:35:40 INFO  : ----------------XSDB Script----------------
connect -url tcp:127.0.0.1:3121
targets -set -nocase -filter {name =~ "microblaze*#0" && bscan=="USER2"  && jtag_cable_name =~ "Digilent Basys3 210183A6F39EA"} -index 0
loadhw /home/taylor/ECE_3700/ECE3700/project_1/project_1.sdk/ublaze_wrapper_hw_platform_0/system.hdf
targets -set -nocase -filter {name =~ "microblaze*#0" && bscan=="USER2"  && jtag_cable_name =~ "Digilent Basys3 210183A6F39EA"} -index 0
rst -system
targets -set -nocase -filter {name =~ "microblaze*#0" && bscan=="USER2"  && jtag_cable_name =~ "Digilent Basys3 210183A6F39EA"} -index 0
dow /home/taylor/ECE_3700/ECE3700/project_1/project_1.sdk/ublaze_test/Debug/ublaze_test.elf
----------------End of Script----------------

16:35:40 INFO  : Memory regions updated for context MicroBlaze #0
16:35:40 INFO  : Context for processor 'microblaze_0' is selected.
16:35:40 INFO  : 'con' command is executed.
16:35:40 INFO  : ----------------XSDB Script (After Launch)----------------
targets -set -nocase -filter {name =~ "microblaze*#0" && bscan=="USER2"  && jtag_cable_name =~ "Digilent Basys3 210183A6F39EA"} -index 0
con
----------------End of Script----------------

16:35:53 INFO  : Disconnected from the channel tcfchan#2.
16:35:54 INFO  : 'targets -set -filter {jtag_cable_name =~ "Digilent Basys3 210183A6F39EA" && level==0} -index 0' command is executed.
16:35:54 INFO  : 'fpga -state' command is executed.
16:35:54 INFO  : Connected to target on host '127.0.0.1' and port '3121'.
16:35:54 INFO  : Context for processor 'microblaze_0' is selected.
16:35:54 INFO  : Hardware design information is loaded from '/home/taylor/ECE_3700/ECE3700/project_1/project_1.sdk/ublaze_wrapper_hw_platform_0/system.hdf'.
16:35:55 INFO  : Context for processor 'microblaze_0' is selected.
16:35:55 INFO  : System reset is completed.
16:35:58 INFO  : Context for processor 'microblaze_0' is selected.
16:35:58 INFO  : The application '/home/taylor/ECE_3700/ECE3700/project_1/project_1.sdk/ublaze_test/Debug/ublaze_test.elf' is downloaded to processor 'microblaze_0'.
16:35:58 INFO  : ----------------XSDB Script----------------
connect -url tcp:127.0.0.1:3121
targets -set -nocase -filter {name =~ "microblaze*#0" && bscan=="USER2"  && jtag_cable_name =~ "Digilent Basys3 210183A6F39EA"} -index 0
loadhw /home/taylor/ECE_3700/ECE3700/project_1/project_1.sdk/ublaze_wrapper_hw_platform_0/system.hdf
targets -set -nocase -filter {name =~ "microblaze*#0" && bscan=="USER2"  && jtag_cable_name =~ "Digilent Basys3 210183A6F39EA"} -index 0
rst -system
targets -set -nocase -filter {name =~ "microblaze*#0" && bscan=="USER2"  && jtag_cable_name =~ "Digilent Basys3 210183A6F39EA"} -index 0
dow /home/taylor/ECE_3700/ECE3700/project_1/project_1.sdk/ublaze_test/Debug/ublaze_test.elf
----------------End of Script----------------

16:35:58 INFO  : Memory regions updated for context MicroBlaze #0
16:35:58 INFO  : Context for processor 'microblaze_0' is selected.
16:35:59 INFO  : 'con' command is executed.
16:35:59 INFO  : ----------------XSDB Script (After Launch)----------------
targets -set -nocase -filter {name =~ "microblaze*#0" && bscan=="USER2"  && jtag_cable_name =~ "Digilent Basys3 210183A6F39EA"} -index 0
con
----------------End of Script----------------

16:43:46 INFO  : Launching XSDB server: xsdb -n /opt/Xilinx/SDK/2015.4/scripts/xsdb/xsdb/xsdb-server.tcl
16:46:46 ERROR : Timed out. 180 seconds have elapsed while waiting for XSDB server to launch.
16:46:46 WARN  : Unexpected exception occurred.
java.lang.Exception: java.lang.Error: Channel is waiting for Hello message
	at org.eclipse.tcf.core.Command.<init>(Command.java:83)
	at com.xilinx.sdk.xsdb.XSDBCommandManager$8.<init>(XSDBCommandManager.java:384)
	at com.xilinx.sdk.xsdb.XSDBCommandManager.issueTcfCmd(XSDBCommandManager.java:384)
	at com.xilinx.sdk.xsdb.XSDBCommandManager.access$4(XSDBCommandManager.java:381)
	at com.xilinx.sdk.xsdb.XSDBCommandManager$7.run(XSDBCommandManager.java:376)
	at org.eclipse.tcf.EventQueue.run(EventQueue.java:95)
	at java.lang.Thread.run(Thread.java:745)
Caused by: java.lang.Error: Channel is waiting for Hello message
	at org.eclipse.tcf.core.AbstractChannel.sendCommand(AbstractChannel.java:874)
	at org.eclipse.tcf.core.Command.<init>(Command.java:79)
	... 6 more
20:31:21 INFO  : Launching XSDB server: xsdb -n /opt/Xilinx/SDK/2015.4/scripts/xsdb/xsdb/xsdb-server.tcl
20:31:22 INFO  : XSDB server has started successfully.
20:31:22 INFO  : Processing command line option -hwspec /home/taylor/ECE_3700/3700-supreme-fiesta/Finished_Labs/lab_1/lab_1.sdk/ublaze_wrapper.hdf.
20:34:00 INFO  : Connected to target on host '127.0.0.1' and port '3121'.
20:34:00 INFO  : 'targets -set -filter {jtag_cable_name =~ "Digilent Basys3 210183A4DEDFA" && level==0} -index 0' command is executed.
20:34:01 INFO  : FPGA configured successfully with bitstream "/home/taylor/ECE_3700/3700-supreme-fiesta/Finished_Labs/lab_1/lab_1.sdk/ublaze_wrapper_hw_platform_0/download.bit"
20:35:23 INFO  : 'targets -set -filter {jtag_cable_name =~ "Digilent Basys3 210183A4DEDFA" && level==0} -index 0' command is executed.
20:35:23 INFO  : 'fpga -state' command is executed.
20:35:23 INFO  : Connected to target on host '127.0.0.1' and port '3121'.
20:35:23 INFO  : Context for processor 'microblaze_0' is selected.
20:35:24 INFO  : Hardware design information is loaded from '/home/taylor/ECE_3700/3700-supreme-fiesta/Finished_Labs/lab_1/lab_1.sdk/ublaze_wrapper_hw_platform_0/system.hdf'.
20:35:24 INFO  : Context for processor 'microblaze_0' is selected.
20:35:24 INFO  : System reset is completed.
20:35:27 INFO  : Context for processor 'microblaze_0' is selected.
20:35:28 INFO  : The application '/home/taylor/ECE_3700/3700-supreme-fiesta/Finished_Labs/lab_1/lab_1.sdk/ublaze_test/Debug/ublaze_test.elf' is downloaded to processor 'microblaze_0'.
20:35:28 INFO  : ----------------XSDB Script----------------
connect -url tcp:127.0.0.1:3121
targets -set -nocase -filter {name =~ "microblaze*#0" && bscan=="USER2"  && jtag_cable_name =~ "Digilent Basys3 210183A4DEDFA"} -index 0
loadhw /home/taylor/ECE_3700/3700-supreme-fiesta/Finished_Labs/lab_1/lab_1.sdk/ublaze_wrapper_hw_platform_0/system.hdf
targets -set -nocase -filter {name =~ "microblaze*#0" && bscan=="USER2"  && jtag_cable_name =~ "Digilent Basys3 210183A4DEDFA"} -index 0
rst -system
targets -set -nocase -filter {name =~ "microblaze*#0" && bscan=="USER2"  && jtag_cable_name =~ "Digilent Basys3 210183A4DEDFA"} -index 0
dow /home/taylor/ECE_3700/3700-supreme-fiesta/Finished_Labs/lab_1/lab_1.sdk/ublaze_test/Debug/ublaze_test.elf
----------------End of Script----------------

20:35:28 INFO  : Memory regions updated for context MicroBlaze #0
20:35:28 INFO  : Context for processor 'microblaze_0' is selected.
20:35:28 INFO  : 'con' command is executed.
20:35:28 INFO  : ----------------XSDB Script (After Launch)----------------
targets -set -nocase -filter {name =~ "microblaze*#0" && bscan=="USER2"  && jtag_cable_name =~ "Digilent Basys3 210183A4DEDFA"} -index 0
con
----------------End of Script----------------

20:41:30 INFO  : Connected to target on host '127.0.0.1' and port '3121'.
20:41:30 INFO  : 'targets -set -filter {jtag_cable_name =~ "Digilent Basys3 210183A4DEDFA" && level==0} -index 0' command is executed.
20:41:31 INFO  : FPGA configured successfully with bitstream "/home/taylor/ECE_3700/3700-supreme-fiesta/Finished_Labs/lab_1/lab_1.sdk/ublaze_wrapper_hw_platform_0/download.bit"
20:41:54 INFO  : Disconnected from the channel tcfchan#1.
20:41:55 INFO  : 'targets -set -filter {jtag_cable_name =~ "Digilent Basys3 210183A4DEDFA" && level==0} -index 0' command is executed.
20:41:55 INFO  : 'fpga -state' command is executed.
20:41:55 INFO  : Connected to target on host '127.0.0.1' and port '3121'.
20:41:55 INFO  : Context for processor 'microblaze_0' is selected.
20:41:55 INFO  : Hardware design information is loaded from '/home/taylor/ECE_3700/3700-supreme-fiesta/Finished_Labs/lab_1/lab_1.sdk/ublaze_wrapper_hw_platform_0/system.hdf'.
20:41:56 INFO  : Context for processor 'microblaze_0' is selected.
20:41:56 INFO  : System reset is completed.
20:41:59 INFO  : Context for processor 'microblaze_0' is selected.
20:41:59 INFO  : The application '/home/taylor/ECE_3700/3700-supreme-fiesta/Finished_Labs/lab_1/lab_1.sdk/ublaze_test/Debug/ublaze_test.elf' is downloaded to processor 'microblaze_0'.
20:41:59 INFO  : ----------------XSDB Script----------------
connect -url tcp:127.0.0.1:3121
targets -set -nocase -filter {name =~ "microblaze*#0" && bscan=="USER2"  && jtag_cable_name =~ "Digilent Basys3 210183A4DEDFA"} -index 0
loadhw /home/taylor/ECE_3700/3700-supreme-fiesta/Finished_Labs/lab_1/lab_1.sdk/ublaze_wrapper_hw_platform_0/system.hdf
targets -set -nocase -filter {name =~ "microblaze*#0" && bscan=="USER2"  && jtag_cable_name =~ "Digilent Basys3 210183A4DEDFA"} -index 0
rst -system
targets -set -nocase -filter {name =~ "microblaze*#0" && bscan=="USER2"  && jtag_cable_name =~ "Digilent Basys3 210183A4DEDFA"} -index 0
dow /home/taylor/ECE_3700/3700-supreme-fiesta/Finished_Labs/lab_1/lab_1.sdk/ublaze_test/Debug/ublaze_test.elf
----------------End of Script----------------

20:41:59 INFO  : Memory regions updated for context MicroBlaze #0
20:42:00 INFO  : Context for processor 'microblaze_0' is selected.
20:42:00 INFO  : 'con' command is executed.
20:42:00 INFO  : ----------------XSDB Script (After Launch)----------------
targets -set -nocase -filter {name =~ "microblaze*#0" && bscan=="USER2"  && jtag_cable_name =~ "Digilent Basys3 210183A4DEDFA"} -index 0
con
----------------End of Script----------------

21:22:30 INFO  : Connected to target on host '127.0.0.1' and port '3121'.
21:22:30 INFO  : 'targets -set -filter {jtag_cable_name =~ "Digilent Basys3 210183A4DEDFA" && level==0} -index 0' command is executed.
21:22:31 INFO  : FPGA configured successfully with bitstream "/home/taylor/ECE_3700/3700-supreme-fiesta/Finished_Labs/lab_1/lab_1.sdk/ublaze_wrapper_hw_platform_0/download.bit"
21:23:48 INFO  : Disconnected from the channel tcfchan#2.
21:23:48 INFO  : 'targets -set -filter {jtag_cable_name =~ "Digilent Basys3 210183A4DEDFA" && level==0} -index 0' command is executed.
21:23:48 INFO  : 'fpga -state' command is executed.
21:23:49 INFO  : Connected to target on host '127.0.0.1' and port '3121'.
21:23:49 INFO  : Context for processor 'microblaze_0' is selected.
21:23:49 INFO  : Hardware design information is loaded from '/home/taylor/ECE_3700/3700-supreme-fiesta/Finished_Labs/lab_1/lab_1.sdk/ublaze_wrapper_hw_platform_0/system.hdf'.
21:23:49 INFO  : Context for processor 'microblaze_0' is selected.
21:23:50 INFO  : System reset is completed.
21:23:53 INFO  : Context for processor 'microblaze_0' is selected.
21:23:53 INFO  : The application '/home/taylor/ECE_3700/3700-supreme-fiesta/Finished_Labs/lab_1/lab_1.sdk/ublaze_test/Debug/ublaze_test.elf' is downloaded to processor 'microblaze_0'.
21:23:53 INFO  : ----------------XSDB Script----------------
connect -url tcp:127.0.0.1:3121
targets -set -nocase -filter {name =~ "microblaze*#0" && bscan=="USER2"  && jtag_cable_name =~ "Digilent Basys3 210183A4DEDFA"} -index 0
loadhw /home/taylor/ECE_3700/3700-supreme-fiesta/Finished_Labs/lab_1/lab_1.sdk/ublaze_wrapper_hw_platform_0/system.hdf
targets -set -nocase -filter {name =~ "microblaze*#0" && bscan=="USER2"  && jtag_cable_name =~ "Digilent Basys3 210183A4DEDFA"} -index 0
rst -system
targets -set -nocase -filter {name =~ "microblaze*#0" && bscan=="USER2"  && jtag_cable_name =~ "Digilent Basys3 210183A4DEDFA"} -index 0
dow /home/taylor/ECE_3700/3700-supreme-fiesta/Finished_Labs/lab_1/lab_1.sdk/ublaze_test/Debug/ublaze_test.elf
----------------End of Script----------------

21:23:53 INFO  : Memory regions updated for context MicroBlaze #0
21:23:53 INFO  : Context for processor 'microblaze_0' is selected.
21:23:53 INFO  : 'con' command is executed.
21:23:53 INFO  : ----------------XSDB Script (After Launch)----------------
targets -set -nocase -filter {name =~ "microblaze*#0" && bscan=="USER2"  && jtag_cable_name =~ "Digilent Basys3 210183A4DEDFA"} -index 0
con
----------------End of Script----------------

21:25:38 INFO  : Launching XSDB server: xsdb -n /opt/Xilinx/SDK/2015.4/scripts/xsdb/xsdb/xsdb-server.tcl
15:26:39 INFO  : Launching XSDB server: xsdb -n /opt/Xilinx/SDK/2015.4/scripts/xsdb/xsdb/xsdb-server.tcl
15:26:40 INFO  : XSDB server has started successfully.
15:26:41 INFO  : Processing command line option -hwspec /home/taylor/ECE_3700/3700-supreme-fiesta/Finished_Labs/lab_1/lab_1.sdk/ublaze_wrapper.hdf.
15:26:41 INFO  : Checking for hwspec changes in the project ublaze_wrapper_hw_platform_4.
15:29:32 INFO  : Connected to target on host '127.0.0.1' and port '3121'.
15:29:32 INFO  : 'targets -set -filter {jtag_cable_name =~ "Digilent Basys3 210183A4DEDFA" && level==0} -index 0' command is executed.
15:29:33 INFO  : FPGA configured successfully with bitstream "/home/taylor/ECE_3700/3700-supreme-fiesta/Finished_Labs/lab_1/lab_1.sdk/ublaze_wrapper_hw_platform_0/download.bit"
15:29:58 INFO  : 'targets -set -filter {jtag_cable_name =~ "Digilent Basys3 210183A4DEDFA" && level==0} -index 0' command is executed.
15:29:58 INFO  : 'fpga -state' command is executed.
15:29:58 INFO  : Connected to target on host '127.0.0.1' and port '3121'.
15:29:58 INFO  : Context for processor 'microblaze_0' is selected.
15:29:59 INFO  : Hardware design information is loaded from '/home/taylor/ECE_3700/3700-supreme-fiesta/Finished_Labs/lab_1/lab_1.sdk/ublaze_wrapper_hw_platform_0/system.hdf'.
15:29:59 INFO  : Context for processor 'microblaze_0' is selected.
15:29:59 INFO  : System reset is completed.
15:30:02 INFO  : Context for processor 'microblaze_0' is selected.
15:30:03 INFO  : The application '/home/taylor/ECE_3700/3700-supreme-fiesta/Finished_Labs/lab_1/lab_1.sdk/ublaze_test/Debug/ublaze_test.elf' is downloaded to processor 'microblaze_0'.
15:30:03 INFO  : ----------------XSDB Script----------------
connect -url tcp:127.0.0.1:3121
targets -set -nocase -filter {name =~ "microblaze*#0" && bscan=="USER2"  && jtag_cable_name =~ "Digilent Basys3 210183A4DEDFA"} -index 0
loadhw /home/taylor/ECE_3700/3700-supreme-fiesta/Finished_Labs/lab_1/lab_1.sdk/ublaze_wrapper_hw_platform_0/system.hdf
targets -set -nocase -filter {name =~ "microblaze*#0" && bscan=="USER2"  && jtag_cable_name =~ "Digilent Basys3 210183A4DEDFA"} -index 0
rst -system
targets -set -nocase -filter {name =~ "microblaze*#0" && bscan=="USER2"  && jtag_cable_name =~ "Digilent Basys3 210183A4DEDFA"} -index 0
dow /home/taylor/ECE_3700/3700-supreme-fiesta/Finished_Labs/lab_1/lab_1.sdk/ublaze_test/Debug/ublaze_test.elf
----------------End of Script----------------

15:30:03 INFO  : Memory regions updated for context MicroBlaze #0
15:30:03 INFO  : Context for processor 'microblaze_0' is selected.
15:30:03 INFO  : 'con' command is executed.
15:30:03 INFO  : ----------------XSDB Script (After Launch)----------------
targets -set -nocase -filter {name =~ "microblaze*#0" && bscan=="USER2"  && jtag_cable_name =~ "Digilent Basys3 210183A4DEDFA"} -index 0
con
----------------End of Script----------------

15:42:17 INFO  : Disconnected from the channel tcfchan#1.
15:42:17 INFO  : 'targets -set -filter {jtag_cable_name =~ "Digilent Basys3 210183A4DEDFA" && level==0} -index 0' command is executed.
15:42:17 INFO  : 'fpga -state' command is executed.
15:42:17 INFO  : Connected to target on host '127.0.0.1' and port '3121'.
15:42:18 INFO  : Context for processor 'microblaze_0' is selected.
15:42:18 INFO  : Hardware design information is loaded from '/home/taylor/ECE_3700/3700-supreme-fiesta/Finished_Labs/lab_1/lab_1.sdk/ublaze_wrapper_hw_platform_0/system.hdf'.
15:42:18 INFO  : Context for processor 'microblaze_0' is selected.
15:42:18 INFO  : System reset is completed.
15:42:22 INFO  : Context for processor 'microblaze_0' is selected.
15:42:22 INFO  : The application '/home/taylor/ECE_3700/3700-supreme-fiesta/Finished_Labs/lab_1/lab_1.sdk/ublaze_test/Debug/ublaze_test.elf' is downloaded to processor 'microblaze_0'.
15:42:22 INFO  : ----------------XSDB Script----------------
connect -url tcp:127.0.0.1:3121
targets -set -nocase -filter {name =~ "microblaze*#0" && bscan=="USER2"  && jtag_cable_name =~ "Digilent Basys3 210183A4DEDFA"} -index 0
loadhw /home/taylor/ECE_3700/3700-supreme-fiesta/Finished_Labs/lab_1/lab_1.sdk/ublaze_wrapper_hw_platform_0/system.hdf
targets -set -nocase -filter {name =~ "microblaze*#0" && bscan=="USER2"  && jtag_cable_name =~ "Digilent Basys3 210183A4DEDFA"} -index 0
rst -system
targets -set -nocase -filter {name =~ "microblaze*#0" && bscan=="USER2"  && jtag_cable_name =~ "Digilent Basys3 210183A4DEDFA"} -index 0
dow /home/taylor/ECE_3700/3700-supreme-fiesta/Finished_Labs/lab_1/lab_1.sdk/ublaze_test/Debug/ublaze_test.elf
----------------End of Script----------------

15:42:22 INFO  : Memory regions updated for context MicroBlaze #0
15:42:22 INFO  : Context for processor 'microblaze_0' is selected.
15:42:22 INFO  : 'con' command is executed.
15:42:22 INFO  : ----------------XSDB Script (After Launch)----------------
targets -set -nocase -filter {name =~ "microblaze*#0" && bscan=="USER2"  && jtag_cable_name =~ "Digilent Basys3 210183A4DEDFA"} -index 0
con
----------------End of Script----------------

15:43:37 INFO  : Launching XSDB server: xsdb -n /opt/Xilinx/SDK/2015.4/scripts/xsdb/xsdb/xsdb-server.tcl
