INFO: [VRFC 10-2263] Analyzing Verilog file "C:/ECE_3700/3700-supreme-fiesta/1_Embedded_Processor_Systems/1_2_SevenSegment/1_2_SevenSegment.ip_user_files/bd/design_1/ipshared/usu.edu/sevensegmentdriver_v1_0/ThePlexer.v" into library xil_defaultlib
INFO: [VRFC 10-311] analyzing module ThePlexer
INFO: [VRFC 10-2263] Analyzing Verilog file "C:/ECE_3700/3700-supreme-fiesta/1_Embedded_Processor_Systems/1_2_SevenSegment/1_2_SevenSegment.ip_user_files/bd/design_1/ipshared/usu.edu/sevensegmentdriver_v1_0/clkB.v" into library xil_defaultlib
INFO: [VRFC 10-311] analyzing module clkB
INFO: [VRFC 10-2263] Analyzing Verilog file "C:/ECE_3700/3700-supreme-fiesta/1_Embedded_Processor_Systems/1_2_SevenSegment/1_2_SevenSegment.ip_user_files/bd/design_1/ipshared/usu.edu/sevensegmentdriver_v1_0/SevenSegmentTruthTable.v" into library xil_defaultlib
INFO: [VRFC 10-311] analyzing module SevenSegmentTruthTable
INFO: [VRFC 10-2263] Analyzing Verilog file "C:/ECE_3700/3700-supreme-fiesta/1_Embedded_Processor_Systems/1_2_SevenSegment/1_2_SevenSegment.ip_user_files/bd/design_1/ipshared/usu.edu/sevensegmentdriver_v1_0/bcd.v" into library xil_defaultlib
INFO: [VRFC 10-311] analyzing module bcd
INFO: [VRFC 10-2263] Analyzing Verilog file "C:/ECE_3700/3700-supreme-fiesta/1_Embedded_Processor_Systems/1_2_SevenSegment/1_2_SevenSegment.ip_user_files/bd/design_1/ipshared/usu.edu/sevensegmentdriver_v1_0/SevenSegmentTop.v" into library xil_defaultlib
INFO: [VRFC 10-311] analyzing module FullDisplay
INFO: [VRFC 10-2263] Analyzing Verilog file "C:/ECE_3700/3700-supreme-fiesta/1_Embedded_Processor_Systems/1_2_SevenSegment/1_2_SevenSegment.ip_user_files/bd/design_1/ip/design_1_SevenSegmentDriver_0_0/sim/design_1_SevenSegmentDriver_0_0.v" into library xil_defaultlib
INFO: [VRFC 10-311] analyzing module design_1_SevenSegmentDriver_0_0
INFO: [VRFC 10-2263] Analyzing Verilog file "C:/ECE_3700/3700-supreme-fiesta/1_Embedded_Processor_Systems/1_2_SevenSegment/1_2_SevenSegment.ip_user_files/bd/design_1/ip/design_1_clk_wiz_0_0/design_1_clk_wiz_0_0_clk_wiz.v" into library xil_defaultlib
INFO: [VRFC 10-311] analyzing module design_1_clk_wiz_0_0_clk_wiz
INFO: [VRFC 10-2458] undeclared symbol clk_in1_design_1_clk_wiz_0_0, assumed default net type wire [C:/ECE_3700/3700-supreme-fiesta/1_Embedded_Processor_Systems/1_2_SevenSegment/1_2_SevenSegment.ip_user_files/bd/design_1/ip/design_1_clk_wiz_0_0/design_1_clk_wiz_0_0_clk_wiz.v:77]
INFO: [VRFC 10-2458] undeclared symbol clk_out1_design_1_clk_wiz_0_0, assumed default net type wire [C:/ECE_3700/3700-supreme-fiesta/1_Embedded_Processor_Systems/1_2_SevenSegment/1_2_SevenSegment.ip_user_files/bd/design_1/ip/design_1_clk_wiz_0_0/design_1_clk_wiz_0_0_clk_wiz.v:127]
INFO: [VRFC 10-2263] Analyzing Verilog file "C:/ECE_3700/3700-supreme-fiesta/1_Embedded_Processor_Systems/1_2_SevenSegment/1_2_SevenSegment.ip_user_files/bd/design_1/ip/design_1_clk_wiz_0_0/design_1_clk_wiz_0_0.v" into library xil_defaultlib
INFO: [VRFC 10-311] analyzing module design_1_clk_wiz_0_0
INFO: [VRFC 10-2263] Analyzing Verilog file "C:/ECE_3700/3700-supreme-fiesta/1_Embedded_Processor_Systems/1_2_SevenSegment/1_2_SevenSegment.ip_user_files/bd/design_1/ipshared/xilinx.com/xlconcat_v2_1/xlconcat.v" into library xil_defaultlib
INFO: [VRFC 10-311] analyzing module xlconcat
INFO: [VRFC 10-2263] Analyzing Verilog file "C:/ECE_3700/3700-supreme-fiesta/1_Embedded_Processor_Systems/1_2_SevenSegment/1_2_SevenSegment.ip_user_files/bd/design_1/ip/design_1_xlconcat_0_0/sim/design_1_xlconcat_0_0.v" into library xil_defaultlib
INFO: [VRFC 10-311] analyzing module design_1_xlconcat_0_0
INFO: [VRFC 10-2263] Analyzing Verilog file "C:/ECE_3700/3700-supreme-fiesta/1_Embedded_Processor_Systems/1_2_SevenSegment/1_2_SevenSegment.ip_user_files/bd/design_1/hdl/design_1.v" into library xil_defaultlib
INFO: [VRFC 10-311] analyzing module design_1
INFO: [VRFC 10-2263] Analyzing Verilog file "C:/ECE_3700/3700-supreme-fiesta/1_Embedded_Processor_Systems/1_2_SevenSegment/1_2_SevenSegment.srcs/sources_1/bd/design_1/hdl/design_1_wrapper.v" into library xil_defaultlib
INFO: [VRFC 10-311] analyzing module design_1_wrapper
INFO: [VRFC 10-2263] Analyzing Verilog file "C:/ECE_3700/3700-supreme-fiesta/1_Embedded_Processor_Systems/1_2_SevenSegment/1_2_SevenSegment.sim/sim_1/behav/glbl.v" into library xil_defaultlib
INFO: [VRFC 10-311] analyzing module glbl
INFO: [VRFC 10-163] Analyzing VHDL file "C:/ECE_3700/3700-supreme-fiesta/1_Embedded_Processor_Systems/1_2_SevenSegment/1_2_SevenSegment.ip_user_files/ipstatic/xbip_utils_v3_0/hdl/xbip_utils_v3_0_vh_rfs.vhd" into library xbip_utils_v3_0_5
INFO: [VRFC 10-163] Analyzing VHDL file "C:/ECE_3700/3700-supreme-fiesta/1_Embedded_Processor_Systems/1_2_SevenSegment/1_2_SevenSegment.ip_user_files/ipstatic/c_reg_fd_v12_0/hdl/c_reg_fd_v12_0_vh_rfs.vhd" into library c_reg_fd_v12_0_1
INFO: [VRFC 10-307] analyzing entity c_reg_fd_v12_0_1_viv
INFO: [VRFC 10-163] Analyzing VHDL file "C:/ECE_3700/3700-supreme-fiesta/1_Embedded_Processor_Systems/1_2_SevenSegment/1_2_SevenSegment.ip_user_files/ipstatic/c_reg_fd_v12_0/hdl/c_reg_fd_v12_0.vhd" into library c_reg_fd_v12_0_1
INFO: [VRFC 10-307] analyzing entity c_reg_fd_v12_0_1
INFO: [VRFC 10-163] Analyzing VHDL file "C:/ECE_3700/3700-supreme-fiesta/1_Embedded_Processor_Systems/1_2_SevenSegment/1_2_SevenSegment.ip_user_files/ipstatic/xbip_dsp48_wrapper_v3_0/hdl/xbip_dsp48_wrapper_v3_0_vh_rfs.vhd" into library xbip_dsp48_wrapper_v3_0_4
INFO: [VRFC 10-307] analyzing entity xbip_dsp48a_wrapper_v3_0
INFO: [VRFC 10-307] analyzing entity xbip_dsp48a1_wrapper_v3_0
INFO: [VRFC 10-307] analyzing entity xbip_dsp48e_wrapper_v3_0
INFO: [VRFC 10-307] analyzing entity xbip_dsp48e1_wrapper_v3_0
INFO: [VRFC 10-307] analyzing entity xbip_dsp48e2_wrapper_v3_0
INFO: [VRFC 10-307] analyzing entity xbip_dsp48_wrapper_v3_0_4
INFO: [VRFC 10-163] Analyzing VHDL file "C:/ECE_3700/3700-supreme-fiesta/1_Embedded_Processor_Systems/1_2_SevenSegment/1_2_SevenSegment.ip_user_files/ipstatic/xbip_pipe_v3_0/hdl/xbip_pipe_v3_0_vh_rfs.vhd" into library xbip_pipe_v3_0_1
INFO: [VRFC 10-307] analyzing entity xbip_pipe_v3_0_1_viv
INFO: [VRFC 10-163] Analyzing VHDL file "C:/ECE_3700/3700-supreme-fiesta/1_Embedded_Processor_Systems/1_2_SevenSegment/1_2_SevenSegment.ip_user_files/ipstatic/xbip_pipe_v3_0/hdl/xbip_pipe_v3_0.vhd" into library xbip_pipe_v3_0_1
INFO: [VRFC 10-307] analyzing entity xbip_pipe_v3_0_1
INFO: [VRFC 10-163] Analyzing VHDL file "C:/ECE_3700/3700-supreme-fiesta/1_Embedded_Processor_Systems/1_2_SevenSegment/1_2_SevenSegment.ip_user_files/ipstatic/xbip_dsp48_addsub_v3_0/hdl/xbip_dsp48_addsub_v3_0_vh_rfs.vhd" into library xbip_dsp48_addsub_v3_0_1
INFO: [VRFC 10-307] analyzing entity xbip_dsp48_addsub_rtl
INFO: [VRFC 10-307] analyzing entity xbip_dsp48_addsub_synth
INFO: [VRFC 10-307] analyzing entity xbip_dsp48_addsub_v3_0_1_viv
INFO: [VRFC 10-163] Analyzing VHDL file "C:/ECE_3700/3700-supreme-fiesta/1_Embedded_Processor_Systems/1_2_SevenSegment/1_2_SevenSegment.ip_user_files/ipstatic/xbip_dsp48_addsub_v3_0/hdl/xbip_dsp48_addsub_v3_0.vhd" into library xbip_dsp48_addsub_v3_0_1
INFO: [VRFC 10-307] analyzing entity xbip_dsp48_addsub_v3_0_1
INFO: [VRFC 10-163] Analyzing VHDL file "C:/ECE_3700/3700-supreme-fiesta/1_Embedded_Processor_Systems/1_2_SevenSegment/1_2_SevenSegment.ip_user_files/ipstatic/xbip_addsub_v3_0/hdl/xbip_addsub_v3_0_vh_rfs.vhd" into library xbip_addsub_v3_0_1
INFO: [VRFC 10-307] analyzing entity xbip_addsub_v3_0_1_viv
INFO: [VRFC 10-163] Analyzing VHDL file "C:/ECE_3700/3700-supreme-fiesta/1_Embedded_Processor_Systems/1_2_SevenSegment/1_2_SevenSegment.ip_user_files/ipstatic/xbip_addsub_v3_0/hdl/xbip_addsub_v3_0.vhd" into library xbip_addsub_v3_0_1
INFO: [VRFC 10-307] analyzing entity xbip_addsub_v3_0_1
INFO: [VRFC 10-163] Analyzing VHDL file "C:/ECE_3700/3700-supreme-fiesta/1_Embedded_Processor_Systems/1_2_SevenSegment/1_2_SevenSegment.ip_user_files/ipstatic/c_addsub_v12_0/hdl/c_addsub_v12_0_vh_rfs.vhd" into library c_addsub_v12_0_8
INFO: [VRFC 10-307] analyzing entity c_addsub_v12_0_8_lut6_legacy
INFO: [VRFC 10-307] analyzing entity c_addsub_v12_0_8_base_legacy
INFO: [VRFC 10-307] analyzing entity c_addsub_v12_0_8_fabric_legacy
INFO: [VRFC 10-307] analyzing entity c_addsub_v12_0_8_legacy
INFO: [VRFC 10-307] analyzing entity c_addsub_v12_0_8_viv
INFO: [VRFC 10-163] Analyzing VHDL file "C:/ECE_3700/3700-supreme-fiesta/1_Embedded_Processor_Systems/1_2_SevenSegment/1_2_SevenSegment.ip_user_files/ipstatic/c_addsub_v12_0/hdl/c_addsub_v12_0.vhd" into library c_addsub_v12_0_8
INFO: [VRFC 10-307] analyzing entity c_addsub_v12_0_8
INFO: [VRFC 10-163] Analyzing VHDL file "C:/ECE_3700/3700-supreme-fiesta/1_Embedded_Processor_Systems/1_2_SevenSegment/1_2_SevenSegment.ip_user_files/ipstatic/c_gate_bit_v12_0/hdl/c_gate_bit_v12_0_vh_rfs.vhd" into library c_gate_bit_v12_0_1
INFO: [VRFC 10-307] analyzing entity c_gate_bit_tile
INFO: [VRFC 10-307] analyzing entity c_gate_bit_tier
INFO: [VRFC 10-307] analyzing entity c_gate_bit_v12_0_1_viv
INFO: [VRFC 10-163] Analyzing VHDL file "C:/ECE_3700/3700-supreme-fiesta/1_Embedded_Processor_Systems/1_2_SevenSegment/1_2_SevenSegment.ip_user_files/ipstatic/c_gate_bit_v12_0/hdl/c_gate_bit_v12_0.vhd" into library c_gate_bit_v12_0_1
INFO: [VRFC 10-307] analyzing entity c_gate_bit_v12_0_1
INFO: [VRFC 10-163] Analyzing VHDL file "C:/ECE_3700/3700-supreme-fiesta/1_Embedded_Processor_Systems/1_2_SevenSegment/1_2_SevenSegment.ip_user_files/ipstatic/xbip_counter_v3_0/hdl/xbip_counter_v3_0_vh_rfs.vhd" into library xbip_counter_v3_0_1
INFO: [VRFC 10-307] analyzing entity dsp48_counter
INFO: [VRFC 10-307] analyzing entity fabric_counter
INFO: [VRFC 10-307] analyzing entity xbip_counter_v3_0_1_viv
INFO: [VRFC 10-163] Analyzing VHDL file "C:/ECE_3700/3700-supreme-fiesta/1_Embedded_Processor_Systems/1_2_SevenSegment/1_2_SevenSegment.ip_user_files/ipstatic/xbip_counter_v3_0/hdl/xbip_counter_v3_0.vhd" into library xbip_counter_v3_0_1
INFO: [VRFC 10-307] analyzing entity xbip_counter_v3_0_1
INFO: [VRFC 10-163] Analyzing VHDL file "C:/ECE_3700/3700-supreme-fiesta/1_Embedded_Processor_Systems/1_2_SevenSegment/1_2_SevenSegment.ip_user_files/ipstatic/c_counter_binary_v12_0/hdl/c_counter_binary_v12_0_vh_rfs.vhd" into library c_counter_binary_v12_0_8
INFO: [VRFC 10-307] analyzing entity c_counter_binary_v12_0_8_legacy
INFO: [VRFC 10-307] analyzing entity c_counter_binary_v12_0_8_viv
INFO: [VRFC 10-163] Analyzing VHDL file "C:/ECE_3700/3700-supreme-fiesta/1_Embedded_Processor_Systems/1_2_SevenSegment/1_2_SevenSegment.ip_user_files/ipstatic/c_counter_binary_v12_0/hdl/c_counter_binary_v12_0.vhd" into library c_counter_binary_v12_0_8
INFO: [VRFC 10-307] analyzing entity c_counter_binary_v12_0_8
INFO: [VRFC 10-163] Analyzing VHDL file "C:/ECE_3700/3700-supreme-fiesta/1_Embedded_Processor_Systems/1_2_SevenSegment/1_2_SevenSegment.ip_user_files/bd/design_1/ip/design_1_c_counter_binary_0_0/sim/design_1_c_counter_binary_0_0.vhd" into library xil_defaultlib
INFO: [VRFC 10-307] analyzing entity design_1_c_counter_binary_0_0
INFO: [VRFC 10-163] Analyzing VHDL file "C:/ECE_3700/3700-supreme-fiesta/1_Embedded_Processor_Systems/1_2_SevenSegment/1_2_SevenSegment.ip_user_files/bd/design_1/ip/design_1_c_counter_binary_0_1/sim/design_1_c_counter_binary_0_1.vhd" into library xil_defaultlib
INFO: [VRFC 10-307] analyzing entity design_1_c_counter_binary_0_1
INFO: [VRFC 10-163] Analyzing VHDL file "C:/ECE_3700/3700-supreme-fiesta/1_Embedded_Processor_Systems/1_2_SevenSegment/1_2_SevenSegment.ip_user_files/ipstatic/c_mux_bit_v12_0/hdl/c_mux_bit_v12_0_vh_rfs.vhd" into library c_mux_bit_v12_0_1
INFO: [VRFC 10-307] analyzing entity c_mux_bit_pipereg
INFO: [VRFC 10-307] analyzing entity c_mux_bit_4to1
INFO: [VRFC 10-307] analyzing entity c_mux_bit_8to1
INFO: [VRFC 10-307] analyzing entity c_mux_bit_16to1
INFO: [VRFC 10-307] analyzing entity c_mux_bit_32to1
INFO: [VRFC 10-307] analyzing entity c_mux_bit_v12_0_1_viv
INFO: [VRFC 10-163] Analyzing VHDL file "C:/ECE_3700/3700-supreme-fiesta/1_Embedded_Processor_Systems/1_2_SevenSegment/1_2_SevenSegment.ip_user_files/ipstatic/c_mux_bit_v12_0/hdl/c_mux_bit_v12_0.vhd" into library c_mux_bit_v12_0_1
INFO: [VRFC 10-307] analyzing entity c_mux_bit_v12_0_1
INFO: [VRFC 10-163] Analyzing VHDL file "C:/ECE_3700/3700-supreme-fiesta/1_Embedded_Processor_Systems/1_2_SevenSegment/1_2_SevenSegment.ip_user_files/ipstatic/c_shift_ram_v12_0/hdl/c_shift_ram_v12_0_vh_rfs.vhd" into library c_shift_ram_v12_0_8
INFO: [VRFC 10-307] analyzing entity flop
INFO: [VRFC 10-307] analyzing entity sr
INFO: [VRFC 10-307] analyzing entity srl_clb
INFO: [VRFC 10-307] analyzing entity c_shift_ram_speedmux
INFO: [VRFC 10-307] analyzing entity c_shift_ram_v12_0_8_legacy
INFO: [VRFC 10-307] analyzing entity c_shift_ram_v12_0_8_viv
INFO: [VRFC 10-163] Analyzing VHDL file "C:/ECE_3700/3700-supreme-fiesta/1_Embedded_Processor_Systems/1_2_SevenSegment/1_2_SevenSegment.ip_user_files/ipstatic/c_shift_ram_v12_0/hdl/c_shift_ram_v12_0.vhd" into library c_shift_ram_v12_0_8
INFO: [VRFC 10-307] analyzing entity c_shift_ram_v12_0_8
INFO: [VRFC 10-163] Analyzing VHDL file "C:/ECE_3700/3700-supreme-fiesta/1_Embedded_Processor_Systems/1_2_SevenSegment/1_2_SevenSegment.ip_user_files/bd/design_1/ip/design_1_c_shift_ram_0_0/sim/design_1_c_shift_ram_0_0.vhd" into library xil_defaultlib
INFO: [VRFC 10-307] analyzing entity design_1_c_shift_ram_0_0
INFO: [VRFC 10-163] Analyzing VHDL file "C:/ECE_3700/3700-supreme-fiesta/1_Embedded_Processor_Systems/1_2_SevenSegment/1_2_SevenSegment.ip_user_files/bd/design_1/ip/design_1_c_shift_ram_0_1/sim/design_1_c_shift_ram_0_1.vhd" into library xil_defaultlib
INFO: [VRFC 10-307] analyzing entity design_1_c_shift_ram_0_1
