INFO: [VRFC 10-2263] Analyzing Verilog file "C:/ECE_3700/3700-supreme-fiesta/1_Embedded_Processor_Systems/1_2_SevenSegment/1_2_SevenSegment.ip_user_files/bd/design_1/ipshared/usu.edu/sevensegmentdriver_v1_0/ThePlexer.v" into library xil_defaultlib
INFO: [VRFC 10-311] analyzing module ThePlexer
INFO: [VRFC 10-2263] Analyzing Verilog file "C:/ECE_3700/3700-supreme-fiesta/1_Embedded_Processor_Systems/1_2_SevenSegment/1_2_SevenSegment.ip_user_files/bd/design_1/ipshared/usu.edu/sevensegmentdriver_v1_0/clkB.v" into library xil_defaultlib
INFO: [VRFC 10-311] analyzing module clkB
INFO: [VRFC 10-2263] Analyzing Verilog file "C:/ECE_3700/3700-supreme-fiesta/1_Embedded_Processor_Systems/1_2_SevenSegment/1_2_SevenSegment.ip_user_files/bd/design_1/ipshared/usu.edu/sevensegmentdriver_v1_0/SevenSegmentTruthTable.v" into library xil_defaultlib
INFO: [VRFC 10-311] analyzing module SevenSegmentTruthTable
INFO: [VRFC 10-2263] Analyzing Verilog file "C:/ECE_3700/3700-supreme-fiesta/1_Embedded_Processor_Systems/1_2_SevenSegment/1_2_SevenSegment.ip_user_files/bd/design_1/ipshared/usu.edu/sevensegmentdriver_v1_0/bcd.v" into library xil_defaultlib
INFO: [VRFC 10-311] analyzing module bcd
INFO: [VRFC 10-2263] Analyzing Verilog file "C:/ECE_3700/3700-supreme-fiesta/1_Embedded_Processor_Systems/1_2_SevenSegment/1_2_SevenSegment.ip_user_files/bd/design_1/ipshared/usu.edu/sevensegmentdriver_v1_0/SevenSegmentTop.v" into library xil_defaultlib
INFO: [VRFC 10-311] analyzing module FullDisplay
INFO: [VRFC 10-2263] Analyzing Verilog file "C:/ECE_3700/3700-supreme-fiesta/1_Embedded_Processor_Systems/1_2_SevenSegment/1_2_SevenSegment.ip_user_files/bd/design_1/ip/design_1_SevenSegmentDriver_0_0/sim/design_1_SevenSegmentDriver_0_0.v" into library xil_defaultlib
INFO: [VRFC 10-311] analyzing module design_1_SevenSegmentDriver_0_0
INFO: [VRFC 10-2263] Analyzing Verilog file "C:/ECE_3700/3700-supreme-fiesta/1_Embedded_Processor_Systems/1_2_SevenSegment/1_2_SevenSegment.ip_user_files/bd/design_1/ip/design_1_clk_wiz_0_0/design_1_clk_wiz_0_0_clk_wiz.v" into library xil_defaultlib
INFO: [VRFC 10-311] analyzing module design_1_clk_wiz_0_0_clk_wiz
INFO: [VRFC 10-2458] undeclared symbol clk_in1_design_1_clk_wiz_0_0, assumed default net type wire [C:/ECE_3700/3700-supreme-fiesta/1_Embedded_Processor_Systems/1_2_SevenSegment/1_2_SevenSegment.ip_user_files/bd/design_1/ip/design_1_clk_wiz_0_0/design_1_clk_wiz_0_0_clk_wiz.v:77]
INFO: [VRFC 10-2458] undeclared symbol clk_out1_design_1_clk_wiz_0_0, assumed default net type wire [C:/ECE_3700/3700-supreme-fiesta/1_Embedded_Processor_Systems/1_2_SevenSegment/1_2_SevenSegment.ip_user_files/bd/design_1/ip/design_1_clk_wiz_0_0/design_1_clk_wiz_0_0_clk_wiz.v:127]
INFO: [VRFC 10-2263] Analyzing Verilog file "C:/ECE_3700/3700-supreme-fiesta/1_Embedded_Processor_Systems/1_2_SevenSegment/1_2_SevenSegment.ip_user_files/bd/design_1/ip/design_1_clk_wiz_0_0/design_1_clk_wiz_0_0.v" into library xil_defaultlib
INFO: [VRFC 10-311] analyzing module design_1_clk_wiz_0_0
INFO: [VRFC 10-2263] Analyzing Verilog file "C:/ECE_3700/3700-supreme-fiesta/1_Embedded_Processor_Systems/1_2_SevenSegment/1_2_SevenSegment.ip_user_files/bd/design_1/ipshared/xilinx.com/xlconcat_v2_1/xlconcat.v" into library xil_defaultlib
INFO: [VRFC 10-311] analyzing module xlconcat
INFO: [VRFC 10-2263] Analyzing Verilog file "C:/ECE_3700/3700-supreme-fiesta/1_Embedded_Processor_Systems/1_2_SevenSegment/1_2_SevenSegment.ip_user_files/bd/design_1/ip/design_1_xlconcat_0_0/sim/design_1_xlconcat_0_0.v" into library xil_defaultlib
INFO: [VRFC 10-311] analyzing module design_1_xlconcat_0_0
INFO: [VRFC 10-2263] Analyzing Verilog file "C:/ECE_3700/3700-supreme-fiesta/1_Embedded_Processor_Systems/1_2_SevenSegment/1_2_SevenSegment.ip_user_files/bd/design_1/hdl/design_1.v" into library xil_defaultlib
INFO: [VRFC 10-311] analyzing module design_1
INFO: [VRFC 10-2263] Analyzing Verilog file "C:/ECE_3700/3700-supreme-fiesta/1_Embedded_Processor_Systems/1_2_SevenSegment/1_2_SevenSegment.srcs/sources_1/bd/design_1/hdl/design_1_wrapper.v" into library xil_defaultlib
INFO: [VRFC 10-311] analyzing module design_1_wrapper
INFO: [VRFC 10-2263] Analyzing Verilog file "C:/ECE_3700/3700-supreme-fiesta/1_Embedded_Processor_Systems/1_2_SevenSegment/1_2_SevenSegment.sim/sim_1/behav/glbl.v" into library xil_defaultlib
INFO: [VRFC 10-311] analyzing module glbl
