17:55:39 INFO  : Launching XSDB server: xsdb.bat C:/Xilinx/SDK/2015.4/scripts/xsdb/xsdb/xsdb-server.tcl
17:55:44 INFO  : XSDB server has started successfully.
17:55:52 INFO  : Processing command line option -hwspec C:/ECE_3700/3700-supreme-fiesta/1_Embedded_Processor_Systems/1_3_Axi-Periferal/1_3_Axi-Periferal.sdk/SevenSegment_wrapper.hdf.
18:33:06 INFO  : Launching XSDB server: xsdb.bat C:/Xilinx/SDK/2015.4/scripts/xsdb/xsdb/xsdb-server.tcl
18:33:12 INFO  : XSDB server has started successfully.
18:33:22 INFO  : Processing command line option -hwspec C:/ECE_3700/3700-supreme-fiesta/1_Embedded_Processor_Systems/1_3_Axi-Periferal/1_3_Axi-Periferal.sdk/SevenSegment_wrapper.hdf.
18:33:22 INFO  : Checking for hwspec changes in the project SevenSegment_wrapper_hw_platform_0.
18:47:50 INFO  : Launching XSDB server: xsdb.bat C:/Xilinx/SDK/2015.4/scripts/xsdb/xsdb/xsdb-server.tcl
18:47:54 INFO  : XSDB server has started successfully.
18:48:01 INFO  : Processing command line option -hwspec C:/ECE_3700/3700-supreme-fiesta/1_Embedded_Processor_Systems/1_3_Axi-Periferal/1_3_Axi-Periferal.sdk/SevenSegment_wrapper.hdf.
18:48:02 INFO  : Checking for hwspec changes in the project SevenSegment_wrapper_hw_platform_0.
16:07:45 INFO  : Launching XSDB server: xsdb.bat C:/Xilinx/SDK/2015.4/scripts/xsdb/xsdb/xsdb-server.tcl
10:04:17 INFO  : Launching XSDB server: xsdb.bat C:/Xilinx/SDK/2015.4/scripts/xsdb/xsdb/xsdb-server.tcl
10:04:24 INFO  : XSDB server has started successfully.
10:04:38 INFO  : Processing command line option -hwspec C:/ECE_3700/3700-supreme-fiesta/1_Embedded_Processor_Systems/1_3_Axi-Periferal/1_3_Axi-Periferal.sdk/SevenSegment_wrapper.hdf.
10:04:38 INFO  : Checking for hwspec changes in the project SevenSegment_wrapper_hw_platform_0.
15:28:05 INFO  : Launching XSDB server: xsdb.bat C:/Xilinx/SDK/2015.4/scripts/xsdb/xsdb/xsdb-server.tcl
15:28:11 INFO  : XSDB server has started successfully.
15:28:25 INFO  : Processing command line option -hwspec C:/ECE_3700/3700-supreme-fiesta/1_Embedded_Processor_Systems/1_3_Axi-Periferal/1_3_Axi-Periferal.sdk/SevenSegment_wrapper.hdf.
15:28:25 INFO  : Checking for hwspec changes in the project SevenSegment_wrapper_hw_platform_0.
15:33:07 INFO  : Launching XSDB server: xsdb.bat C:/Xilinx/SDK/2015.4/scripts/xsdb/xsdb/xsdb-server.tcl
15:33:11 INFO  : XSDB server has started successfully.
15:33:17 INFO  : Processing command line option -hwspec C:/ECE_3700/3700-supreme-fiesta/1_Embedded_Processor_Systems/1_3_Axi-Periferal/1_3_Axi-Periferal.sdk/SevenSegment_wrapper.hdf.
15:33:19 INFO  : Checking for hwspec changes in the project SevenSegment_wrapper_hw_platform_0.
15:48:44 INFO  : Launching XSDB server: xsdb.bat C:/Xilinx/SDK/2015.4/scripts/xsdb/xsdb/xsdb-server.tcl
15:48:48 INFO  : XSDB server has started successfully.
15:48:54 INFO  : Processing command line option -hwspec C:/ECE_3700/3700-supreme-fiesta/1_Embedded_Processor_Systems/1_3_Axi-Periferal/1_3_Axi-Periferal.sdk/SevenSegment_wrapper.hdf.
15:48:55 INFO  : Checking for hwspec changes in the project SevenSegment_wrapper_hw_platform_0.
15:56:29 INFO  : Launching XSDB server: xsdb.bat C:/Xilinx/SDK/2015.4/scripts/xsdb/xsdb/xsdb-server.tcl
15:56:33 INFO  : XSDB server has started successfully.
15:56:39 INFO  : Processing command line option -hwspec C:/ECE_3700/3700-supreme-fiesta/1_Embedded_Processor_Systems/Lab3Redo/Lab3Redo.sdk/SevenSegment_wrapper.hdf.
16:23:29 INFO  : Launching XSDB server: xsdb.bat C:/Xilinx/SDK/2015.4/scripts/xsdb/xsdb/xsdb-server.tcl
16:23:34 INFO  : XSDB server has started successfully.
16:23:40 INFO  : Processing command line option -hwspec C:/ECE_3700/3700-supreme-fiesta/1_Embedded_Processor_Systems/Lab3Redo/Lab3Redo.sdk/SevenSegment_wrapper.hdf.
16:23:42 INFO  : Checking for hwspec changes in the project SevenSegment_wrapper_hw_platform_1.
16:59:36 INFO  : Launching XSDB server: xsdb.bat C:/Xilinx/SDK/2015.4/scripts/xsdb/xsdb/xsdb-server.tcl
16:59:41 INFO  : XSDB server has started successfully.
16:59:53 INFO  : Processing command line option -hwspec C:/ECE_3700/3700-supreme-fiesta/1_Embedded_Processor_Systems/Lab3Redo/Lab3Redo.sdk/SevenSegment_wrapper.hdf.
16:59:54 INFO  : Checking for hwspec changes in the project SevenSegment_wrapper_hw_platform_1.
13:01:59 INFO  : Launching XSDB server: xsdb.bat C:/Xilinx/SDK/2015.4/scripts/xsdb/xsdb/xsdb-server.tcl
13:02:03 INFO  : XSDB server has started successfully.
13:02:13 INFO  : Processing command line option -hwspec C:/ECE_3700/3700-supreme-fiesta/1_Embedded_Processor_Systems/Lab3Redo/Lab3Redo.sdk/SevenSegment_wrapper.hdf.
13:02:13 INFO  : Checking for hwspec changes in the project SevenSegment_wrapper_hw_platform_1.
16:19:45 INFO  : Launching XSDB server: xsdb -n /opt/Xilinx/SDK/2015.4/scripts/xsdb/xsdb/xsdb-server.tcl
16:19:46 INFO  : XSDB server has started successfully.
16:19:48 INFO  : Processing command line option -hwspec /home/taylor/ECE_3700/3700-supreme-fiesta/1_Embedded_Processor_Systems/Lab3Redo/Lab3Redo.sdk/SevenSegment_wrapper.hdf.
15:05:25 INFO  : Launching XSDB server: xsdb -n /opt/Xilinx/SDK/2015.4/scripts/xsdb/xsdb/xsdb-server.tcl
15:05:26 INFO  : XSDB server has started successfully.
15:05:28 INFO  : Processing command line option -hwspec /home/taylor/ECE_3700/3700-supreme-fiesta/1_Embedded_Processor_Systems/Lab3Redo/Lab3Redo.sdk/SevenSegment_wrapper.hdf.
15:05:29 INFO  : Checking for hwspec changes in the project SevenSegment_wrapper_hw_platform_2.
15:08:26 INFO  : Launching XSDB server: xsdb -n /opt/Xilinx/SDK/2015.4/scripts/xsdb/xsdb/xsdb-server.tcl
15:08:27 INFO  : XSDB server has started successfully.
15:08:28 INFO  : Processing command line option -hwspec /home/taylor/ECE_3700/3700-supreme-fiesta/1_Embedded_Processor_Systems/Lab3Redo/Lab3Redo.sdk/SevenSegment_wrapper.hdf.
15:08:30 INFO  : Checking for hwspec changes in the project SevenSegment_wrapper_hw_platform_2.
15:13:26 INFO  : Launching XSDB server: xsdb -n /opt/Xilinx/SDK/2015.4/scripts/xsdb/xsdb/xsdb-server.tcl
15:13:27 INFO  : XSDB server has started successfully.
15:13:28 INFO  : Processing command line option -hwspec /home/taylor/ECE_3700/3700-supreme-fiesta/1_Embedded_Processor_Systems/Lab3Redo/Lab3Redo.sdk/SevenSegment_wrapper.hdf.
15:13:29 INFO  : Checking for hwspec changes in the project SevenSegment_wrapper_hw_platform_2.
