#-----------------------------------------------------------
# Vivado v2015.4 (64-bit)
# SW Build 1412921 on Wed Nov 18 09:43:45 MST 2015
# IP Build 1412160 on Tue Nov 17 13:47:24 MST 2015
# Start of session at: Wed Jan 31 16:12:10 2018
# Process ID: 33056
# Current directory: C:/Users/Taylor/Documents/ECE_3700/3700-supreme-fiesta/1_Embedded_Processor_Systems/1_2_axi_logic_interface
# Command line: vivado.exe -gui_launcher_event rodinguilauncherevent33616 C:\Users\Taylor\Documents\ECE_3700\3700-supreme-fiesta\1_Embedded_Processor_Systems\1_2_axi_logic_interface\1_2_ublaze_system.xpr
# Log file: C:/Users/Taylor/Documents/ECE_3700/3700-supreme-fiesta/1_Embedded_Processor_Systems/1_2_axi_logic_interface/vivado.log
# Journal file: C:/Users/Taylor/Documents/ECE_3700/3700-supreme-fiesta/1_Embedded_Processor_Systems/1_2_axi_logic_interface\vivado.jou
#-----------------------------------------------------------
start_gui
open_project C:/Users/Taylor/Documents/ECE_3700/3700-supreme-fiesta/1_Embedded_Processor_Systems/1_2_axi_logic_interface/1_2_ublaze_system.xpr
INFO: [ProjectBase 1-489] The host OS only allows 260 characters in a normal path. The project is stored in a path with more than 80 characters. If you experience issues with IP, Block Designs, or files not being found, please consider moving the project to a location with a shorter path. Alternately consider using the OS subst command to map part of the path to a drive letter.
Current project path is 'C:/Users/Taylor/Documents/ECE_3700/3700-supreme-fiesta/1_Embedded_Processor_Systems/1_2_axi_logic_interface'
INFO: [Project 1-313] Project file moved from 'C:/Users/Taylor/Documents/ECE_3700/Vivado/Lab1/1_2_axi_logic_interface' since last save.
WARNING: [Project 1-312] File not found as 'C:/Users/Taylor/Documents/ECE_3700/3700-supreme-fiesta/1_Embedded_Processor_Systems/1_1_ublaze_system/Basys3_Master.xdc'; using path 'C:/Users/Taylor/Documents/ECE_3700/Vivado/Lab1/1_1_ublaze_system/Basys3_Master.xdc' instead.
Scanning sources...
Finished scanning sources
WARNING: [Project 1-312] File not found as 'C:/Users/Taylor/Documents/ECE_3700/3700-supreme-fiesta/1_Embedded_Processor_Systems/1_1_ublaze_system/Basys3_Master.xdc'; using path 'C:/Users/Taylor/Documents/ECE_3700/Vivado/Lab1/1_1_ublaze_system/Basys3_Master.xdc' instead.
WARNING: [Project 1-312] File not found as 'C:/Users/Taylor/Documents/ECE_3700/3700-supreme-fiesta/1_Embedded_Processor_Systems/1_1_ublaze_system/Basys3_Master.xdc'; using path 'C:/Users/Taylor/Documents/ECE_3700/Vivado/Lab1/1_1_ublaze_system/Basys3_Master.xdc' instead.
INFO: [IP_Flow 19-234] Refreshing IP repositories
INFO: [IP_Flow 19-1704] No user IP repositories specified
INFO: [IP_Flow 19-2313] Loaded Vivado IP repository 'C:/Xilinx/Vivado/2015.4/data/ip'.
open_project: Time (s): cpu = 00:01:31 ; elapsed = 00:00:47 . Memory (MB): peak = 919.691 ; gain = 321.125
open_bd_design {C:/Users/Taylor/Documents/ECE_3700/3700-supreme-fiesta/1_Embedded_Processor_Systems/1_2_axi_logic_interface/1_2_ublaze_system.srcs/sources_1/bd/ublaze/ublaze.bd}
Adding component instance block -- xilinx.com:ip:microblaze:9.5 - microblaze_0
Adding component instance block -- xilinx.com:ip:mdm:3.2 - mdm_1
Adding component instance block -- xilinx.com:ip:axi_timer:2.0 - axi_timer_0
Adding component instance block -- xilinx.com:ip:axi_uartlite:2.0 - axi_uartlite_0
Adding component instance block -- xilinx.com:ip:clk_wiz:5.2 - clk_wiz_1
Adding component instance block -- xilinx.com:ip:proc_sys_reset:5.0 - rst_clk_wiz_1_100M
Adding component instance block -- xilinx.com:ip:axi_gpio:2.0 - axi_gpio_0
Adding component instance block -- xilinx.com:ip:axi_crossbar:2.1 - xbar
Adding component instance block -- xilinx.com:ip:lmb_v10:3.0 - dlmb_v10
Adding component instance block -- xilinx.com:ip:lmb_v10:3.0 - ilmb_v10
Adding component instance block -- xilinx.com:ip:lmb_bram_if_cntlr:4.0 - dlmb_bram_if_cntlr
Adding component instance block -- xilinx.com:ip:lmb_bram_if_cntlr:4.0 - ilmb_bram_if_cntlr
Adding component instance block -- xilinx.com:ip:blk_mem_gen:8.3 - lmb_bram
Successfully read diagram <ublaze> from BD file <C:/Users/Taylor/Documents/ECE_3700/3700-supreme-fiesta/1_Embedded_Processor_Systems/1_2_axi_logic_interface/1_2_ublaze_system.srcs/sources_1/bd/ublaze/ublaze.bd>
open_bd_design: Time (s): cpu = 00:00:57 ; elapsed = 00:00:42 . Memory (MB): peak = 1029.816 ; gain = 100.809
regenerate_bd_layout
startgroup
create_bd_cell -type ip -vlnv xilinx.com:ip:axi_gpio:2.0 axi_gpio_1
endgroup
set_property location {2 446 145} [get_bd_cells axi_gpio_1]
delete_bd_objs [get_bd_cells axi_gpio_1]
WARNING: [Board 49-26] cannot add Board Part digilentinc.com:arty-s7-25:part0:1.0 available at C:/Xilinx/Vivado/2015.4/data/boards/board_files/arty-s7-25/E.0/board.xml as part xc7s25csga324-1 specified in board_part file is either invalid or not available
WARNING: [Board 49-26] cannot add Board Part digilentinc.com:arty-s7-50:part0:1.0 available at C:/Xilinx/Vivado/2015.4/data/boards/board_files/arty-s7-50/B.0/board.xml as part xc7s50csga324-1 specified in board_part file is either invalid or not available
WARNING: [Board 49-26] cannot add Board Part digilentinc.com:arty-s7-25:part0:1.0 available at C:/Xilinx/Vivado/2015.4/data/boards/board_files/arty-s7-25/E.0/board.xml as part xc7s25csga324-1 specified in board_part file is either invalid or not available
WARNING: [Board 49-26] cannot add Board Part digilentinc.com:arty-s7-50:part0:1.0 available at C:/Xilinx/Vivado/2015.4/data/boards/board_files/arty-s7-50/B.0/board.xml as part xc7s50csga324-1 specified in board_part file is either invalid or not available
WARNING: [Board 49-26] cannot add Board Part digilentinc.com:arty-s7-25:part0:1.0 available at C:/Xilinx/Vivado/2015.4/data/boards/board_files/arty-s7-25/E.0/board.xml as part xc7s25csga324-1 specified in board_part file is either invalid or not available
WARNING: [Board 49-26] cannot add Board Part digilentinc.com:arty-s7-50:part0:1.0 available at C:/Xilinx/Vivado/2015.4/data/boards/board_files/arty-s7-50/B.0/board.xml as part xc7s50csga324-1 specified in board_part file is either invalid or not available
WARNING: [Board 49-26] cannot add Board Part digilentinc.com:arty-s7-25:part0:1.0 available at C:/Xilinx/Vivado/2015.4/data/boards/board_files/arty-s7-25/E.0/board.xml as part xc7s25csga324-1 specified in board_part file is either invalid or not available
WARNING: [Board 49-26] cannot add Board Part digilentinc.com:arty-s7-50:part0:1.0 available at C:/Xilinx/Vivado/2015.4/data/boards/board_files/arty-s7-50/B.0/board.xml as part xc7s50csga324-1 specified in board_part file is either invalid or not available
WARNING: [Board 49-26] cannot add Board Part digilentinc.com:arty-s7-25:part0:1.0 available at C:/Xilinx/Vivado/2015.4/data/boards/board_files/arty-s7-25/E.0/board.xml as part xc7s25csga324-1 specified in board_part file is either invalid or not available
WARNING: [Board 49-26] cannot add Board Part digilentinc.com:arty-s7-50:part0:1.0 available at C:/Xilinx/Vivado/2015.4/data/boards/board_files/arty-s7-50/B.0/board.xml as part xc7s50csga324-1 specified in board_part file is either invalid or not available
WARNING: [Board 49-26] cannot add Board Part digilentinc.com:arty-s7-25:part0:1.0 available at C:/Xilinx/Vivado/2015.4/data/boards/board_files/arty-s7-25/E.0/board.xml as part xc7s25csga324-1 specified in board_part file is either invalid or not available
WARNING: [Board 49-26] cannot add Board Part digilentinc.com:arty-s7-50:part0:1.0 available at C:/Xilinx/Vivado/2015.4/data/boards/board_files/arty-s7-50/B.0/board.xml as part xc7s50csga324-1 specified in board_part file is either invalid or not available
WARNING: [Board 49-26] cannot add Board Part digilentinc.com:arty-s7-25:part0:1.0 available at C:/Xilinx/Vivado/2015.4/data/boards/board_files/arty-s7-25/E.0/board.xml as part xc7s25csga324-1 specified in board_part file is either invalid or not available
WARNING: [Board 49-26] cannot add Board Part digilentinc.com:arty-s7-50:part0:1.0 available at C:/Xilinx/Vivado/2015.4/data/boards/board_files/arty-s7-50/B.0/board.xml as part xc7s50csga324-1 specified in board_part file is either invalid or not available
WARNING: [Board 49-26] cannot add Board Part digilentinc.com:arty-s7-25:part0:1.0 available at C:/Xilinx/Vivado/2015.4/data/boards/board_files/arty-s7-25/E.0/board.xml as part xc7s25csga324-1 specified in board_part file is either invalid or not available
WARNING: [Board 49-26] cannot add Board Part digilentinc.com:arty-s7-50:part0:1.0 available at C:/Xilinx/Vivado/2015.4/data/boards/board_files/arty-s7-50/B.0/board.xml as part xc7s50csga324-1 specified in board_part file is either invalid or not available
WARNING: [Board 49-26] cannot add Board Part digilentinc.com:arty-s7-25:part0:1.0 available at C:/Xilinx/Vivado/2015.4/data/boards/board_files/arty-s7-25/E.0/board.xml as part xc7s25csga324-1 specified in board_part file is either invalid or not available
WARNING: [Board 49-26] cannot add Board Part digilentinc.com:arty-s7-50:part0:1.0 available at C:/Xilinx/Vivado/2015.4/data/boards/board_files/arty-s7-50/B.0/board.xml as part xc7s50csga324-1 specified in board_part file is either invalid or not available
WARNING: [Board 49-26] cannot add Board Part digilentinc.com:arty-s7-25:part0:1.0 available at C:/Xilinx/Vivado/2015.4/data/boards/board_files/arty-s7-25/E.0/board.xml as part xc7s25csga324-1 specified in board_part file is either invalid or not available
WARNING: [Board 49-26] cannot add Board Part digilentinc.com:arty-s7-50:part0:1.0 available at C:/Xilinx/Vivado/2015.4/data/boards/board_files/arty-s7-50/B.0/board.xml as part xc7s50csga324-1 specified in board_part file is either invalid or not available
WARNING: [Board 49-26] cannot add Board Part digilentinc.com:arty-s7-25:part0:1.0 available at C:/Xilinx/Vivado/2015.4/data/boards/board_files/arty-s7-25/E.0/board.xml as part xc7s25csga324-1 specified in board_part file is either invalid or not available
WARNING: [Board 49-26] cannot add Board Part digilentinc.com:arty-s7-50:part0:1.0 available at C:/Xilinx/Vivado/2015.4/data/boards/board_files/arty-s7-50/B.0/board.xml as part xc7s50csga324-1 specified in board_part file is either invalid or not available
WARNING: [Board 49-26] cannot add Board Part digilentinc.com:arty-s7-25:part0:1.0 available at C:/Xilinx/Vivado/2015.4/data/boards/board_files/arty-s7-25/E.0/board.xml as part xc7s25csga324-1 specified in board_part file is either invalid or not available
WARNING: [Board 49-26] cannot add Board Part digilentinc.com:arty-s7-50:part0:1.0 available at C:/Xilinx/Vivado/2015.4/data/boards/board_files/arty-s7-50/B.0/board.xml as part xc7s50csga324-1 specified in board_part file is either invalid or not available
WARNING: [Board 49-26] cannot add Board Part digilentinc.com:arty-s7-25:part0:1.0 available at C:/Xilinx/Vivado/2015.4/data/boards/board_files/arty-s7-25/E.0/board.xml as part xc7s25csga324-1 specified in board_part file is either invalid or not available
WARNING: [Board 49-26] cannot add Board Part digilentinc.com:arty-s7-50:part0:1.0 available at C:/Xilinx/Vivado/2015.4/data/boards/board_files/arty-s7-50/B.0/board.xml as part xc7s50csga324-1 specified in board_part file is either invalid or not available
WARNING: [Board 49-26] cannot add Board Part digilentinc.com:arty-s7-25:part0:1.0 available at C:/Xilinx/Vivado/2015.4/data/boards/board_files/arty-s7-25/E.0/board.xml as part xc7s25csga324-1 specified in board_part file is either invalid or not available
WARNING: [Board 49-26] cannot add Board Part digilentinc.com:arty-s7-50:part0:1.0 available at C:/Xilinx/Vivado/2015.4/data/boards/board_files/arty-s7-50/B.0/board.xml as part xc7s50csga324-1 specified in board_part file is either invalid or not available
WARNING: [Board 49-26] cannot add Board Part digilentinc.com:arty-s7-25:part0:1.0 available at C:/Xilinx/Vivado/2015.4/data/boards/board_files/arty-s7-25/E.0/board.xml as part xc7s25csga324-1 specified in board_part file is either invalid or not available
WARNING: [Board 49-26] cannot add Board Part digilentinc.com:arty-s7-50:part0:1.0 available at C:/Xilinx/Vivado/2015.4/data/boards/board_files/arty-s7-50/B.0/board.xml as part xc7s50csga324-1 specified in board_part file is either invalid or not available
WARNING: [Board 49-26] cannot add Board Part digilentinc.com:arty-s7-25:part0:1.0 available at C:/Xilinx/Vivado/2015.4/data/boards/board_files/arty-s7-25/E.0/board.xml as part xc7s25csga324-1 specified in board_part file is either invalid or not available
WARNING: [Board 49-26] cannot add Board Part digilentinc.com:arty-s7-50:part0:1.0 available at C:/Xilinx/Vivado/2015.4/data/boards/board_files/arty-s7-50/B.0/board.xml as part xc7s50csga324-1 specified in board_part file is either invalid or not available
WARNING: [Board 49-26] cannot add Board Part digilentinc.com:arty-s7-25:part0:1.0 available at C:/Xilinx/Vivado/2015.4/data/boards/board_files/arty-s7-25/E.0/board.xml as part xc7s25csga324-1 specified in board_part file is either invalid or not available
WARNING: [Board 49-26] cannot add Board Part digilentinc.com:arty-s7-50:part0:1.0 available at C:/Xilinx/Vivado/2015.4/data/boards/board_files/arty-s7-50/B.0/board.xml as part xc7s50csga324-1 specified in board_part file is either invalid or not available
WARNING: [Board 49-26] cannot add Board Part digilentinc.com:arty-s7-25:part0:1.0 available at C:/Xilinx/Vivado/2015.4/data/boards/board_files/arty-s7-25/E.0/board.xml as part xc7s25csga324-1 specified in board_part file is either invalid or not available
WARNING: [Board 49-26] cannot add Board Part digilentinc.com:arty-s7-50:part0:1.0 available at C:/Xilinx/Vivado/2015.4/data/boards/board_files/arty-s7-50/B.0/board.xml as part xc7s50csga324-1 specified in board_part file is either invalid or not available
WARNING: [Board 49-26] cannot add Board Part digilentinc.com:arty-s7-25:part0:1.0 available at C:/Xilinx/Vivado/2015.4/data/boards/board_files/arty-s7-25/E.0/board.xml as part xc7s25csga324-1 specified in board_part file is either invalid or not available
WARNING: [Board 49-26] cannot add Board Part digilentinc.com:arty-s7-50:part0:1.0 available at C:/Xilinx/Vivado/2015.4/data/boards/board_files/arty-s7-50/B.0/board.xml as part xc7s50csga324-1 specified in board_part file is either invalid or not available
WARNING: [Board 49-26] cannot add Board Part digilentinc.com:arty-s7-25:part0:1.0 available at C:/Xilinx/Vivado/2015.4/data/boards/board_files/arty-s7-25/E.0/board.xml as part xc7s25csga324-1 specified in board_part file is either invalid or not available
WARNING: [Board 49-26] cannot add Board Part digilentinc.com:arty-s7-50:part0:1.0 available at C:/Xilinx/Vivado/2015.4/data/boards/board_files/arty-s7-50/B.0/board.xml as part xc7s50csga324-1 specified in board_part file is either invalid or not available
WARNING: [Board 49-26] cannot add Board Part digilentinc.com:arty-s7-25:part0:1.0 available at C:/Xilinx/Vivado/2015.4/data/boards/board_files/arty-s7-25/E.0/board.xml as part xc7s25csga324-1 specified in board_part file is either invalid or not available
WARNING: [Board 49-26] cannot add Board Part digilentinc.com:arty-s7-50:part0:1.0 available at C:/Xilinx/Vivado/2015.4/data/boards/board_files/arty-s7-50/B.0/board.xml as part xc7s50csga324-1 specified in board_part file is either invalid or not available
WARNING: [Board 49-26] cannot add Board Part digilentinc.com:arty-s7-25:part0:1.0 available at C:/Xilinx/Vivado/2015.4/data/boards/board_files/arty-s7-25/E.0/board.xml as part xc7s25csga324-1 specified in board_part file is either invalid or not available
WARNING: [Board 49-26] cannot add Board Part digilentinc.com:arty-s7-50:part0:1.0 available at C:/Xilinx/Vivado/2015.4/data/boards/board_files/arty-s7-50/B.0/board.xml as part xc7s50csga324-1 specified in board_part file is either invalid or not available
WARNING: [Board 49-26] cannot add Board Part digilentinc.com:arty-s7-25:part0:1.0 available at C:/Xilinx/Vivado/2015.4/data/boards/board_files/arty-s7-25/E.0/board.xml as part xc7s25csga324-1 specified in board_part file is either invalid or not available
WARNING: [Board 49-26] cannot add Board Part digilentinc.com:arty-s7-50:part0:1.0 available at C:/Xilinx/Vivado/2015.4/data/boards/board_files/arty-s7-50/B.0/board.xml as part xc7s50csga324-1 specified in board_part file is either invalid or not available
WARNING: [Board 49-26] cannot add Board Part digilentinc.com:arty-s7-25:part0:1.0 available at C:/Xilinx/Vivado/2015.4/data/boards/board_files/arty-s7-25/E.0/board.xml as part xc7s25csga324-1 specified in board_part file is either invalid or not available
WARNING: [Board 49-26] cannot add Board Part digilentinc.com:arty-s7-50:part0:1.0 available at C:/Xilinx/Vivado/2015.4/data/boards/board_files/arty-s7-50/B.0/board.xml as part xc7s50csga324-1 specified in board_part file is either invalid or not available
WARNING: [Board 49-26] cannot add Board Part digilentinc.com:arty-s7-25:part0:1.0 available at C:/Xilinx/Vivado/2015.4/data/boards/board_files/arty-s7-25/E.0/board.xml as part xc7s25csga324-1 specified in board_part file is either invalid or not available
WARNING: [Board 49-26] cannot add Board Part digilentinc.com:arty-s7-50:part0:1.0 available at C:/Xilinx/Vivado/2015.4/data/boards/board_files/arty-s7-50/B.0/board.xml as part xc7s50csga324-1 specified in board_part file is either invalid or not available
WARNING: [Board 49-26] cannot add Board Part digilentinc.com:arty-s7-25:part0:1.0 available at C:/Xilinx/Vivado/2015.4/data/boards/board_files/arty-s7-25/E.0/board.xml as part xc7s25csga324-1 specified in board_part file is either invalid or not available
WARNING: [Board 49-26] cannot add Board Part digilentinc.com:arty-s7-50:part0:1.0 available at C:/Xilinx/Vivado/2015.4/data/boards/board_files/arty-s7-50/B.0/board.xml as part xc7s50csga324-1 specified in board_part file is either invalid or not available
WARNING: [Board 49-26] cannot add Board Part digilentinc.com:arty-s7-25:part0:1.0 available at C:/Xilinx/Vivado/2015.4/data/boards/board_files/arty-s7-25/E.0/board.xml as part xc7s25csga324-1 specified in board_part file is either invalid or not available
WARNING: [Board 49-26] cannot add Board Part digilentinc.com:arty-s7-50:part0:1.0 available at C:/Xilinx/Vivado/2015.4/data/boards/board_files/arty-s7-50/B.0/board.xml as part xc7s50csga324-1 specified in board_part file is either invalid or not available
WARNING: [Board 49-26] cannot add Board Part digilentinc.com:arty-s7-25:part0:1.0 available at C:/Xilinx/Vivado/2015.4/data/boards/board_files/arty-s7-25/E.0/board.xml as part xc7s25csga324-1 specified in board_part file is either invalid or not available
WARNING: [Board 49-26] cannot add Board Part digilentinc.com:arty-s7-50:part0:1.0 available at C:/Xilinx/Vivado/2015.4/data/boards/board_files/arty-s7-50/B.0/board.xml as part xc7s50csga324-1 specified in board_part file is either invalid or not available
WARNING: [Board 49-26] cannot add Board Part digilentinc.com:arty-s7-25:part0:1.0 available at C:/Xilinx/Vivado/2015.4/data/boards/board_files/arty-s7-25/E.0/board.xml as part xc7s25csga324-1 specified in board_part file is either invalid or not available
WARNING: [Board 49-26] cannot add Board Part digilentinc.com:arty-s7-50:part0:1.0 available at C:/Xilinx/Vivado/2015.4/data/boards/board_files/arty-s7-50/B.0/board.xml as part xc7s50csga324-1 specified in board_part file is either invalid or not available
WARNING: [Board 49-26] cannot add Board Part digilentinc.com:arty-s7-25:part0:1.0 available at C:/Xilinx/Vivado/2015.4/data/boards/board_files/arty-s7-25/E.0/board.xml as part xc7s25csga324-1 specified in board_part file is either invalid or not available
WARNING: [Board 49-26] cannot add Board Part digilentinc.com:arty-s7-50:part0:1.0 available at C:/Xilinx/Vivado/2015.4/data/boards/board_files/arty-s7-50/B.0/board.xml as part xc7s50csga324-1 specified in board_part file is either invalid or not available
WARNING: [Board 49-26] cannot add Board Part digilentinc.com:arty-s7-25:part0:1.0 available at C:/Xilinx/Vivado/2015.4/data/boards/board_files/arty-s7-25/E.0/board.xml as part xc7s25csga324-1 specified in board_part file is either invalid or not available
WARNING: [Board 49-26] cannot add Board Part digilentinc.com:arty-s7-50:part0:1.0 available at C:/Xilinx/Vivado/2015.4/data/boards/board_files/arty-s7-50/B.0/board.xml as part xc7s50csga324-1 specified in board_part file is either invalid or not available
WARNING: [Board 49-26] cannot add Board Part digilentinc.com:arty-s7-25:part0:1.0 available at C:/Xilinx/Vivado/2015.4/data/boards/board_files/arty-s7-25/E.0/board.xml as part xc7s25csga324-1 specified in board_part file is either invalid or not available
WARNING: [Board 49-26] cannot add Board Part digilentinc.com:arty-s7-50:part0:1.0 available at C:/Xilinx/Vivado/2015.4/data/boards/board_files/arty-s7-50/B.0/board.xml as part xc7s50csga324-1 specified in board_part file is either invalid or not available
WARNING: [Board 49-26] cannot add Board Part digilentinc.com:arty-s7-25:part0:1.0 available at C:/Xilinx/Vivado/2015.4/data/boards/board_files/arty-s7-25/E.0/board.xml as part xc7s25csga324-1 specified in board_part file is either invalid or not available
WARNING: [Board 49-26] cannot add Board Part digilentinc.com:arty-s7-50:part0:1.0 available at C:/Xilinx/Vivado/2015.4/data/boards/board_files/arty-s7-50/B.0/board.xml as part xc7s50csga324-1 specified in board_part file is either invalid or not available
WARNING: [Board 49-26] cannot add Board Part digilentinc.com:arty-s7-25:part0:1.0 available at C:/Xilinx/Vivado/2015.4/data/boards/board_files/arty-s7-25/E.0/board.xml as part xc7s25csga324-1 specified in board_part file is either invalid or not available
WARNING: [Board 49-26] cannot add Board Part digilentinc.com:arty-s7-50:part0:1.0 available at C:/Xilinx/Vivado/2015.4/data/boards/board_files/arty-s7-50/B.0/board.xml as part xc7s50csga324-1 specified in board_part file is either invalid or not available
WARNING: [Board 49-26] cannot add Board Part digilentinc.com:arty-s7-25:part0:1.0 available at C:/Xilinx/Vivado/2015.4/data/boards/board_files/arty-s7-25/E.0/board.xml as part xc7s25csga324-1 specified in board_part file is either invalid or not available
WARNING: [Board 49-26] cannot add Board Part digilentinc.com:arty-s7-50:part0:1.0 available at C:/Xilinx/Vivado/2015.4/data/boards/board_files/arty-s7-50/B.0/board.xml as part xc7s50csga324-1 specified in board_part file is either invalid or not available
WARNING: [Board 49-26] cannot add Board Part digilentinc.com:arty-s7-25:part0:1.0 available at C:/Xilinx/Vivado/2015.4/data/boards/board_files/arty-s7-25/E.0/board.xml as part xc7s25csga324-1 specified in board_part file is either invalid or not available
WARNING: [Board 49-26] cannot add Board Part digilentinc.com:arty-s7-50:part0:1.0 available at C:/Xilinx/Vivado/2015.4/data/boards/board_files/arty-s7-50/B.0/board.xml as part xc7s50csga324-1 specified in board_part file is either invalid or not available
WARNING: [Board 49-26] cannot add Board Part digilentinc.com:arty-s7-25:part0:1.0 available at C:/Xilinx/Vivado/2015.4/data/boards/board_files/arty-s7-25/E.0/board.xml as part xc7s25csga324-1 specified in board_part file is either invalid or not available
WARNING: [Board 49-26] cannot add Board Part digilentinc.com:arty-s7-50:part0:1.0 available at C:/Xilinx/Vivado/2015.4/data/boards/board_files/arty-s7-50/B.0/board.xml as part xc7s50csga324-1 specified in board_part file is either invalid or not available
WARNING: [Board 49-26] cannot add Board Part digilentinc.com:arty-s7-25:part0:1.0 available at C:/Xilinx/Vivado/2015.4/data/boards/board_files/arty-s7-25/E.0/board.xml as part xc7s25csga324-1 specified in board_part file is either invalid or not available
WARNING: [Board 49-26] cannot add Board Part digilentinc.com:arty-s7-50:part0:1.0 available at C:/Xilinx/Vivado/2015.4/data/boards/board_files/arty-s7-50/B.0/board.xml as part xc7s50csga324-1 specified in board_part file is either invalid or not available
WARNING: [Board 49-26] cannot add Board Part digilentinc.com:arty-s7-25:part0:1.0 available at C:/Xilinx/Vivado/2015.4/data/boards/board_files/arty-s7-25/E.0/board.xml as part xc7s25csga324-1 specified in board_part file is either invalid or not available
WARNING: [Board 49-26] cannot add Board Part digilentinc.com:arty-s7-50:part0:1.0 available at C:/Xilinx/Vivado/2015.4/data/boards/board_files/arty-s7-50/B.0/board.xml as part xc7s50csga324-1 specified in board_part file is either invalid or not available
WARNING: [Board 49-26] cannot add Board Part digilentinc.com:arty-s7-25:part0:1.0 available at C:/Xilinx/Vivado/2015.4/data/boards/board_files/arty-s7-25/E.0/board.xml as part xc7s25csga324-1 specified in board_part file is either invalid or not available
WARNING: [Board 49-26] cannot add Board Part digilentinc.com:arty-s7-50:part0:1.0 available at C:/Xilinx/Vivado/2015.4/data/boards/board_files/arty-s7-50/B.0/board.xml as part xc7s50csga324-1 specified in board_part file is either invalid or not available
WARNING: [Board 49-26] cannot add Board Part digilentinc.com:arty-s7-25:part0:1.0 available at C:/Xilinx/Vivado/2015.4/data/boards/board_files/arty-s7-25/E.0/board.xml as part xc7s25csga324-1 specified in board_part file is either invalid or not available
WARNING: [Board 49-26] cannot add Board Part digilentinc.com:arty-s7-50:part0:1.0 available at C:/Xilinx/Vivado/2015.4/data/boards/board_files/arty-s7-50/B.0/board.xml as part xc7s50csga324-1 specified in board_part file is either invalid or not available
WARNING: [Board 49-26] cannot add Board Part digilentinc.com:arty-s7-25:part0:1.0 available at C:/Xilinx/Vivado/2015.4/data/boards/board_files/arty-s7-25/E.0/board.xml as part xc7s25csga324-1 specified in board_part file is either invalid or not available
WARNING: [Board 49-26] cannot add Board Part digilentinc.com:arty-s7-50:part0:1.0 available at C:/Xilinx/Vivado/2015.4/data/boards/board_files/arty-s7-50/B.0/board.xml as part xc7s50csga324-1 specified in board_part file is either invalid or not available
WARNING: [Board 49-26] cannot add Board Part digilentinc.com:arty-s7-25:part0:1.0 available at C:/Xilinx/Vivado/2015.4/data/boards/board_files/arty-s7-25/E.0/board.xml as part xc7s25csga324-1 specified in board_part file is either invalid or not available
WARNING: [Board 49-26] cannot add Board Part digilentinc.com:arty-s7-50:part0:1.0 available at C:/Xilinx/Vivado/2015.4/data/boards/board_files/arty-s7-50/B.0/board.xml as part xc7s50csga324-1 specified in board_part file is either invalid or not available
WARNING: [Board 49-26] cannot add Board Part digilentinc.com:arty-s7-25:part0:1.0 available at C:/Xilinx/Vivado/2015.4/data/boards/board_files/arty-s7-25/E.0/board.xml as part xc7s25csga324-1 specified in board_part file is either invalid or not available
WARNING: [Board 49-26] cannot add Board Part digilentinc.com:arty-s7-50:part0:1.0 available at C:/Xilinx/Vivado/2015.4/data/boards/board_files/arty-s7-50/B.0/board.xml as part xc7s50csga324-1 specified in board_part file is either invalid or not available
WARNING: [Board 49-26] cannot add Board Part digilentinc.com:arty-s7-25:part0:1.0 available at C:/Xilinx/Vivado/2015.4/data/boards/board_files/arty-s7-25/E.0/board.xml as part xc7s25csga324-1 specified in board_part file is either invalid or not available
WARNING: [Board 49-26] cannot add Board Part digilentinc.com:arty-s7-50:part0:1.0 available at C:/Xilinx/Vivado/2015.4/data/boards/board_files/arty-s7-50/B.0/board.xml as part xc7s50csga324-1 specified in board_part file is either invalid or not available
WARNING: [Board 49-26] cannot add Board Part digilentinc.com:arty-s7-25:part0:1.0 available at C:/Xilinx/Vivado/2015.4/data/boards/board_files/arty-s7-25/E.0/board.xml as part xc7s25csga324-1 specified in board_part file is either invalid or not available
WARNING: [Board 49-26] cannot add Board Part digilentinc.com:arty-s7-50:part0:1.0 available at C:/Xilinx/Vivado/2015.4/data/boards/board_files/arty-s7-50/B.0/board.xml as part xc7s50csga324-1 specified in board_part file is either invalid or not available
WARNING: [Board 49-26] cannot add Board Part digilentinc.com:arty-s7-25:part0:1.0 available at C:/Xilinx/Vivado/2015.4/data/boards/board_files/arty-s7-25/E.0/board.xml as part xc7s25csga324-1 specified in board_part file is either invalid or not available
WARNING: [Board 49-26] cannot add Board Part digilentinc.com:arty-s7-50:part0:1.0 available at C:/Xilinx/Vivado/2015.4/data/boards/board_files/arty-s7-50/B.0/board.xml as part xc7s50csga324-1 specified in board_part file is either invalid or not available
WARNING: [Board 49-26] cannot add Board Part digilentinc.com:arty-s7-25:part0:1.0 available at C:/Xilinx/Vivado/2015.4/data/boards/board_files/arty-s7-25/E.0/board.xml as part xc7s25csga324-1 specified in board_part file is either invalid or not available
WARNING: [Board 49-26] cannot add Board Part digilentinc.com:arty-s7-50:part0:1.0 available at C:/Xilinx/Vivado/2015.4/data/boards/board_files/arty-s7-50/B.0/board.xml as part xc7s50csga324-1 specified in board_part file is either invalid or not available
WARNING: [Board 49-26] cannot add Board Part digilentinc.com:arty-s7-25:part0:1.0 available at C:/Xilinx/Vivado/2015.4/data/boards/board_files/arty-s7-25/E.0/board.xml as part xc7s25csga324-1 specified in board_part file is either invalid or not available
WARNING: [Board 49-26] cannot add Board Part digilentinc.com:arty-s7-50:part0:1.0 available at C:/Xilinx/Vivado/2015.4/data/boards/board_files/arty-s7-50/B.0/board.xml as part xc7s50csga324-1 specified in board_part file is either invalid or not available
WARNING: [Board 49-26] cannot add Board Part digilentinc.com:arty-s7-25:part0:1.0 available at C:/Xilinx/Vivado/2015.4/data/boards/board_files/arty-s7-25/E.0/board.xml as part xc7s25csga324-1 specified in board_part file is either invalid or not available
WARNING: [Board 49-26] cannot add Board Part digilentinc.com:arty-s7-50:part0:1.0 available at C:/Xilinx/Vivado/2015.4/data/boards/board_files/arty-s7-50/B.0/board.xml as part xc7s50csga324-1 specified in board_part file is either invalid or not available
INFO: [Common 17-14] Message 'Board 49-26' appears 100 times and further instances of the messages will be disabled. Use the Tcl command set_msg_config to change the current settings.
create_run synth_2_basysboard -flow {Vivado Synthesis 2015} -strategy Flow_RuntimeOptimized
Run is defaulting to srcset: sources_1
Run is defaulting to constrset: constrs_1
Run is defaulting to part: xc7a35tcpg236-1
current_run [get_runs synth_2_basysboard]
set_property board_part digilentinc.com:basys3:part0:1.1 [current_project]
report_ip_status -name ip_status 
validate_bd_design
ERROR: [BD 5-336] This command cannot be run, as the BD-design is locked. Locked reason(s):
* BD design contains locked IPs. Please run report_ip_status for more details and recommendations on how to fix this issue. 
List of locked IPs: 
ublaze_clk_wiz_1_0
ublaze_axi_uartlite_0_0
ublaze_rst_clk_wiz_1_100M_0
ublaze_axi_gpio_0_0

ERROR: [Common 17-39] 'validate_bd_design' failed due to earlier errors.
upgrade_ip [get_ips  {ublaze_axi_gpio_0_0 ublaze_axi_uartlite_0_0 ublaze_rst_clk_wiz_1_100M_0 ublaze_clk_wiz_1_0}]
Upgrading 'C:/Users/Taylor/Documents/ECE_3700/3700-supreme-fiesta/1_Embedded_Processor_Systems/1_2_axi_logic_interface/1_2_ublaze_system.srcs/sources_1/bd/ublaze/ublaze.bd'
INFO: [IP_Flow 19-3420] Updated ublaze_axi_gpio_0_0 to use current project options
INFO: [IP_Flow 19-3471] Wrote upgrade log to 'c:/Users/Taylor/Documents/ECE_3700/3700-supreme-fiesta/1_Embedded_Processor_Systems/1_2_axi_logic_interface/1_2_ublaze_system.srcs/sources_1/bd/ublaze/ip/ublaze_axi_gpio_0_0/ublaze_axi_gpio_0_0.upgrade_log'.
INFO: [IP_Flow 19-3420] Updated ublaze_axi_uartlite_0_0 to use current project options
INFO: [IP_Flow 19-3471] Wrote upgrade log to 'c:/Users/Taylor/Documents/ECE_3700/3700-supreme-fiesta/1_Embedded_Processor_Systems/1_2_axi_logic_interface/1_2_ublaze_system.srcs/sources_1/bd/ublaze/ip/ublaze_axi_uartlite_0_0/ublaze_axi_uartlite_0_0.upgrade_log'.
INFO: [IP_Flow 19-3420] Updated ublaze_clk_wiz_1_0 to use current project options
INFO: [IP_Flow 19-3471] Wrote upgrade log to 'c:/Users/Taylor/Documents/ECE_3700/3700-supreme-fiesta/1_Embedded_Processor_Systems/1_2_axi_logic_interface/1_2_ublaze_system.srcs/sources_1/bd/ublaze/ip/ublaze_clk_wiz_1_0/ublaze_clk_wiz_1_0.upgrade_log'.
INFO: [IP_Flow 19-3420] Updated ublaze_rst_clk_wiz_1_100M_0 to use current project options
INFO: [IP_Flow 19-3471] Wrote upgrade log to 'c:/Users/Taylor/Documents/ECE_3700/3700-supreme-fiesta/1_Embedded_Processor_Systems/1_2_axi_logic_interface/1_2_ublaze_system.srcs/sources_1/bd/ublaze/ip/ublaze_rst_clk_wiz_1_100M_0/ublaze_rst_clk_wiz_1_100M_0.upgrade_log'.
Wrote  : <C:/Users/Taylor/Documents/ECE_3700/3700-supreme-fiesta/1_Embedded_Processor_Systems/1_2_axi_logic_interface/1_2_ublaze_system.srcs/sources_1/bd/ublaze/ublaze.bd> 
upgrade_ip: Time (s): cpu = 00:00:20 ; elapsed = 00:00:20 . Memory (MB): peak = 1097.254 ; gain = 0.000
report_ip_status -name ip_status 
validate_bd_design
startgroup
endgroup
save_bd_design
Wrote  : <C:/Users/Taylor/Documents/ECE_3700/3700-supreme-fiesta/1_Embedded_Processor_Systems/1_2_axi_logic_interface/1_2_ublaze_system.srcs/sources_1/bd/ublaze/ublaze.bd> 
launch_runs synth_2_basysboard
INFO: [BD 41-1662] The design 'ublaze.bd' is already validated. Therefore parameter propagation will not be re-run.
Verilog Output written to : C:/Users/Taylor/Documents/ECE_3700/3700-supreme-fiesta/1_Embedded_Processor_Systems/1_2_axi_logic_interface/1_2_ublaze_system.srcs/sources_1/bd/ublaze/hdl/ublaze.v
Verilog Output written to : C:/Users/Taylor/Documents/ECE_3700/3700-supreme-fiesta/1_Embedded_Processor_Systems/1_2_axi_logic_interface/1_2_ublaze_system.srcs/sources_1/bd/ublaze/hdl/ublaze_wrapper.v
INFO: [IP_Flow 19-1686] Generating 'Instantiation Template' target for IP 'ublaze_microblaze_0_0'...
INFO: [IP_Flow 19-1686] Generating 'Synthesis' target for IP 'ublaze_microblaze_0_0'...
INFO: [Device 21-403] Loading part xc7a35tcpg236-1
INFO: [IP_Flow 19-1686] Generating 'Simulation' target for IP 'ublaze_microblaze_0_0'...
INFO: [IP_Flow 19-1686] Generating 'Miscellaneous' target for IP 'ublaze_microblaze_0_0'...
INFO: [IP_Flow 19-1686] Generating 'Change Log' target for IP 'ublaze_microblaze_0_0'...
INFO: [BD 41-1029] Generation completed for the IP Integrator block microblaze_0 .
INFO: [IP_Flow 19-1686] Generating 'Instantiation Template' target for IP 'ublaze_dlmb_v10_0'...
INFO: [IP_Flow 19-1686] Generating 'Synthesis' target for IP 'ublaze_dlmb_v10_0'...
INFO: [IP_Flow 19-1686] Generating 'Simulation' target for IP 'ublaze_dlmb_v10_0'...
INFO: [IP_Flow 19-1686] Generating 'Change Log' target for IP 'ublaze_dlmb_v10_0'...
INFO: [BD 41-1029] Generation completed for the IP Integrator block microblaze_0_local_memory/dlmb_v10 .
INFO: [IP_Flow 19-1686] Generating 'Instantiation Template' target for IP 'ublaze_ilmb_v10_0'...
INFO: [IP_Flow 19-1686] Generating 'Synthesis' target for IP 'ublaze_ilmb_v10_0'...
INFO: [IP_Flow 19-1686] Generating 'Simulation' target for IP 'ublaze_ilmb_v10_0'...
INFO: [IP_Flow 19-1686] Generating 'Change Log' target for IP 'ublaze_ilmb_v10_0'...
INFO: [BD 41-1029] Generation completed for the IP Integrator block microblaze_0_local_memory/ilmb_v10 .
INFO: [IP_Flow 19-1686] Generating 'Instantiation Template' target for IP 'ublaze_dlmb_bram_if_cntlr_0'...
INFO: [IP_Flow 19-1686] Generating 'Synthesis' target for IP 'ublaze_dlmb_bram_if_cntlr_0'...
INFO: [IP_Flow 19-1686] Generating 'Simulation' target for IP 'ublaze_dlmb_bram_if_cntlr_0'...
INFO: [IP_Flow 19-1686] Generating 'Change Log' target for IP 'ublaze_dlmb_bram_if_cntlr_0'...
INFO: [BD 41-1029] Generation completed for the IP Integrator block microblaze_0_local_memory/dlmb_bram_if_cntlr .
INFO: [IP_Flow 19-1686] Generating 'Instantiation Template' target for IP 'ublaze_ilmb_bram_if_cntlr_0'...
INFO: [IP_Flow 19-1686] Generating 'Synthesis' target for IP 'ublaze_ilmb_bram_if_cntlr_0'...
INFO: [IP_Flow 19-1686] Generating 'Simulation' target for IP 'ublaze_ilmb_bram_if_cntlr_0'...
INFO: [IP_Flow 19-1686] Generating 'Change Log' target for IP 'ublaze_ilmb_bram_if_cntlr_0'...
INFO: [BD 41-1029] Generation completed for the IP Integrator block microblaze_0_local_memory/ilmb_bram_if_cntlr .
INFO: [IP_Flow 19-1686] Generating 'Instantiation Template' target for IP 'ublaze_lmb_bram_0'...
INFO: [IP_Flow 19-1686] Generating 'Synthesis' target for IP 'ublaze_lmb_bram_0'...
INFO: [IP_Flow 19-1686] Generating 'Simulation' target for IP 'ublaze_lmb_bram_0'...
INFO: [IP_Flow 19-1686] Generating 'Miscellaneous' target for IP 'ublaze_lmb_bram_0'...
INFO: [IP_Flow 19-1686] Generating 'Change Log' target for IP 'ublaze_lmb_bram_0'...
INFO: [BD 41-1029] Generation completed for the IP Integrator block microblaze_0_local_memory/lmb_bram .
INFO: [IP_Flow 19-1686] Generating 'Instantiation Template' target for IP 'ublaze_mdm_1_0'...
INFO: [IP_Flow 19-1686] Generating 'Synthesis' target for IP 'ublaze_mdm_1_0'...
INFO: [IP_Flow 19-1686] Generating 'Simulation' target for IP 'ublaze_mdm_1_0'...
INFO: [IP_Flow 19-1686] Generating 'Change Log' target for IP 'ublaze_mdm_1_0'...
INFO: [BD 41-1029] Generation completed for the IP Integrator block mdm_1 .
INFO: [IP_Flow 19-1686] Generating 'Instantiation Template' target for IP 'ublaze_clk_wiz_1_0'...
INFO: [IP_Flow 19-1686] Generating 'Synthesis' target for IP 'ublaze_clk_wiz_1_0'...
INFO: [IP_Flow 19-1686] Generating 'Simulation' target for IP 'ublaze_clk_wiz_1_0'...
INFO: [IP_Flow 19-1686] Generating 'Implementation' target for IP 'ublaze_clk_wiz_1_0'...
INFO: [IP_Flow 19-1686] Generating 'Change Log' target for IP 'ublaze_clk_wiz_1_0'...
INFO: [BD 41-1029] Generation completed for the IP Integrator block clk_wiz_1 .
INFO: [IP_Flow 19-1686] Generating 'Instantiation Template' target for IP 'ublaze_rst_clk_wiz_1_100M_0'...
INFO: [IP_Flow 19-1686] Generating 'Synthesis' target for IP 'ublaze_rst_clk_wiz_1_100M_0'...
INFO: [IP_Flow 19-1686] Generating 'Simulation' target for IP 'ublaze_rst_clk_wiz_1_100M_0'...
INFO: [IP_Flow 19-1686] Generating 'Implementation' target for IP 'ublaze_rst_clk_wiz_1_100M_0'...
INFO: [IP_Flow 19-1686] Generating 'Change Log' target for IP 'ublaze_rst_clk_wiz_1_100M_0'...
INFO: [BD 41-1029] Generation completed for the IP Integrator block rst_clk_wiz_1_100M .
INFO: [IP_Flow 19-1686] Generating 'Instantiation Template' target for IP 'ublaze_axi_uartlite_0_0'...
INFO: [IP_Flow 19-1686] Generating 'Synthesis' target for IP 'ublaze_axi_uartlite_0_0'...
INFO: [IP_Flow 19-1686] Generating 'Simulation' target for IP 'ublaze_axi_uartlite_0_0'...
INFO: [IP_Flow 19-1686] Generating 'Implementation' target for IP 'ublaze_axi_uartlite_0_0'...
INFO: [IP_Flow 19-1686] Generating 'Change Log' target for IP 'ublaze_axi_uartlite_0_0'...
INFO: [BD 41-1029] Generation completed for the IP Integrator block axi_uartlite_0 .
INFO: [IP_Flow 19-1686] Generating 'Instantiation Template' target for IP 'ublaze_axi_timer_0_0'...
INFO: [IP_Flow 19-1686] Generating 'Synthesis' target for IP 'ublaze_axi_timer_0_0'...
INFO: [IP_Flow 19-1686] Generating 'Simulation' target for IP 'ublaze_axi_timer_0_0'...
INFO: [IP_Flow 19-1686] Generating 'Change Log' target for IP 'ublaze_axi_timer_0_0'...
INFO: [BD 41-1029] Generation completed for the IP Integrator block axi_timer_0 .
INFO: [IP_Flow 19-1686] Generating 'Instantiation Template' target for IP 'ublaze_xbar_0'...
INFO: [IP_Flow 19-1686] Generating 'Synthesis' target for IP 'ublaze_xbar_0'...
INFO: [IP_Flow 19-1686] Generating 'Simulation' target for IP 'ublaze_xbar_0'...
INFO: [IP_Flow 19-1686] Generating 'Change Log' target for IP 'ublaze_xbar_0'...
INFO: [BD 41-1029] Generation completed for the IP Integrator block microblaze_0_axi_periph/xbar .
INFO: [IP_Flow 19-1686] Generating 'Instantiation Template' target for IP 'ublaze_axi_gpio_0_0'...
INFO: [IP_Flow 19-1686] Generating 'Synthesis' target for IP 'ublaze_axi_gpio_0_0'...
INFO: [IP_Flow 19-1686] Generating 'Simulation' target for IP 'ublaze_axi_gpio_0_0'...
INFO: [IP_Flow 19-1686] Generating 'Implementation' target for IP 'ublaze_axi_gpio_0_0'...
INFO: [IP_Flow 19-1686] Generating 'Change Log' target for IP 'ublaze_axi_gpio_0_0'...
INFO: [BD 41-1029] Generation completed for the IP Integrator block axi_gpio_0 .
Exporting to file C:/Users/Taylor/Documents/ECE_3700/3700-supreme-fiesta/1_Embedded_Processor_Systems/1_2_axi_logic_interface/1_2_ublaze_system.srcs/sources_1/bd/ublaze/hw_handoff/ublaze.hwh
Generated Block Design Tcl file C:/Users/Taylor/Documents/ECE_3700/3700-supreme-fiesta/1_Embedded_Processor_Systems/1_2_axi_logic_interface/1_2_ublaze_system.srcs/sources_1/bd/ublaze/hw_handoff/ublaze_bd.tcl
Generated Hardware Definition File C:/Users/Taylor/Documents/ECE_3700/3700-supreme-fiesta/1_Embedded_Processor_Systems/1_2_axi_logic_interface/1_2_ublaze_system.srcs/sources_1/bd/ublaze/hdl/ublaze.hwdef
INFO: [HDL 9-2216] Analyzing Verilog file "C:/Users/Taylor/Documents/ECE_3700/3700-supreme-fiesta/1_Embedded_Processor_Systems/1_2_axi_logic_interface/1_2_ublaze_system.srcs/sources_1/bd/ublaze/hdl/ublaze_wrapper.v" into library work [C:/Users/Taylor/Documents/ECE_3700/3700-supreme-fiesta/1_Embedded_Processor_Systems/1_2_axi_logic_interface/1_2_ublaze_system.srcs/sources_1/bd/ublaze/hdl/ublaze_wrapper.v:1]
INFO: [HDL 9-2216] Analyzing Verilog file "C:/Users/Taylor/Documents/ECE_3700/3700-supreme-fiesta/1_Embedded_Processor_Systems/1_2_axi_logic_interface/1_2_ublaze_system.srcs/sources_1/bd/ublaze/hdl/ublaze.v" into library work [C:/Users/Taylor/Documents/ECE_3700/3700-supreme-fiesta/1_Embedded_Processor_Systems/1_2_axi_logic_interface/1_2_ublaze_system.srcs/sources_1/bd/ublaze/hdl/ublaze.v:1]
[Wed Jan 31 16:28:10 2018] Launched synth_2_basysboard...
Run output will be captured here: C:/Users/Taylor/Documents/ECE_3700/3700-supreme-fiesta/1_Embedded_Processor_Systems/1_2_axi_logic_interface/1_2_ublaze_system.runs/synth_2_basysboard/runme.log
launch_runs: Time (s): cpu = 00:00:38 ; elapsed = 00:00:50 . Memory (MB): peak = 1227.383 ; gain = 130.129
regenerate_bd_layout
save_bd_design
launch_runs impl_2
[Wed Jan 31 16:50:04 2018] Launched impl_2...
Run output will be captured here: C:/Users/Taylor/Documents/ECE_3700/3700-supreme-fiesta/1_Embedded_Processor_Systems/1_2_axi_logic_interface/1_2_ublaze_system.runs/impl_2/runme.log
launch_runs impl_2 -to_step write_bitstream
[Wed Jan 31 16:59:36 2018] Launched impl_2...
Run output will be captured here: C:/Users/Taylor/Documents/ECE_3700/3700-supreme-fiesta/1_Embedded_Processor_Systems/1_2_axi_logic_interface/1_2_ublaze_system.runs/impl_2/runme.log
file copy -force C:/Users/Taylor/Documents/ECE_3700/3700-supreme-fiesta/1_Embedded_Processor_Systems/1_2_axi_logic_interface/1_2_ublaze_system.runs/impl_2/ublaze_wrapper.sysdef C:/Users/Taylor/Documents/ECE_3700/3700-supreme-fiesta/1_Embedded_Processor_Systems/1_2_axi_logic_interface/1_2_ublaze_system.sdk/ublaze_wrapper.hdf

launch_sdk -workspace C:/Users/Taylor/Documents/ECE_3700/3700-supreme-fiesta/1_Embedded_Processor_Systems/1_2_axi_logic_interface/1_2_ublaze_system.sdk -hwspec C:/Users/Taylor/Documents/ECE_3700/3700-supreme-fiesta/1_Embedded_Processor_Systems/1_2_axi_logic_interface/1_2_ublaze_system.sdk/ublaze_wrapper.hdf
INFO: [Vivado 12-393] Launching SDK...
INFO: [Vivado 12-417] Running xsdk -workspace C:/Users/Taylor/Documents/ECE_3700/3700-supreme-fiesta/1_Embedded_Processor_Systems/1_2_axi_logic_interface/1_2_ublaze_system.sdk -hwspec C:/Users/Taylor/Documents/ECE_3700/3700-supreme-fiesta/1_Embedded_Processor_Systems/1_2_axi_logic_interface/1_2_ublaze_system.sdk/ublaze_wrapper.hdf
INFO: [Vivado 12-3157] SDK launch initiated. Please check console for any further messages.
exit
INFO: [Common 17-206] Exiting Vivado at Sat Feb 03 13:50:04 2018...
