22:36:51 INFO  : Launching XSDB server: xsdb -n /opt/Xilinx/SDK/2015.4/scripts/xsdb/xsdb/xsdb-server.tcl
22:36:55 INFO  : XSDB server has started successfully.
22:36:55 INFO  : Processing command line option -hwspec /home/tayspen72/Documents/Vivado/Lab1/1_2_axi_logic_interface/1_2_ublaze_system.sdk/ublaze_wrapper.hdf.
22:41:24 INFO  : 'targets -set -filter {jtag_cable_name =~ "Digilent Basys3 210183A6F33CA" && level==0} -index 0' command is executed.
22:41:24 INFO  : 'fpga -state' command is executed.
22:41:24 INFO  : Connected to target on host '127.0.0.1' and port '3121'.
22:41:24 ERROR : no targets found with "name =~ "microblaze*#0" && bscan=="USER2"  && jtag_cable_name =~ "Digilent Basys3 210183A6F33CA"". available targets:
  1* xc7a35t
22:41:24 INFO  : ----------------XSDB Script----------------
connect -url tcp:127.0.0.1:3121
targets -set -nocase -filter {name =~ "microblaze*#0" && bscan=="USER2"  && jtag_cable_name =~ "Digilent Basys3 210183A6F33CA"} -index 0
----------------End of Script----------------

22:42:56 INFO  : SDK has detected change in the last modified timestamps for source hardware specification file Source:1515908088000,  Project:1515908179000
22:42:56 INFO  : Project ublaze_wrapper_hw_platform_0's source hardware specification located at /home/tayspen72/Documents/Vivado/Lab1/1_2_axi_logic_interface/1_2_ublaze_system.sdk/ublaze_wrapper.hdf is now different from the local copy.
		 The local copy will be replaced with the source specification and your workspace will be updated.
22:43:03 INFO  : Copied contents of /home/tayspen72/Documents/Vivado/Lab1/1_2_axi_logic_interface/1_2_ublaze_system.sdk/ublaze_wrapper.hdf into /ublaze_wrapper_hw_platform_0/system.hdf.
22:43:04 INFO  : Synchronizing projects in the workspace with the hardware platform specification changes.
22:43:05 INFO  : 
22:43:07 INFO  : Updating hardware inferred compiler options for ublaze_test.
22:43:07 INFO  : Clearing existing target manager status.
22:43:09 INFO  : Closing and re-opening the MSS file of ther project ublaze_test_bsp
22:43:10 INFO  : Workspace synchronized with the new hardware specification file. Cleaning dependent projects...
22:43:10 WARN  : Linker script will not be updated automatically. Users need to update it manually.
22:43:31 INFO  : Connected to target on host '127.0.0.1' and port '3121'.
22:43:31 INFO  : 'targets -set -filter {jtag_cable_name =~ "Digilent Basys3 210183A6F33CA" && level==0} -index 0' command is executed.
22:43:32 INFO  : FPGA configured successfully with bitstream "/home/tayspen72/Documents/Vivado/Lab1/1_2_axi_logic_interface/1_2_ublaze_system.sdk/ublaze_wrapper_hw_platform_0/download.bit"
22:43:42 INFO  : 'targets -set -filter {jtag_cable_name =~ "Digilent Basys3 210183A6F33CA" && level==0} -index 0' command is executed.
22:43:43 INFO  : 'fpga -state' command is executed.
22:43:43 INFO  : Connected to target on host '127.0.0.1' and port '3121'.
22:43:43 INFO  : Context for processor 'microblaze_0' is selected.
22:43:43 INFO  : Hardware design information is loaded from '/home/tayspen72/Documents/Vivado/Lab1/1_2_axi_logic_interface/1_2_ublaze_system.sdk/ublaze_wrapper_hw_platform_0/system.hdf'.
22:43:43 INFO  : Context for processor 'microblaze_0' is selected.
22:43:44 INFO  : Processor reset is completed for 'microblaze_0'.
22:43:44 INFO  : Context for processor 'microblaze_0' is selected.
22:43:44 INFO  : The application '/home/tayspen72/Documents/Vivado/Lab1/1_2_axi_logic_interface/1_2_ublaze_system.sdk/ublaze_test/Debug/ublaze_test.elf' is downloaded to processor 'microblaze_0'.
22:43:44 INFO  : ----------------XSDB Script----------------
connect -url tcp:127.0.0.1:3121
targets -set -nocase -filter {name =~ "microblaze*#0" && bscan=="USER2"  && jtag_cable_name =~ "Digilent Basys3 210183A6F33CA"} -index 0
loadhw /home/tayspen72/Documents/Vivado/Lab1/1_2_axi_logic_interface/1_2_ublaze_system.sdk/ublaze_wrapper_hw_platform_0/system.hdf
targets -set -nocase -filter {name =~ "microblaze*#0" && bscan=="USER2"  && jtag_cable_name =~ "Digilent Basys3 210183A6F33CA"} -index 0
rst -processor
targets -set -nocase -filter {name =~ "microblaze*#0" && bscan=="USER2"  && jtag_cable_name =~ "Digilent Basys3 210183A6F33CA"} -index 0
dow /home/tayspen72/Documents/Vivado/Lab1/1_2_axi_logic_interface/1_2_ublaze_system.sdk/ublaze_test/Debug/ublaze_test.elf
----------------End of Script----------------

22:43:44 INFO  : Memory regions updated for context MicroBlaze #0
22:43:44 INFO  : Context for processor 'microblaze_0' is selected.
22:43:44 INFO  : 'con' command is executed.
22:43:44 INFO  : ----------------XSDB Script (After Launch)----------------
targets -set -nocase -filter {name =~ "microblaze*#0" && bscan=="USER2"  && jtag_cable_name =~ "Digilent Basys3 210183A6F33CA"} -index 0
con
----------------End of Script----------------

22:52:09 INFO  : Disconnected from the channel tcfchan#1.
22:52:09 INFO  : 'targets -set -filter {jtag_cable_name =~ "Digilent Basys3 210183A6F33CA" && level==0} -index 0' command is executed.
22:52:09 INFO  : 'fpga -state' command is executed.
22:52:09 INFO  : Connected to target on host '127.0.0.1' and port '3121'.
22:52:10 INFO  : Context for processor 'microblaze_0' is selected.
22:52:10 INFO  : Hardware design information is loaded from '/home/tayspen72/Documents/Vivado/Lab1/1_2_axi_logic_interface/1_2_ublaze_system.sdk/ublaze_wrapper_hw_platform_0/system.hdf'.
22:52:10 INFO  : Context for processor 'microblaze_0' is selected.
22:52:10 INFO  : Processor reset is completed for 'microblaze_0'.
22:52:11 INFO  : Context for processor 'microblaze_0' is selected.
22:52:12 INFO  : The application '/home/tayspen72/Documents/Vivado/Lab1/1_2_axi_logic_interface/1_2_ublaze_system.sdk/ublaze_test/Debug/ublaze_test.elf' is downloaded to processor 'microblaze_0'.
22:52:12 INFO  : ----------------XSDB Script----------------
connect -url tcp:127.0.0.1:3121
targets -set -nocase -filter {name =~ "microblaze*#0" && bscan=="USER2"  && jtag_cable_name =~ "Digilent Basys3 210183A6F33CA"} -index 0
loadhw /home/tayspen72/Documents/Vivado/Lab1/1_2_axi_logic_interface/1_2_ublaze_system.sdk/ublaze_wrapper_hw_platform_0/system.hdf
targets -set -nocase -filter {name =~ "microblaze*#0" && bscan=="USER2"  && jtag_cable_name =~ "Digilent Basys3 210183A6F33CA"} -index 0
rst -processor
targets -set -nocase -filter {name =~ "microblaze*#0" && bscan=="USER2"  && jtag_cable_name =~ "Digilent Basys3 210183A6F33CA"} -index 0
dow /home/tayspen72/Documents/Vivado/Lab1/1_2_axi_logic_interface/1_2_ublaze_system.sdk/ublaze_test/Debug/ublaze_test.elf
----------------End of Script----------------

22:52:12 INFO  : Memory regions updated for context MicroBlaze #0
22:52:12 INFO  : Context for processor 'microblaze_0' is selected.
22:52:12 INFO  : 'con' command is executed.
22:52:12 INFO  : ----------------XSDB Script (After Launch)----------------
targets -set -nocase -filter {name =~ "microblaze*#0" && bscan=="USER2"  && jtag_cable_name =~ "Digilent Basys3 210183A6F33CA"} -index 0
con
----------------End of Script----------------

22:52:42 INFO  : Disconnected from the channel tcfchan#2.
22:52:43 INFO  : 'targets -set -filter {jtag_cable_name =~ "Digilent Basys3 210183A6F33CA" && level==0} -index 0' command is executed.
22:52:43 INFO  : 'fpga -state' command is executed.
22:52:43 INFO  : Connected to target on host '127.0.0.1' and port '3121'.
22:52:43 INFO  : Context for processor 'microblaze_0' is selected.
22:52:43 INFO  : Hardware design information is loaded from '/home/tayspen72/Documents/Vivado/Lab1/1_2_axi_logic_interface/1_2_ublaze_system.sdk/ublaze_wrapper_hw_platform_0/system.hdf'.
22:52:44 INFO  : Context for processor 'microblaze_0' is selected.
22:52:44 INFO  : Processor reset is completed for 'microblaze_0'.
22:52:44 INFO  : Context for processor 'microblaze_0' is selected.
22:52:45 INFO  : The application '/home/tayspen72/Documents/Vivado/Lab1/1_2_axi_logic_interface/1_2_ublaze_system.sdk/ublaze_test/Debug/ublaze_test.elf' is downloaded to processor 'microblaze_0'.
22:52:45 INFO  : ----------------XSDB Script----------------
connect -url tcp:127.0.0.1:3121
targets -set -nocase -filter {name =~ "microblaze*#0" && bscan=="USER2"  && jtag_cable_name =~ "Digilent Basys3 210183A6F33CA"} -index 0
loadhw /home/tayspen72/Documents/Vivado/Lab1/1_2_axi_logic_interface/1_2_ublaze_system.sdk/ublaze_wrapper_hw_platform_0/system.hdf
targets -set -nocase -filter {name =~ "microblaze*#0" && bscan=="USER2"  && jtag_cable_name =~ "Digilent Basys3 210183A6F33CA"} -index 0
rst -processor
targets -set -nocase -filter {name =~ "microblaze*#0" && bscan=="USER2"  && jtag_cable_name =~ "Digilent Basys3 210183A6F33CA"} -index 0
dow /home/tayspen72/Documents/Vivado/Lab1/1_2_axi_logic_interface/1_2_ublaze_system.sdk/ublaze_test/Debug/ublaze_test.elf
----------------End of Script----------------

22:52:45 INFO  : Memory regions updated for context MicroBlaze #0
22:52:45 INFO  : Context for processor 'microblaze_0' is selected.
22:52:45 INFO  : 'con' command is executed.
22:52:45 INFO  : ----------------XSDB Script (After Launch)----------------
targets -set -nocase -filter {name =~ "microblaze*#0" && bscan=="USER2"  && jtag_cable_name =~ "Digilent Basys3 210183A6F33CA"} -index 0
con
----------------End of Script----------------

22:54:16 INFO  : Launching XSDB server: xsdb -n /opt/Xilinx/SDK/2015.4/scripts/xsdb/xsdb/xsdb-server.tcl
15:34:35 INFO  : Launching XSDB server: xsdb -n /opt/Xilinx/SDK/2015.4/scripts/xsdb/xsdb/xsdb-server.tcl
15:34:37 INFO  : XSDB server has started successfully.
15:34:38 INFO  : Processing command line option -hwspec /home/tayspen72/Documents/Vivado/Lab1/1_2_axi_logic_interface/1_2_ublaze_system.sdk/ublaze_wrapper.hdf.
15:34:38 INFO  : Checking for hwspec changes in the project ublaze_wrapper_hw_platform_0.
15:35:01 INFO  : Connected to target on host '127.0.0.1' and port '3121'.
15:35:02 INFO  : 'targets -set -filter {jtag_cable_name =~ "Digilent Basys3 210183A6F33CA" && level==0} -index 0' command is executed.
15:35:03 INFO  : FPGA configured successfully with bitstream "/home/tayspen72/Documents/Vivado/Lab1/1_2_axi_logic_interface/1_2_ublaze_system.sdk/ublaze_wrapper_hw_platform_0/download.bit"
15:35:37 INFO  : 'targets -set -filter {jtag_cable_name =~ "Digilent Basys3 210183A6F33CA" && level==0} -index 0' command is executed.
15:35:37 INFO  : 'fpga -state' command is executed.
15:35:37 INFO  : Connected to target on host '127.0.0.1' and port '3121'.
15:35:38 INFO  : Context for processor 'microblaze_0' is selected.
15:35:38 INFO  : Hardware design information is loaded from '/home/tayspen72/Documents/Vivado/Lab1/1_2_axi_logic_interface/1_2_ublaze_system.sdk/ublaze_wrapper_hw_platform_0/system.hdf'.
15:35:38 INFO  : Context for processor 'microblaze_0' is selected.
15:35:38 INFO  : Processor reset is completed for 'microblaze_0'.
15:35:38 INFO  : Context for processor 'microblaze_0' is selected.
15:35:39 INFO  : The application '/home/tayspen72/Documents/Vivado/Lab1/1_2_axi_logic_interface/1_2_ublaze_system.sdk/ublaze_test/Debug/ublaze_test.elf' is downloaded to processor 'microblaze_0'.
15:35:39 INFO  : ----------------XSDB Script----------------
connect -url tcp:127.0.0.1:3121
targets -set -nocase -filter {name =~ "microblaze*#0" && bscan=="USER2"  && jtag_cable_name =~ "Digilent Basys3 210183A6F33CA"} -index 0
loadhw /home/tayspen72/Documents/Vivado/Lab1/1_2_axi_logic_interface/1_2_ublaze_system.sdk/ublaze_wrapper_hw_platform_0/system.hdf
targets -set -nocase -filter {name =~ "microblaze*#0" && bscan=="USER2"  && jtag_cable_name =~ "Digilent Basys3 210183A6F33CA"} -index 0
rst -processor
targets -set -nocase -filter {name =~ "microblaze*#0" && bscan=="USER2"  && jtag_cable_name =~ "Digilent Basys3 210183A6F33CA"} -index 0
dow /home/tayspen72/Documents/Vivado/Lab1/1_2_axi_logic_interface/1_2_ublaze_system.sdk/ublaze_test/Debug/ublaze_test.elf
----------------End of Script----------------

15:35:40 INFO  : Memory regions updated for context MicroBlaze #0
15:35:40 INFO  : Context for processor 'microblaze_0' is selected.
15:35:40 INFO  : 'con' command is executed.
15:35:40 INFO  : ----------------XSDB Script (After Launch)----------------
targets -set -nocase -filter {name =~ "microblaze*#0" && bscan=="USER2"  && jtag_cable_name =~ "Digilent Basys3 210183A6F33CA"} -index 0
con
----------------End of Script----------------

15:35:55 INFO  : Launching XSDB server: xsdb -n /opt/Xilinx/SDK/2015.4/scripts/xsdb/xsdb/xsdb-server.tcl
15:36:37 INFO  : Launching XSDB server: xsdb -n /opt/Xilinx/SDK/2015.4/scripts/xsdb/xsdb/xsdb-server.tcl
15:36:39 INFO  : XSDB server has started successfully.
15:36:39 INFO  : Processing command line option -hwspec /home/tayspen72/Documents/Vivado/Lab1/1_2_axi_logic_interface/1_2_ublaze_system.sdk/ublaze_wrapper.hdf.
15:36:40 INFO  : Checking for hwspec changes in the project ublaze_wrapper_hw_platform_0.
15:37:15 INFO  : Launching XSDB server: xsdb -n /opt/Xilinx/SDK/2015.4/scripts/xsdb/xsdb/xsdb-server.tcl
15:37:17 INFO  : XSDB server has started successfully.
15:37:18 INFO  : Processing command line option -hwspec /home/tayspen72/Documents/Vivado/Lab1/1_2_axi_logic_interface/1_2_ublaze_system.sdk/ublaze_wrapper.hdf.
15:37:18 INFO  : Checking for hwspec changes in the project ublaze_wrapper_hw_platform_0.
15:38:25 INFO  : Connected to target on host '127.0.0.1' and port '3121'.
15:38:25 INFO  : 'targets -set -filter {jtag_cable_name =~ "Digilent Basys3 210183A6F33CA" && level==0} -index 0' command is executed.
15:38:27 INFO  : FPGA configured successfully with bitstream "/home/tayspen72/Documents/Vivado/Lab1/1_2_axi_logic_interface/1_2_ublaze_system.sdk/ublaze_wrapper_hw_platform_0/download.bit"
15:39:07 INFO  : 'targets -set -filter {jtag_cable_name =~ "Digilent Basys3 210183A6F33CA" && level==0} -index 0' command is executed.
15:39:08 INFO  : 'fpga -state' command is executed.
15:39:08 INFO  : Connected to target on host '127.0.0.1' and port '3121'.
15:39:08 INFO  : Context for processor 'microblaze_0' is selected.
15:39:08 INFO  : Hardware design information is loaded from '/home/tayspen72/Documents/Vivado/Lab1/1_2_axi_logic_interface/1_2_ublaze_system.sdk/ublaze_wrapper_hw_platform_0/system.hdf'.
15:39:08 INFO  : Context for processor 'microblaze_0' is selected.
15:39:09 INFO  : Processor reset is completed for 'microblaze_0'.
15:39:09 INFO  : Context for processor 'microblaze_0' is selected.
15:39:10 INFO  : The application '/home/tayspen72/Documents/Vivado/Lab1/1_2_axi_logic_interface/1_2_ublaze_system.sdk/ublaze_test/Debug/ublaze_test.elf' is downloaded to processor 'microblaze_0'.
15:39:10 INFO  : ----------------XSDB Script----------------
connect -url tcp:127.0.0.1:3121
targets -set -nocase -filter {name =~ "microblaze*#0" && bscan=="USER2"  && jtag_cable_name =~ "Digilent Basys3 210183A6F33CA"} -index 0
loadhw /home/tayspen72/Documents/Vivado/Lab1/1_2_axi_logic_interface/1_2_ublaze_system.sdk/ublaze_wrapper_hw_platform_0/system.hdf
targets -set -nocase -filter {name =~ "microblaze*#0" && bscan=="USER2"  && jtag_cable_name =~ "Digilent Basys3 210183A6F33CA"} -index 0
rst -processor
targets -set -nocase -filter {name =~ "microblaze*#0" && bscan=="USER2"  && jtag_cable_name =~ "Digilent Basys3 210183A6F33CA"} -index 0
dow /home/tayspen72/Documents/Vivado/Lab1/1_2_axi_logic_interface/1_2_ublaze_system.sdk/ublaze_test/Debug/ublaze_test.elf
----------------End of Script----------------

15:39:10 INFO  : Memory regions updated for context MicroBlaze #0
15:39:10 INFO  : Context for processor 'microblaze_0' is selected.
15:39:10 INFO  : 'con' command is executed.
15:39:10 INFO  : ----------------XSDB Script (After Launch)----------------
targets -set -nocase -filter {name =~ "microblaze*#0" && bscan=="USER2"  && jtag_cable_name =~ "Digilent Basys3 210183A6F33CA"} -index 0
con
----------------End of Script----------------

15:41:08 INFO  : Disconnected from the channel tcfchan#1.
15:41:09 INFO  : 'targets -set -filter {jtag_cable_name =~ "Digilent Basys3 210183A6F33CA" && level==0} -index 0' command is executed.
15:41:09 INFO  : 'fpga -state' command is executed.
15:41:09 INFO  : Connected to target on host '127.0.0.1' and port '3121'.
15:41:09 INFO  : Context for processor 'microblaze_0' is selected.
15:41:09 INFO  : Hardware design information is loaded from '/home/tayspen72/Documents/Vivado/Lab1/1_2_axi_logic_interface/1_2_ublaze_system.sdk/ublaze_wrapper_hw_platform_0/system.hdf'.
15:41:10 INFO  : Context for processor 'microblaze_0' is selected.
15:41:10 INFO  : Processor reset is completed for 'microblaze_0'.
15:41:10 INFO  : Context for processor 'microblaze_0' is selected.
15:41:11 INFO  : The application '/home/tayspen72/Documents/Vivado/Lab1/1_2_axi_logic_interface/1_2_ublaze_system.sdk/ublaze_test/Debug/ublaze_test.elf' is downloaded to processor 'microblaze_0'.
15:41:11 INFO  : ----------------XSDB Script----------------
connect -url tcp:127.0.0.1:3121
targets -set -nocase -filter {name =~ "microblaze*#0" && bscan=="USER2"  && jtag_cable_name =~ "Digilent Basys3 210183A6F33CA"} -index 0
loadhw /home/tayspen72/Documents/Vivado/Lab1/1_2_axi_logic_interface/1_2_ublaze_system.sdk/ublaze_wrapper_hw_platform_0/system.hdf
targets -set -nocase -filter {name =~ "microblaze*#0" && bscan=="USER2"  && jtag_cable_name =~ "Digilent Basys3 210183A6F33CA"} -index 0
rst -processor
targets -set -nocase -filter {name =~ "microblaze*#0" && bscan=="USER2"  && jtag_cable_name =~ "Digilent Basys3 210183A6F33CA"} -index 0
dow /home/tayspen72/Documents/Vivado/Lab1/1_2_axi_logic_interface/1_2_ublaze_system.sdk/ublaze_test/Debug/ublaze_test.elf
----------------End of Script----------------

15:41:11 INFO  : Memory regions updated for context MicroBlaze #0
15:41:11 INFO  : Context for processor 'microblaze_0' is selected.
15:41:12 INFO  : 'con' command is executed.
15:41:12 INFO  : ----------------XSDB Script (After Launch)----------------
targets -set -nocase -filter {name =~ "microblaze*#0" && bscan=="USER2"  && jtag_cable_name =~ "Digilent Basys3 210183A6F33CA"} -index 0
con
----------------End of Script----------------

15:55:41 INFO  : Disconnected from the channel tcfchan#2.
15:55:41 INFO  : 'targets -set -filter {jtag_cable_name =~ "Digilent Basys3 210183A6F33CA" && level==0} -index 0' command is executed.
15:55:42 INFO  : 'fpga -state' command is executed.
15:55:42 INFO  : Connected to target on host '127.0.0.1' and port '3121'.
15:55:42 INFO  : Context for processor 'microblaze_0' is selected.
15:55:42 INFO  : Hardware design information is loaded from '/home/tayspen72/Documents/Vivado/Lab1/1_2_axi_logic_interface/1_2_ublaze_system.sdk/ublaze_wrapper_hw_platform_0/system.hdf'.
15:55:42 INFO  : Context for processor 'microblaze_0' is selected.
15:55:43 INFO  : Processor reset is completed for 'microblaze_0'.
15:55:43 INFO  : Context for processor 'microblaze_0' is selected.
15:55:44 INFO  : The application '/home/tayspen72/Documents/Vivado/Lab1/1_2_axi_logic_interface/1_2_ublaze_system.sdk/ublaze_test/Debug/ublaze_test.elf' is downloaded to processor 'microblaze_0'.
15:55:44 INFO  : ----------------XSDB Script----------------
connect -url tcp:127.0.0.1:3121
targets -set -nocase -filter {name =~ "microblaze*#0" && bscan=="USER2"  && jtag_cable_name =~ "Digilent Basys3 210183A6F33CA"} -index 0
loadhw /home/tayspen72/Documents/Vivado/Lab1/1_2_axi_logic_interface/1_2_ublaze_system.sdk/ublaze_wrapper_hw_platform_0/system.hdf
targets -set -nocase -filter {name =~ "microblaze*#0" && bscan=="USER2"  && jtag_cable_name =~ "Digilent Basys3 210183A6F33CA"} -index 0
rst -processor
targets -set -nocase -filter {name =~ "microblaze*#0" && bscan=="USER2"  && jtag_cable_name =~ "Digilent Basys3 210183A6F33CA"} -index 0
dow /home/tayspen72/Documents/Vivado/Lab1/1_2_axi_logic_interface/1_2_ublaze_system.sdk/ublaze_test/Debug/ublaze_test.elf
----------------End of Script----------------

15:55:44 INFO  : Memory regions updated for context MicroBlaze #0
15:55:44 INFO  : Context for processor 'microblaze_0' is selected.
15:55:44 INFO  : 'con' command is executed.
15:55:44 INFO  : ----------------XSDB Script (After Launch)----------------
targets -set -nocase -filter {name =~ "microblaze*#0" && bscan=="USER2"  && jtag_cable_name =~ "Digilent Basys3 210183A6F33CA"} -index 0
con
----------------End of Script----------------

15:58:52 INFO  : Disconnected from the channel tcfchan#3.
15:59:18 INFO  : Connected to target on host '127.0.0.1' and port '3121'.
15:59:48 INFO  : Connected to target on host '127.0.0.1' and port '3121'.
15:59:48 INFO  : 'targets -set -filter {jtag_cable_name =~ "Digilent Basys3 210183A6F33CA" && level==0} -index 0' command is executed.
15:59:49 INFO  : FPGA configured successfully with bitstream "/home/tayspen72/Documents/Vivado/Lab1/1_2_axi_logic_interface/1_2_ublaze_system.sdk/ublaze_wrapper_hw_platform_0/download.bit"
16:00:11 INFO  : 'targets -set -filter {jtag_cable_name =~ "Digilent Basys3 210183A6F33CA" && level==0} -index 0' command is executed.
16:00:11 INFO  : 'fpga -state' command is executed.
16:00:11 INFO  : Connected to target on host '127.0.0.1' and port '3121'.
16:00:11 INFO  : Context for processor 'microblaze_0' is selected.
16:00:11 INFO  : Hardware design information is loaded from '/home/tayspen72/Documents/Vivado/Lab1/1_2_axi_logic_interface/1_2_ublaze_system.sdk/ublaze_wrapper_hw_platform_0/system.hdf'.
16:00:12 INFO  : Context for processor 'microblaze_0' is selected.
16:00:12 INFO  : Processor reset is completed for 'microblaze_0'.
16:00:12 INFO  : Context for processor 'microblaze_0' is selected.
16:00:13 INFO  : The application '/home/tayspen72/Documents/Vivado/Lab1/1_2_axi_logic_interface/1_2_ublaze_system.sdk/ublaze_test/Debug/ublaze_test.elf' is downloaded to processor 'microblaze_0'.
16:00:13 INFO  : ----------------XSDB Script----------------
connect -url tcp:127.0.0.1:3121
targets -set -nocase -filter {name =~ "microblaze*#0" && bscan=="USER2"  && jtag_cable_name =~ "Digilent Basys3 210183A6F33CA"} -index 0
loadhw /home/tayspen72/Documents/Vivado/Lab1/1_2_axi_logic_interface/1_2_ublaze_system.sdk/ublaze_wrapper_hw_platform_0/system.hdf
targets -set -nocase -filter {name =~ "microblaze*#0" && bscan=="USER2"  && jtag_cable_name =~ "Digilent Basys3 210183A6F33CA"} -index 0
rst -processor
targets -set -nocase -filter {name =~ "microblaze*#0" && bscan=="USER2"  && jtag_cable_name =~ "Digilent Basys3 210183A6F33CA"} -index 0
dow /home/tayspen72/Documents/Vivado/Lab1/1_2_axi_logic_interface/1_2_ublaze_system.sdk/ublaze_test/Debug/ublaze_test.elf
----------------End of Script----------------

16:00:13 INFO  : Memory regions updated for context MicroBlaze #0
16:00:13 INFO  : Context for processor 'microblaze_0' is selected.
16:00:14 INFO  : 'con' command is executed.
16:00:14 INFO  : ----------------XSDB Script (After Launch)----------------
targets -set -nocase -filter {name =~ "microblaze*#0" && bscan=="USER2"  && jtag_cable_name =~ "Digilent Basys3 210183A6F33CA"} -index 0
con
----------------End of Script----------------

16:05:42 INFO  : Disconnected from the channel tcfchan#4.
16:05:43 INFO  : 'targets -set -filter {jtag_cable_name =~ "Digilent Basys3 210183A6F33CA" && level==0} -index 0' command is executed.
16:05:43 INFO  : 'fpga -state' command is executed.
16:05:43 INFO  : Connected to target on host '127.0.0.1' and port '3121'.
16:05:44 INFO  : Context for processor 'microblaze_0' is selected.
16:05:44 INFO  : Hardware design information is loaded from '/home/tayspen72/Documents/Vivado/Lab1/1_2_axi_logic_interface/1_2_ublaze_system.sdk/ublaze_wrapper_hw_platform_0/system.hdf'.
16:05:45 INFO  : Context for processor 'microblaze_0' is selected.
16:05:45 INFO  : Processor reset is completed for 'microblaze_0'.
16:05:46 INFO  : Context for processor 'microblaze_0' is selected.
16:05:47 INFO  : The application '/home/tayspen72/Documents/Vivado/Lab1/1_2_axi_logic_interface/1_2_ublaze_system.sdk/ublaze_test/Debug/ublaze_test.elf' is downloaded to processor 'microblaze_0'.
16:05:47 INFO  : ----------------XSDB Script----------------
connect -url tcp:127.0.0.1:3121
targets -set -nocase -filter {name =~ "microblaze*#0" && bscan=="USER2"  && jtag_cable_name =~ "Digilent Basys3 210183A6F33CA"} -index 0
loadhw /home/tayspen72/Documents/Vivado/Lab1/1_2_axi_logic_interface/1_2_ublaze_system.sdk/ublaze_wrapper_hw_platform_0/system.hdf
targets -set -nocase -filter {name =~ "microblaze*#0" && bscan=="USER2"  && jtag_cable_name =~ "Digilent Basys3 210183A6F33CA"} -index 0
rst -processor
targets -set -nocase -filter {name =~ "microblaze*#0" && bscan=="USER2"  && jtag_cable_name =~ "Digilent Basys3 210183A6F33CA"} -index 0
dow /home/tayspen72/Documents/Vivado/Lab1/1_2_axi_logic_interface/1_2_ublaze_system.sdk/ublaze_test/Debug/ublaze_test.elf
----------------End of Script----------------

16:05:47 INFO  : Memory regions updated for context MicroBlaze #0
16:05:47 INFO  : Context for processor 'microblaze_0' is selected.
16:05:47 INFO  : 'con' command is executed.
16:05:47 INFO  : ----------------XSDB Script (After Launch)----------------
targets -set -nocase -filter {name =~ "microblaze*#0" && bscan=="USER2"  && jtag_cable_name =~ "Digilent Basys3 210183A6F33CA"} -index 0
con
----------------End of Script----------------

16:11:55 INFO  : Disconnected from the channel tcfchan#5.
16:11:56 INFO  : 'targets -set -filter {jtag_cable_name =~ "Digilent Basys3 210183A6F33CA" && level==0} -index 0' command is executed.
16:11:56 INFO  : 'fpga -state' command is executed.
16:11:56 INFO  : Connected to target on host '127.0.0.1' and port '3121'.
16:11:57 INFO  : Context for processor 'microblaze_0' is selected.
16:11:57 INFO  : Hardware design information is loaded from '/home/tayspen72/Documents/Vivado/Lab1/1_2_axi_logic_interface/1_2_ublaze_system.sdk/ublaze_wrapper_hw_platform_0/system.hdf'.
16:11:58 INFO  : Context for processor 'microblaze_0' is selected.
16:11:58 INFO  : Processor reset is completed for 'microblaze_0'.
16:11:58 INFO  : Context for processor 'microblaze_0' is selected.
16:12:00 INFO  : The application '/home/tayspen72/Documents/Vivado/Lab1/1_2_axi_logic_interface/1_2_ublaze_system.sdk/ublaze_test/Debug/ublaze_test.elf' is downloaded to processor 'microblaze_0'.
16:12:00 INFO  : ----------------XSDB Script----------------
connect -url tcp:127.0.0.1:3121
targets -set -nocase -filter {name =~ "microblaze*#0" && bscan=="USER2"  && jtag_cable_name =~ "Digilent Basys3 210183A6F33CA"} -index 0
loadhw /home/tayspen72/Documents/Vivado/Lab1/1_2_axi_logic_interface/1_2_ublaze_system.sdk/ublaze_wrapper_hw_platform_0/system.hdf
targets -set -nocase -filter {name =~ "microblaze*#0" && bscan=="USER2"  && jtag_cable_name =~ "Digilent Basys3 210183A6F33CA"} -index 0
rst -processor
targets -set -nocase -filter {name =~ "microblaze*#0" && bscan=="USER2"  && jtag_cable_name =~ "Digilent Basys3 210183A6F33CA"} -index 0
dow /home/tayspen72/Documents/Vivado/Lab1/1_2_axi_logic_interface/1_2_ublaze_system.sdk/ublaze_test/Debug/ublaze_test.elf
----------------End of Script----------------

16:12:00 INFO  : Memory regions updated for context MicroBlaze #0
16:12:00 INFO  : Context for processor 'microblaze_0' is selected.
16:12:00 INFO  : 'con' command is executed.
16:12:00 INFO  : ----------------XSDB Script (After Launch)----------------
targets -set -nocase -filter {name =~ "microblaze*#0" && bscan=="USER2"  && jtag_cable_name =~ "Digilent Basys3 210183A6F33CA"} -index 0
con
----------------End of Script----------------

16:13:04 INFO  : Disconnected from the channel tcfchan#6.
16:13:42 INFO  : Connected to target on host '127.0.0.1' and port '3121'.
16:14:11 INFO  : Connected to target on host '127.0.0.1' and port '3121'.
16:14:11 INFO  : 'targets -set -filter {jtag_cable_name =~ "Digilent Basys3 210183A6F33CA" && level==0} -index 0' command is executed.
16:14:13 INFO  : FPGA configured successfully with bitstream "/home/tayspen72/Documents/Vivado/Lab1/1_2_axi_logic_interface/1_2_ublaze_system.sdk/ublaze_wrapper_hw_platform_0/download.bit"
16:14:21 INFO  : 'targets -set -filter {jtag_cable_name =~ "Digilent Basys3 210183A6F33CA" && level==0} -index 0' command is executed.
16:14:21 INFO  : 'fpga -state' command is executed.
16:14:21 INFO  : Connected to target on host '127.0.0.1' and port '3121'.
16:14:22 INFO  : Context for processor 'microblaze_0' is selected.
16:14:22 INFO  : Hardware design information is loaded from '/home/tayspen72/Documents/Vivado/Lab1/1_2_axi_logic_interface/1_2_ublaze_system.sdk/ublaze_wrapper_hw_platform_0/system.hdf'.
16:14:22 INFO  : Context for processor 'microblaze_0' is selected.
16:14:22 INFO  : Processor reset is completed for 'microblaze_0'.
16:14:23 INFO  : Context for processor 'microblaze_0' is selected.
16:14:24 INFO  : The application '/home/tayspen72/Documents/Vivado/Lab1/1_2_axi_logic_interface/1_2_ublaze_system.sdk/ublaze_test/Debug/ublaze_test.elf' is downloaded to processor 'microblaze_0'.
16:14:24 INFO  : ----------------XSDB Script----------------
connect -url tcp:127.0.0.1:3121
targets -set -nocase -filter {name =~ "microblaze*#0" && bscan=="USER2"  && jtag_cable_name =~ "Digilent Basys3 210183A6F33CA"} -index 0
loadhw /home/tayspen72/Documents/Vivado/Lab1/1_2_axi_logic_interface/1_2_ublaze_system.sdk/ublaze_wrapper_hw_platform_0/system.hdf
targets -set -nocase -filter {name =~ "microblaze*#0" && bscan=="USER2"  && jtag_cable_name =~ "Digilent Basys3 210183A6F33CA"} -index 0
rst -processor
targets -set -nocase -filter {name =~ "microblaze*#0" && bscan=="USER2"  && jtag_cable_name =~ "Digilent Basys3 210183A6F33CA"} -index 0
dow /home/tayspen72/Documents/Vivado/Lab1/1_2_axi_logic_interface/1_2_ublaze_system.sdk/ublaze_test/Debug/ublaze_test.elf
----------------End of Script----------------

16:14:24 INFO  : Memory regions updated for context MicroBlaze #0
16:14:24 INFO  : Context for processor 'microblaze_0' is selected.
16:14:24 INFO  : 'con' command is executed.
16:14:24 INFO  : ----------------XSDB Script (After Launch)----------------
targets -set -nocase -filter {name =~ "microblaze*#0" && bscan=="USER2"  && jtag_cable_name =~ "Digilent Basys3 210183A6F33CA"} -index 0
con
----------------End of Script----------------

16:16:49 INFO  : Disconnected from the channel tcfchan#7.
16:16:49 INFO  : 'targets -set -filter {jtag_cable_name =~ "Digilent Basys3 210183A6F33CA" && level==0} -index 0' command is executed.
16:16:49 INFO  : 'fpga -state' command is executed.
16:16:49 INFO  : Connected to target on host '127.0.0.1' and port '3121'.
16:16:50 INFO  : Context for processor 'microblaze_0' is selected.
16:16:50 INFO  : Hardware design information is loaded from '/home/tayspen72/Documents/Vivado/Lab1/1_2_axi_logic_interface/1_2_ublaze_system.sdk/ublaze_wrapper_hw_platform_0/system.hdf'.
16:16:50 INFO  : Context for processor 'microblaze_0' is selected.
16:16:50 INFO  : Processor reset is completed for 'microblaze_0'.
16:16:51 INFO  : Context for processor 'microblaze_0' is selected.
16:16:52 INFO  : The application '/home/tayspen72/Documents/Vivado/Lab1/1_2_axi_logic_interface/1_2_ublaze_system.sdk/ublaze_test/Debug/ublaze_test.elf' is downloaded to processor 'microblaze_0'.
16:16:52 INFO  : ----------------XSDB Script----------------
connect -url tcp:127.0.0.1:3121
targets -set -nocase -filter {name =~ "microblaze*#0" && bscan=="USER2"  && jtag_cable_name =~ "Digilent Basys3 210183A6F33CA"} -index 0
loadhw /home/tayspen72/Documents/Vivado/Lab1/1_2_axi_logic_interface/1_2_ublaze_system.sdk/ublaze_wrapper_hw_platform_0/system.hdf
targets -set -nocase -filter {name =~ "microblaze*#0" && bscan=="USER2"  && jtag_cable_name =~ "Digilent Basys3 210183A6F33CA"} -index 0
rst -processor
targets -set -nocase -filter {name =~ "microblaze*#0" && bscan=="USER2"  && jtag_cable_name =~ "Digilent Basys3 210183A6F33CA"} -index 0
dow /home/tayspen72/Documents/Vivado/Lab1/1_2_axi_logic_interface/1_2_ublaze_system.sdk/ublaze_test/Debug/ublaze_test.elf
----------------End of Script----------------

16:16:52 INFO  : Memory regions updated for context MicroBlaze #0
16:16:52 INFO  : Context for processor 'microblaze_0' is selected.
16:16:52 INFO  : 'con' command is executed.
16:16:52 INFO  : ----------------XSDB Script (After Launch)----------------
targets -set -nocase -filter {name =~ "microblaze*#0" && bscan=="USER2"  && jtag_cable_name =~ "Digilent Basys3 210183A6F33CA"} -index 0
con
----------------End of Script----------------

16:18:16 INFO  : Connected to target on host '127.0.0.1' and port '3121'.
16:18:16 INFO  : 'targets -set -filter {jtag_cable_name =~ "Digilent Basys3 210183A6F33CA" && level==0} -index 0' command is executed.
16:18:18 INFO  : FPGA configured successfully with bitstream "/home/tayspen72/Documents/Vivado/Lab1/1_2_axi_logic_interface/1_2_ublaze_system.sdk/ublaze_wrapper_hw_platform_0/download.bit"
16:18:26 INFO  : Disconnected from the channel tcfchan#8.
16:18:26 INFO  : 'targets -set -filter {jtag_cable_name =~ "Digilent Basys3 210183A6F33CA" && level==0} -index 0' command is executed.
16:18:26 INFO  : 'fpga -state' command is executed.
16:18:26 INFO  : Connected to target on host '127.0.0.1' and port '3121'.
16:18:27 INFO  : Context for processor 'microblaze_0' is selected.
16:18:27 INFO  : Hardware design information is loaded from '/home/tayspen72/Documents/Vivado/Lab1/1_2_axi_logic_interface/1_2_ublaze_system.sdk/ublaze_wrapper_hw_platform_0/system.hdf'.
16:18:27 INFO  : Context for processor 'microblaze_0' is selected.
16:18:27 INFO  : Processor reset is completed for 'microblaze_0'.
16:18:27 INFO  : Context for processor 'microblaze_0' is selected.
16:18:28 INFO  : The application '/home/tayspen72/Documents/Vivado/Lab1/1_2_axi_logic_interface/1_2_ublaze_system.sdk/ublaze_test/Debug/ublaze_test.elf' is downloaded to processor 'microblaze_0'.
16:18:28 INFO  : ----------------XSDB Script----------------
connect -url tcp:127.0.0.1:3121
targets -set -nocase -filter {name =~ "microblaze*#0" && bscan=="USER2"  && jtag_cable_name =~ "Digilent Basys3 210183A6F33CA"} -index 0
loadhw /home/tayspen72/Documents/Vivado/Lab1/1_2_axi_logic_interface/1_2_ublaze_system.sdk/ublaze_wrapper_hw_platform_0/system.hdf
targets -set -nocase -filter {name =~ "microblaze*#0" && bscan=="USER2"  && jtag_cable_name =~ "Digilent Basys3 210183A6F33CA"} -index 0
rst -processor
targets -set -nocase -filter {name =~ "microblaze*#0" && bscan=="USER2"  && jtag_cable_name =~ "Digilent Basys3 210183A6F33CA"} -index 0
dow /home/tayspen72/Documents/Vivado/Lab1/1_2_axi_logic_interface/1_2_ublaze_system.sdk/ublaze_test/Debug/ublaze_test.elf
----------------End of Script----------------

16:18:28 INFO  : Memory regions updated for context MicroBlaze #0
16:18:29 INFO  : Context for processor 'microblaze_0' is selected.
16:18:29 INFO  : 'con' command is executed.
16:18:29 INFO  : ----------------XSDB Script (After Launch)----------------
targets -set -nocase -filter {name =~ "microblaze*#0" && bscan=="USER2"  && jtag_cable_name =~ "Digilent Basys3 210183A6F33CA"} -index 0
con
----------------End of Script----------------

16:21:18 INFO  : Launching XSDB server: xsdb -n /opt/Xilinx/SDK/2015.4/scripts/xsdb/xsdb/xsdb-server.tcl
15:22:17 INFO  : Launching XSDB server: xsdb.bat C:/Xilinx/SDK/2015.4/scripts/xsdb/xsdb/xsdb-server.tcl
15:22:19 INFO  : XSDB server has started successfully.
15:22:22 INFO  : Processing command line option -hwspec C:/Users/Taylor/Documents/ECE_3700/Vivado/Lab1/1_2_axi_logic_interface/1_2_ublaze_system.sdk/ublaze_wrapper.hdf.
15:39:05 INFO  : Connected to target on host '127.0.0.1' and port '3121'.
15:39:10 INFO  : 'targets -set -filter {jtag_cable_name =~ "Digilent Basys3 210183A4DEDFA" && level==0} -index 0' command is executed.
15:39:12 INFO  : FPGA configured successfully with bitstream "C:/Users/Taylor/Documents/ECE_3700/Vivado/Lab1/1_2_axi_logic_interface/1_2_ublaze_system.sdk/ublaze_wrapper_hw_platform_0/download.bit"
15:53:21 INFO  : 'targets -set -filter {jtag_cable_name =~ "Digilent Basys3 210183A4DEDFA" && level==0} -index 0' command is executed.
15:53:21 INFO  : 'fpga -state' command is executed.
15:53:21 INFO  : Connected to target on host '127.0.0.1' and port '3121'.
15:53:22 INFO  : Context for processor 'microblaze_0' is selected.
15:53:22 INFO  : Hardware design information is loaded from 'C:/Users/Taylor/Documents/ECE_3700/Vivado/Lab1/1_2_axi_logic_interface/1_2_ublaze_system.sdk/ublaze_wrapper_hw_platform_0/system.hdf'.
15:53:23 INFO  : Context for processor 'microblaze_0' is selected.
15:53:24 INFO  : Processor reset is completed for 'microblaze_0'.
15:53:26 INFO  : Context for processor 'microblaze_0' is selected.
15:53:30 INFO  : The application 'C:/Users/Taylor/Documents/ECE_3700/Vivado/Lab1/1_2_axi_logic_interface/1_2_ublaze_system.sdk/ublaze_test/Debug/ublaze_test.elf' is downloaded to processor 'microblaze_0'.
15:53:30 INFO  : ----------------XSDB Script----------------
connect -url tcp:127.0.0.1:3121
targets -set -nocase -filter {name =~ "microblaze*#0" && bscan=="USER2"  && jtag_cable_name =~ "Digilent Basys3 210183A4DEDFA"} -index 0
loadhw C:/Users/Taylor/Documents/ECE_3700/Vivado/Lab1/1_2_axi_logic_interface/1_2_ublaze_system.sdk/ublaze_wrapper_hw_platform_0/system.hdf
targets -set -nocase -filter {name =~ "microblaze*#0" && bscan=="USER2"  && jtag_cable_name =~ "Digilent Basys3 210183A4DEDFA"} -index 0
rst -processor
targets -set -nocase -filter {name =~ "microblaze*#0" && bscan=="USER2"  && jtag_cable_name =~ "Digilent Basys3 210183A4DEDFA"} -index 0
dow C:/Users/Taylor/Documents/ECE_3700/Vivado/Lab1/1_2_axi_logic_interface/1_2_ublaze_system.sdk/ublaze_test/Debug/ublaze_test.elf
----------------End of Script----------------

15:53:34 INFO  : Memory regions updated for context MicroBlaze #0
15:53:35 INFO  : Context for processor 'microblaze_0' is selected.
15:53:36 INFO  : 'con' command is executed.
15:53:36 INFO  : ----------------XSDB Script (After Launch)----------------
targets -set -nocase -filter {name =~ "microblaze*#0" && bscan=="USER2"  && jtag_cable_name =~ "Digilent Basys3 210183A4DEDFA"} -index 0
con
----------------End of Script----------------

15:55:15 INFO  : Disconnected from the channel tcfchan#1.
15:55:16 INFO  : 'targets -set -filter {jtag_cable_name =~ "Digilent Basys3 210183A4DEDFA" && level==0} -index 0' command is executed.
15:55:16 INFO  : 'fpga -state' command is executed.
15:55:16 INFO  : Connected to target on host '127.0.0.1' and port '3121'.
15:55:18 INFO  : Context for processor 'microblaze_0' is selected.
15:55:18 INFO  : Hardware design information is loaded from 'C:/Users/Taylor/Documents/ECE_3700/Vivado/Lab1/1_2_axi_logic_interface/1_2_ublaze_system.sdk/ublaze_wrapper_hw_platform_0/system.hdf'.
15:55:19 INFO  : Context for processor 'microblaze_0' is selected.
15:55:19 INFO  : Processor reset is completed for 'microblaze_0'.
15:55:20 INFO  : Context for processor 'microblaze_0' is selected.
15:55:25 INFO  : The application 'C:/Users/Taylor/Documents/ECE_3700/Vivado/Lab1/1_2_axi_logic_interface/1_2_ublaze_system.sdk/ublaze_test/Debug/ublaze_test.elf' is downloaded to processor 'microblaze_0'.
15:55:25 INFO  : ----------------XSDB Script----------------
connect -url tcp:127.0.0.1:3121
targets -set -nocase -filter {name =~ "microblaze*#0" && bscan=="USER2"  && jtag_cable_name =~ "Digilent Basys3 210183A4DEDFA"} -index 0
loadhw C:/Users/Taylor/Documents/ECE_3700/Vivado/Lab1/1_2_axi_logic_interface/1_2_ublaze_system.sdk/ublaze_wrapper_hw_platform_0/system.hdf
targets -set -nocase -filter {name =~ "microblaze*#0" && bscan=="USER2"  && jtag_cable_name =~ "Digilent Basys3 210183A4DEDFA"} -index 0
rst -processor
targets -set -nocase -filter {name =~ "microblaze*#0" && bscan=="USER2"  && jtag_cable_name =~ "Digilent Basys3 210183A4DEDFA"} -index 0
dow C:/Users/Taylor/Documents/ECE_3700/Vivado/Lab1/1_2_axi_logic_interface/1_2_ublaze_system.sdk/ublaze_test/Debug/ublaze_test.elf
----------------End of Script----------------

15:55:25 INFO  : Memory regions updated for context MicroBlaze #0
15:55:26 INFO  : Context for processor 'microblaze_0' is selected.
15:55:26 INFO  : 'con' command is executed.
15:55:26 INFO  : ----------------XSDB Script (After Launch)----------------
targets -set -nocase -filter {name =~ "microblaze*#0" && bscan=="USER2"  && jtag_cable_name =~ "Digilent Basys3 210183A4DEDFA"} -index 0
con
----------------End of Script----------------

15:55:57 INFO  : Disconnected from the channel tcfchan#2.
15:55:57 INFO  : 'targets -set -filter {jtag_cable_name =~ "Digilent Basys3 210183A4DEDFA" && level==0} -index 0' command is executed.
15:55:58 INFO  : 'fpga -state' command is executed.
15:55:58 INFO  : Connected to target on host '127.0.0.1' and port '3121'.
15:55:58 INFO  : Context for processor 'microblaze_0' is selected.
15:55:58 INFO  : Hardware design information is loaded from 'C:/Users/Taylor/Documents/ECE_3700/Vivado/Lab1/1_2_axi_logic_interface/1_2_ublaze_system.sdk/ublaze_wrapper_hw_platform_0/system.hdf'.
15:55:59 INFO  : Context for processor 'microblaze_0' is selected.
15:56:00 INFO  : Processor reset is completed for 'microblaze_0'.
15:56:01 INFO  : Context for processor 'microblaze_0' is selected.
15:56:04 INFO  : The application 'C:/Users/Taylor/Documents/ECE_3700/Vivado/Lab1/1_2_axi_logic_interface/1_2_ublaze_system.sdk/ublaze_test/Debug/ublaze_test.elf' is downloaded to processor 'microblaze_0'.
15:56:04 INFO  : ----------------XSDB Script----------------
connect -url tcp:127.0.0.1:3121
targets -set -nocase -filter {name =~ "microblaze*#0" && bscan=="USER2"  && jtag_cable_name =~ "Digilent Basys3 210183A4DEDFA"} -index 0
loadhw C:/Users/Taylor/Documents/ECE_3700/Vivado/Lab1/1_2_axi_logic_interface/1_2_ublaze_system.sdk/ublaze_wrapper_hw_platform_0/system.hdf
targets -set -nocase -filter {name =~ "microblaze*#0" && bscan=="USER2"  && jtag_cable_name =~ "Digilent Basys3 210183A4DEDFA"} -index 0
rst -processor
targets -set -nocase -filter {name =~ "microblaze*#0" && bscan=="USER2"  && jtag_cable_name =~ "Digilent Basys3 210183A4DEDFA"} -index 0
dow C:/Users/Taylor/Documents/ECE_3700/Vivado/Lab1/1_2_axi_logic_interface/1_2_ublaze_system.sdk/ublaze_test/Debug/ublaze_test.elf
----------------End of Script----------------

15:56:04 INFO  : Memory regions updated for context MicroBlaze #0
15:56:04 INFO  : Context for processor 'microblaze_0' is selected.
15:56:04 INFO  : 'con' command is executed.
15:56:04 INFO  : ----------------XSDB Script (After Launch)----------------
targets -set -nocase -filter {name =~ "microblaze*#0" && bscan=="USER2"  && jtag_cable_name =~ "Digilent Basys3 210183A4DEDFA"} -index 0
con
----------------End of Script----------------

16:04:05 WARN  : Unexpected exception occurred.
java.io.IOException: Command [C 267 xsdb eval "disconnect tcfchan#3"] aborted
	at org.eclipse.tcf.core.AbstractChannel$9.run(AbstractChannel.java:753)
	at org.eclipse.tcf.EventQueue.run(EventQueue.java:95)
	at java.lang.Thread.run(Thread.java:745)
Caused by: java.net.SocketException: Connection reset
	at java.net.SocketInputStream.read(SocketInputStream.java:209)
	at java.net.SocketInputStream.read(SocketInputStream.java:141)
	at java.io.BufferedInputStream.read1(BufferedInputStream.java:284)
	at java.io.BufferedInputStream.read(BufferedInputStream.java:345)
	at java.io.FilterInputStream.read(FilterInputStream.java:107)
	at org.eclipse.tcf.core.ChannelTCP.get(ChannelTCP.java:162)
	at org.eclipse.tcf.core.StreamChannel.read(StreamChannel.java:84)
	at org.eclipse.tcf.core.AbstractChannel$1.run(AbstractChannel.java:254)
19:09:43 INFO  : Launching XSDB server: xsdb.bat C:/Xilinx/SDK/2015.4/scripts/xsdb/xsdb/xsdb-server.tcl
19:09:49 INFO  : XSDB server has started successfully.
19:10:00 INFO  : Processing command line option -hwspec C:/Users/Taylor/Documents/ECE_3700/3700-supreme-fiesta/1_Embedded_Processor_Systems/1_2_axi_logic_interface/1_2_ublaze_system.sdk/ublaze_wrapper.hdf.
13:21:21 INFO  : 'targets -set -filter {jtag_cable_name =~ "Digilent Basys3 210183A4DEDFA" && level==0} -index 0' command is executed.
13:21:21 INFO  : 'fpga -state' command is executed.
13:22:40 INFO  : Connected to target on host '127.0.0.1' and port '3121'.
13:22:41 INFO  : 'targets -set -filter {jtag_cable_name =~ "Digilent Basys3 210183A4DEDFA" && level==0} -index 0' command is executed.
13:22:42 INFO  : FPGA configured successfully with bitstream "C:/Users/Taylor/Documents/ECE_3700/3700-supreme-fiesta/1_Embedded_Processor_Systems/1_2_axi_logic_interface/1_2_ublaze_system.sdk/ublaze_wrapper_hw_platform_0/download.bit"
13:34:26 INFO  : 'targets -set -filter {jtag_cable_name =~ "Digilent Basys3 210183A4DEDFA" && level==0} -index 0' command is executed.
13:34:26 INFO  : 'fpga -state' command is executed.
13:34:26 INFO  : Connected to target on host '127.0.0.1' and port '3121'.
13:34:27 INFO  : Context for processor 'microblaze_0' is selected.
13:34:27 INFO  : Hardware design information is loaded from 'C:/Users/Taylor/Documents/ECE_3700/3700-supreme-fiesta/1_Embedded_Processor_Systems/1_2_axi_logic_interface/1_2_ublaze_system.sdk/ublaze_wrapper_hw_platform_0/system.hdf'.
13:34:28 INFO  : Context for processor 'microblaze_0' is selected.
13:34:28 INFO  : Processor reset is completed for 'microblaze_0'.
13:34:28 INFO  : Context for processor 'microblaze_0' is selected.
13:34:30 INFO  : The application 'C:/Users/Taylor/Documents/ECE_3700/3700-supreme-fiesta/1_Embedded_Processor_Systems/1_2_axi_logic_interface/1_2_ublaze_system.sdk/ublaze_test/Debug/ublaze_test.elf' is downloaded to processor 'microblaze_0'.
13:34:30 INFO  : ----------------XSDB Script----------------
connect -url tcp:127.0.0.1:3121
targets -set -nocase -filter {name =~ "microblaze*#0" && bscan=="USER2"  && jtag_cable_name =~ "Digilent Basys3 210183A4DEDFA"} -index 0
loadhw C:/Users/Taylor/Documents/ECE_3700/3700-supreme-fiesta/1_Embedded_Processor_Systems/1_2_axi_logic_interface/1_2_ublaze_system.sdk/ublaze_wrapper_hw_platform_0/system.hdf
targets -set -nocase -filter {name =~ "microblaze*#0" && bscan=="USER2"  && jtag_cable_name =~ "Digilent Basys3 210183A4DEDFA"} -index 0
rst -processor
targets -set -nocase -filter {name =~ "microblaze*#0" && bscan=="USER2"  && jtag_cable_name =~ "Digilent Basys3 210183A4DEDFA"} -index 0
dow C:/Users/Taylor/Documents/ECE_3700/3700-supreme-fiesta/1_Embedded_Processor_Systems/1_2_axi_logic_interface/1_2_ublaze_system.sdk/ublaze_test/Debug/ublaze_test.elf
----------------End of Script----------------

13:34:31 INFO  : Memory regions updated for context MicroBlaze #0
13:34:31 INFO  : Context for processor 'microblaze_0' is selected.
13:34:32 INFO  : 'con' command is executed.
13:34:32 INFO  : ----------------XSDB Script (After Launch)----------------
targets -set -nocase -filter {name =~ "microblaze*#0" && bscan=="USER2"  && jtag_cable_name =~ "Digilent Basys3 210183A4DEDFA"} -index 0
con
----------------End of Script----------------

