16:12:36 **** Incremental Build of configuration Debug for project ublaze_test ****
make all 
make: Nothing to be done for 'all'.
16:12:43 **** Incremental Build of configuration Debug for project ublaze_test ****
make all 
make: Nothing to be done for 'all'.
16:14:20 **** Incremental Build of configuration Debug for project ublaze_test ****
make all 
make: Nothing to be done for 'all'.
16:16:47 **** Incremental Build of configuration Debug for project ublaze_test ****
make all 
make: Nothing to be done for 'all'.
16:18:23 **** Incremental Build of configuration Debug for project ublaze_test ****
make all 
make: Nothing to be done for 'all'.
15:22:09 **** Auto Build of configuration Debug for project ublaze_test ****
make all 
make: Nothing to be done for `all'.
15:53:11 **** Incremental Build of configuration Debug for project ublaze_test ****
make all 
make: Nothing to be done for `all'.
15:55:06 **** Incremental Build of configuration Debug for project ublaze_test ****
make all 
make: Nothing to be done for `all'.
15:55:24 **** Incremental Build of configuration Debug for project ublaze_test ****
make all 
make: Nothing to be done for `all'.
15:55:50 **** Incremental Build of configuration Debug for project ublaze_test ****
make all 
make: Nothing to be done for `all'.
13:21:07 **** Incremental Build of configuration Debug for project ublaze_test ****
make all 
make: Nothing to be done for `all'.
13:34:20 **** Incremental Build of configuration Debug for project ublaze_test ****
make all 
make: Nothing to be done for `all'.
