#-----------------------------------------------------------
# Webtalk v2015.4 (64-bit)
# SW Build 1412921 on Wed Nov 18 09:43:45 MST 2015
# 
# Start of session at: Thu Jan 25 11:10:22 2018
# Process ID: 2560
# Current directory: C:/Users/Taylor/Documents/ECE_3700/3700-supreme-fiesta/1_Embedded_Processor_Systems/1_1_ublaze_system/1_1_ublaze_system.sdk/webtalk
# Command line: wbtcv.exe -mode batch -source sdk_webtalk.tcl
# Log file: C:/Users/Taylor/Documents/ECE_3700/3700-supreme-fiesta/1_Embedded_Processor_Systems/1_1_ublaze_system/1_1_ublaze_system.sdk/webtalk/webtalk.log
# Journal file: C:/Users/Taylor/Documents/ECE_3700/3700-supreme-fiesta/1_Embedded_Processor_Systems/1_1_ublaze_system/1_1_ublaze_system.sdk/webtalk\webtalk.jou
#-----------------------------------------------------------
source sdk_webtalk.tcl
# webtalk_init -webtalk_dir C:\\Users\\Taylor\\Documents\\ECE_3700\\3700-supreme-fiesta\\1_Embedded_Processor_Systems\\1_1_ublaze_system\\1_1_ublaze_system.sdk\\webtalk
# webtalk_register_client -client project
# webtalk_add_data -client project -key date_generated -value "Thu Jan 25 11:10:18 2018" -context "software_version_and_target_device"
# webtalk_add_data -client project -key product_version -value "SDK v2015.4" -context "software_version_and_target_device"
# webtalk_add_data -client project -key build_version -value "2015.4" -context "software_version_and_target_device"
# webtalk_add_data -client project -key os_platform -value "amd64" -context "software_version_and_target_device"
# webtalk_add_data -client project -key registration_id -value "" -context "software_version_and_target_device"
# webtalk_add_data -client project -key tool_flow -value "SDK" -context "software_version_and_target_device"
# webtalk_add_data -client project -key beta -value "false" -context "software_version_and_target_device"
# webtalk_add_data -client project -key route_design -value "NA" -context "software_version_and_target_device"
# webtalk_add_data -client project -key target_family -value "NA" -context "software_version_and_target_device"
# webtalk_add_data -client project -key target_device -value "NA" -context "software_version_and_target_device"
# webtalk_add_data -client project -key target_package -value "NA" -context "software_version_and_target_device"
# webtalk_add_data -client project -key target_speed -value "NA" -context "software_version_and_target_device"
# webtalk_add_data -client project -key random_id -value "oto6iprm5l216mskld54n29tkb" -context "software_version_and_target_device"
# webtalk_add_data -client project -key project_id -value "2015.4_1" -context "software_version_and_target_device"
# webtalk_add_data -client project -key project_iteration -value "1" -context "software_version_and_target_device"
# webtalk_add_data -client project -key os_name -value "" -context "user_environment"
# webtalk_add_data -client project -key os_release -value "" -context "user_environment"
# webtalk_add_data -client project -key cpu_name -value "" -context "user_environment"
# webtalk_add_data -client project -key cpu_speed -value "" -context "user_environment"
# webtalk_add_data -client project -key total_processors -value "" -context "user_environment"
# webtalk_add_data -client project -key system_ram -value "" -context "user_environment"
# webtalk_register_client -client sdk
# webtalk_add_data -client sdk -key uid -value "1516774319411" -context "sdk\\\\hardware/1516774319411"
# webtalk_add_data -client sdk -key isZynq -value "false" -context "sdk\\\\hardware/1516774319411"
# webtalk_add_data -client sdk -key Processors -value "1" -context "sdk\\\\hardware/1516774319411"
# webtalk_add_data -client sdk -key VivadoVersion -value "2015.4" -context "sdk\\\\hardware/1516774319411"
# webtalk_add_data -client sdk -key Arch -value "artix7" -context "sdk\\\\hardware/1516774319411"
# webtalk_add_data -client sdk -key Device -value "7a35t" -context "sdk\\\\hardware/1516774319411"
# webtalk_add_data -client sdk -key IsHandoff -value "true" -context "sdk\\\\hardware/1516774319411"
# webtalk_transmit -clientid 3882390121 -regid "" -xml C:\\Users\\Taylor\\Documents\\ECE_3700\\3700-supreme-fiesta\\1_Embedded_Processor_Systems\\1_1_ublaze_system\\1_1_ublaze_system.sdk\\webtalk\\usage_statistics_ext_sdk.xml -html C:\\Users\\Taylor\\Documents\\ECE_3700\\3700-supreme-fiesta\\1_Embedded_Processor_Systems\\1_1_ublaze_system\\1_1_ublaze_system.sdk\\webtalk\\usage_statistics_ext_sdk.html -wdm C:\\Users\\Taylor\\Documents\\ECE_3700\\3700-supreme-fiesta\\1_Embedded_Processor_Systems\\1_1_ublaze_system\\1_1_ublaze_system.sdk\\webtalk\\sdk_webtalk.wdm -intro "<H3>SDK Usage Report</H3><BR>"

    while executing
"webtalk_transmit -clientid 3882390121 -regid "" -xml C:\\Users\\Taylor\\Documents\\ECE_3700\\3700-supreme-fiesta\\1_Embedded_Processor_Systems\\1_1_ub..."
    (file "sdk_webtalk.tcl" line 32)
INFO: [Common 17-206] Exiting Webtalk at Thu Jan 25 11:10:26 2018...
