Copyright 1986-2015 Xilinx, Inc. All Rights Reserved.
-------------------------------------------------------------------------------------------------
| Tool Version : Vivado v.2015.4 (win64) Build 1412921 Wed Nov 18 09:43:45 MST 2015
| Date         : Wed Mar 14 15:54:51 2018
| Host         : DESKTOP-RQADDVB running 64-bit major release  (build 9200)
| Command      : report_control_sets -verbose -file SevenSegment_wrapper_control_sets_placed.rpt
| Design       : SevenSegment_wrapper
| Device       : xc7a35t
-------------------------------------------------------------------------------------------------

Control Set Information

Table of Contents
-----------------
1. Summary
2. Flip-Flop Distribution
3. Detailed Control Set Information

1. Summary
----------

+-------------------------------------------------------------------+-------+
|                               Status                              | Count |
+-------------------------------------------------------------------+-------+
| Number of unique control sets                                     |     7 |
| Minimum Number of register sites lost to control set restrictions |    29 |
+-------------------------------------------------------------------+-------+


2. Flip-Flop Distribution
-------------------------

+--------------+-----------------------+------------------------+-----------------+--------------+
| Clock Enable | Synchronous Set/Reset | Asynchronous Set/Reset | Total Registers | Total Slices |
+--------------+-----------------------+------------------------+-----------------+--------------+
| No           | No                    | No                     |              11 |            8 |
| No           | No                    | Yes                    |               0 |            0 |
| No           | Yes                   | No                     |              40 |           10 |
| Yes          | No                    | No                     |               0 |            0 |
| Yes          | No                    | Yes                    |               0 |            0 |
| Yes          | Yes                   | No                     |               0 |            0 |
+--------------+-----------------------+------------------------+-----------------+--------------+


3. Detailed Control Set Information
-----------------------------------

+-------------------------------------------------------------------------------------+---------------+------------------------------------------------------------------------------------+------------------+----------------+
|                                     Clock Signal                                    | Enable Signal |                                  Set/Reset Signal                                  | Slice Load Count | Bel Load Count |
+-------------------------------------------------------------------------------------+---------------+------------------------------------------------------------------------------------+------------------+----------------+
|  SevenSegment_i/c_shift_ram_0/U0/i_synth/i_bb_inst/gen_output_regs.output_regs/q[0] |               |                                                                                    |                1 |              1 |
|  SevenSegment_i/SevenSegmentDriver_0/inst/Mux/dp_reg_i_2_n_0                        |               |                                                                                    |                1 |              1 |
|  SevenSegment_i/c_shift_ram_1/U0/i_synth/i_bb_inst/gen_output_regs.output_regs/q[0] |               |                                                                                    |                1 |              2 |
|  SevenSegment_i/SevenSegmentDriver_0/inst/clkInst/refClk                            |               |                                                                                    |                1 |              2 |
|  SevenSegment_i/clk_wiz_0/inst/clk_out1                                             |               |                                                                                    |                4 |              5 |
|  SevenSegment_i/c_shift_ram_2/U0/i_synth/i_bb_inst/gen_output_regs.output_regs/q[0] |               | SevenSegment_i/c_shift_ram_3/U0/i_synth/i_bb_inst/gen_output_regs.output_regs/q[0] |                4 |             16 |
|  SevenSegment_i/clk_wiz_0/inst/clk_out1                                             |               | SevenSegment_i/SevenSegmentDriver_0/inst/clkInst/refClk_0                          |                6 |             24 |
+-------------------------------------------------------------------------------------+---------------+------------------------------------------------------------------------------------+------------------+----------------+


