#-----------------------------------------------------------
# Vivado v2015.4 (64-bit)
# SW Build 1412921 on Wed Nov 18 09:43:45 MST 2015
# IP Build 1412160 on Tue Nov 17 13:47:24 MST 2015
# Start of session at: Thu Mar 29 14:01:54 2018
# Process ID: 15776
# Current directory: C:/ECE_3700/3700-supreme-fiesta/1_Embedded_Processor_Systems/1_3_Axi-Periferal
# Command line: vivado.exe -gui_launcher_event rodinguilauncherevent2668 C:\ECE_3700\3700-supreme-fiesta\1_Embedded_Processor_Systems\1_3_Axi-Periferal\1_3_Axi-Periferal.xpr
# Log file: C:/ECE_3700/3700-supreme-fiesta/1_Embedded_Processor_Systems/1_3_Axi-Periferal/vivado.log
# Journal file: C:/ECE_3700/3700-supreme-fiesta/1_Embedded_Processor_Systems/1_3_Axi-Periferal\vivado.jou
#-----------------------------------------------------------
start_gui
open_project C:/ECE_3700/3700-supreme-fiesta/1_Embedded_Processor_Systems/1_3_Axi-Periferal/1_3_Axi-Periferal.xpr
Scanning sources...
Finished scanning sources
CRITICAL WARNING: [Board 49-67] The board_part definition was not found for digilentinc.com:basys3:part0:1.1. Valid board_part values can be retrieved with the 'get_board_parts' Tcl command.
INFO: [IP_Flow 19-234] Refreshing IP repositories
INFO: [IP_Flow 19-1700] Loaded user IP repository 'c:/ECE_3700/3700-supreme-fiesta/1_Embedded_Processor_Systems/ip_repo/AXI_SevenSegmentDriver_1.0'.
INFO: [IP_Flow 19-1700] Loaded user IP repository 'c:/ECE_3700/3700-supreme-fiesta/IP_REPO'.
INFO: [IP_Flow 19-2313] Loaded Vivado IP repository 'C:/Xilinx/Vivado/2015.4/data/ip'.
WARNING: [BD 41-1661] One or more IPs have been locked in the design 'SevenSegment.bd'. Please run report_ip_status for more details and recommendations on how to fix this issue.
List of locked IPs:
SevenSegment_clk_wiz_0_1

WARNING: [BD 41-1661] One or more IPs have been locked in the design 'ublaze.bd'. Please run report_ip_status for more details and recommendations on how to fix this issue.
List of locked IPs:
ublaze_clk_wiz_1_0
ublaze_axi_uartlite_0_0
ublaze_rst_clk_wiz_1_100M_0

open_project: Time (s): cpu = 00:01:19 ; elapsed = 00:00:47 . Memory (MB): peak = 851.492 ; gain = 272.512
exit
INFO: [Common 17-206] Exiting Vivado at Thu Mar 29 15:25:21 2018...
