#-----------------------------------------------------------
# Webtalk v2015.4 (64-bit)
# SW Build 1412921 on Wed Nov 18 09:44:32 MST 2015
# 
# Start of session at: Tue Apr  3 16:01:03 2018
# Process ID: 19413
# Current directory: /home/taylor/ECE_3700/ECE3700/project_1/project_1.sdk/webtalk
# Command line: wbtcv -mode batch -source sdk_webtalk.tcl
# Log file: /home/taylor/ECE_3700/ECE3700/project_1/project_1.sdk/webtalk/webtalk.log
# Journal file: /home/taylor/ECE_3700/ECE3700/project_1/project_1.sdk/webtalk/webtalk.jou
#-----------------------------------------------------------
source sdk_webtalk.tcl
# webtalk_init -webtalk_dir /home/taylor/ECE_3700/ECE3700/project_1/project_1.sdk/webtalk
# webtalk_register_client -client project
# webtalk_add_data -client project -key date_generated -value "Tue Apr 3 16:01:03 2018" -context "software_version_and_target_device"
# webtalk_add_data -client project -key product_version -value "SDK v2015.4" -context "software_version_and_target_device"
# webtalk_add_data -client project -key build_version -value "2015.4" -context "software_version_and_target_device"
# webtalk_add_data -client project -key os_platform -value "amd64" -context "software_version_and_target_device"
# webtalk_add_data -client project -key registration_id -value "" -context "software_version_and_target_device"
# webtalk_add_data -client project -key tool_flow -value "SDK" -context "software_version_and_target_device"
# webtalk_add_data -client project -key beta -value "false" -context "software_version_and_target_device"
# webtalk_add_data -client project -key route_design -value "NA" -context "software_version_and_target_device"
# webtalk_add_data -client project -key target_family -value "NA" -context "software_version_and_target_device"
# webtalk_add_data -client project -key target_device -value "NA" -context "software_version_and_target_device"
# webtalk_add_data -client project -key target_package -value "NA" -context "software_version_and_target_device"
# webtalk_add_data -client project -key target_speed -value "NA" -context "software_version_and_target_device"
# webtalk_add_data -client project -key random_id -value "46ianjh0fpegib57apultirij7" -context "software_version_and_target_device"
# webtalk_add_data -client project -key project_id -value "2015.4_2" -context "software_version_and_target_device"
# webtalk_add_data -client project -key project_iteration -value "2" -context "software_version_and_target_device"
# webtalk_add_data -client project -key os_name -value "" -context "user_environment"
# webtalk_add_data -client project -key os_release -value "" -context "user_environment"
# webtalk_add_data -client project -key cpu_name -value "" -context "user_environment"
# webtalk_add_data -client project -key cpu_speed -value "" -context "user_environment"
# webtalk_add_data -client project -key total_processors -value "" -context "user_environment"
# webtalk_add_data -client project -key system_ram -value "" -context "user_environment"
# webtalk_register_client -client sdk
# webtalk_add_data -client sdk -key uid -value "1522792551000" -context "sdk\\\\hardware/1522792551000"
# webtalk_add_data -client sdk -key isZynq -value "false" -context "sdk\\\\hardware/1522792551000"
# webtalk_add_data -client sdk -key Processors -value "1" -context "sdk\\\\hardware/1522792551000"
# webtalk_add_data -client sdk -key VivadoVersion -value "2015.4" -context "sdk\\\\hardware/1522792551000"
# webtalk_add_data -client sdk -key Arch -value "artix7" -context "sdk\\\\hardware/1522792551000"
# webtalk_add_data -client sdk -key Device -value "7a35t" -context "sdk\\\\hardware/1522792551000"
# webtalk_add_data -client sdk -key IsHandoff -value "true" -context "sdk\\\\hardware/1522792551000"
# webtalk_transmit -clientid 1750767310 -regid "" -xml /home/taylor/ECE_3700/ECE3700/project_1/project_1.sdk/webtalk/usage_statistics_ext_sdk.xml -html /home/taylor/ECE_3700/ECE3700/project_1/project_1.sdk/webtalk/usage_statistics_ext_sdk.html -wdm /home/taylor/ECE_3700/ECE3700/project_1/project_1.sdk/webtalk/sdk_webtalk.wdm -intro "<H3>SDK Usage Report</H3><BR>"

    while executing
"webtalk_transmit -clientid 1750767310 -regid "" -xml /home/taylor/ECE_3700/ECE3700/project_1/project_1.sdk/webtalk/usage_statistics_ext_sdk.xml -html ..."
    (file "sdk_webtalk.tcl" line 32)
INFO: [Common 17-206] Exiting Webtalk at Tue Apr  3 16:01:04 2018...
